[1.146s] DEBUG:colcon:Command line arguments: ['/usr/bin/colcon', 'build', '--symlink-install', '--event-handlers', 'console_cohesion+', '--base-paths', '/home/ram-user/Documents/ASDfR/ros2_ws_a1', '--cmake-args', '-DCMAKE_BUILD_TYPE=RelWithDebInfo']
[1.146s] DEBUG:colcon:Parsed command line arguments: Namespace(log_base=None, log_level=None, verb_name='build', build_base='build', install_base='install', merge_install=False, symlink_install=True, test_result_base=None, continue_on_error=False, executor='parallel', parallel_workers=2, event_handlers=['console_cohesion+'], ignore_user_meta=False, metas=['./colcon.meta'], base_paths=['/home/ram-user/Documents/ASDfR/ros2_ws_a1'], packages_ignore=None, packages_ignore_regex=None, paths=None, packages_up_to=None, packages_up_to_regex=None, packages_above=None, packages_above_and_dependencies=None, packages_above_depth=None, packages_select_by_dep=None, packages_skip_by_dep=None, packages_skip_up_to=None, packages_select_build_failed=False, packages_skip_build_finished=False, packages_select_test_failures=False, packages_skip_test_passed=False, packages_select=None, packages_skip=None, packages_select_regex=None, packages_skip_regex=None, packages_start=None, packages_end=None, allow_overriding=[], cmake_args=['-DCMAKE_BUILD_TYPE=RelWithDebInfo'], cmake_target=None, cmake_target_skip_unavailable=False, cmake_clean_cache=False, cmake_clean_first=False, cmake_force_configure=False, ament_cmake_args=None, catkin_cmake_args=None, catkin_skip_building_tests=False, verb_parser=<colcon_defaults.argument_parser.defaults.DefaultArgumentsDecorator object at 0x7fa77d8a06d0>, verb_extension=<colcon_core.verb.build.BuildVerb object at 0x7fa77e36e020>, main=<bound method BuildVerb.main of <colcon_core.verb.build.BuildVerb object at 0x7fa77e36e020>>)
[1.269s] Level 1:colcon.colcon_core.package_discovery:discover_packages(colcon_meta) check parameters
[1.270s] Level 1:colcon.colcon_core.package_discovery:discover_packages(recursive) check parameters
[1.270s] Level 1:colcon.colcon_core.package_discovery:discover_packages(ignore) check parameters
[1.270s] Level 1:colcon.colcon_core.package_discovery:discover_packages(path) check parameters
[1.271s] Level 1:colcon.colcon_core.package_discovery:discover_packages(recursive) discover
[1.271s] INFO:colcon.colcon_core.package_discovery:Crawling recursively for packages in '/home/ram-user/Documents/ASDfR/ros2_ws_a1'
[1.273s] Level 1:colcon.colcon_core.package_identification:_identify(/home/ram-user/Documents/ASDfR/ros2_ws_a1) by extensions ['ignore', 'ignore_ament_install']
[1.274s] Level 1:colcon.colcon_core.package_identification:_identify(/home/ram-user/Documents/ASDfR/ros2_ws_a1) by extension 'ignore'
[1.275s] Level 1:colcon.colcon_core.package_identification:_identify(/home/ram-user/Documents/ASDfR/ros2_ws_a1) by extension 'ignore_ament_install'
[1.275s] Level 1:colcon.colcon_core.package_identification:_identify(/home/ram-user/Documents/ASDfR/ros2_ws_a1) by extensions ['colcon_pkg']
[1.275s] Level 1:colcon.colcon_core.package_identification:_identify(/home/ram-user/Documents/ASDfR/ros2_ws_a1) by extension 'colcon_pkg'
[1.275s] Level 1:colcon.colcon_core.package_identification:_identify(/home/ram-user/Documents/ASDfR/ros2_ws_a1) by extensions ['colcon_meta']
[1.276s] Level 1:colcon.colcon_core.package_identification:_identify(/home/ram-user/Documents/ASDfR/ros2_ws_a1) by extension 'colcon_meta'
[1.276s] Level 1:colcon.colcon_core.package_identification:_identify(/home/ram-user/Documents/ASDfR/ros2_ws_a1) by extensions ['ros']
[1.276s] Level 1:colcon.colcon_core.package_identification:_identify(/home/ram-user/Documents/ASDfR/ros2_ws_a1) by extension 'ros'
[1.316s] Level 1:colcon.colcon_core.package_identification:_identify(/home/ram-user/Documents/ASDfR/ros2_ws_a1) by extensions ['cmake', 'python']
[1.316s] Level 1:colcon.colcon_core.package_identification:_identify(/home/ram-user/Documents/ASDfR/ros2_ws_a1) by extension 'cmake'
[1.317s] Level 1:colcon.colcon_core.package_identification:_identify(/home/ram-user/Documents/ASDfR/ros2_ws_a1) by extension 'python'
[1.317s] Level 1:colcon.colcon_core.package_identification:_identify(/home/ram-user/Documents/ASDfR/ros2_ws_a1) by extensions ['python_setup_py']
[1.318s] Level 1:colcon.colcon_core.package_identification:_identify(/home/ram-user/Documents/ASDfR/ros2_ws_a1) by extension 'python_setup_py'
[1.319s] Level 1:colcon.colcon_core.package_identification:_identify(/home/ram-user/Documents/ASDfR/ros2_ws_a1/build) by extensions ['ignore', 'ignore_ament_install']
[1.331s] Level 1:colcon.colcon_core.package_identification:_identify(/home/ram-user/Documents/ASDfR/ros2_ws_a1/build) by extension 'ignore'
[1.332s] Level 1:colcon.colcon_core.package_identification:_identify(/home/ram-user/Documents/ASDfR/ros2_ws_a1/build) ignored
[1.332s] Level 1:colcon.colcon_core.package_identification:_identify(/home/ram-user/Documents/ASDfR/ros2_ws_a1/install) by extensions ['ignore', 'ignore_ament_install']
[1.333s] Level 1:colcon.colcon_core.package_identification:_identify(/home/ram-user/Documents/ASDfR/ros2_ws_a1/install) by extension 'ignore'
[1.333s] Level 1:colcon.colcon_core.package_identification:_identify(/home/ram-user/Documents/ASDfR/ros2_ws_a1/install) ignored
[1.333s] Level 1:colcon.colcon_core.package_identification:_identify(/home/ram-user/Documents/ASDfR/ros2_ws_a1/log) by extensions ['ignore', 'ignore_ament_install']
[1.334s] Level 1:colcon.colcon_core.package_identification:_identify(/home/ram-user/Documents/ASDfR/ros2_ws_a1/log) by extension 'ignore'
[1.334s] Level 1:colcon.colcon_core.package_identification:_identify(/home/ram-user/Documents/ASDfR/ros2_ws_a1/log) ignored
[1.335s] Level 1:colcon.colcon_core.package_identification:_identify(/home/ram-user/Documents/ASDfR/ros2_ws_a1/src) by extensions ['ignore', 'ignore_ament_install']
[1.335s] Level 1:colcon.colcon_core.package_identification:_identify(/home/ram-user/Documents/ASDfR/ros2_ws_a1/src) by extension 'ignore'
[1.335s] Level 1:colcon.colcon_core.package_identification:_identify(/home/ram-user/Documents/ASDfR/ros2_ws_a1/src) by extension 'ignore_ament_install'
[1.336s] Level 1:colcon.colcon_core.package_identification:_identify(/home/ram-user/Documents/ASDfR/ros2_ws_a1/src) by extensions ['colcon_pkg']
[1.336s] Level 1:colcon.colcon_core.package_identification:_identify(/home/ram-user/Documents/ASDfR/ros2_ws_a1/src) by extension 'colcon_pkg'
[1.336s] Level 1:colcon.colcon_core.package_identification:_identify(/home/ram-user/Documents/ASDfR/ros2_ws_a1/src) by extensions ['colcon_meta']
[1.336s] Level 1:colcon.colcon_core.package_identification:_identify(/home/ram-user/Documents/ASDfR/ros2_ws_a1/src) by extension 'colcon_meta'
[1.337s] Level 1:colcon.colcon_core.package_identification:_identify(/home/ram-user/Documents/ASDfR/ros2_ws_a1/src) by extensions ['ros']
[1.338s] Level 1:colcon.colcon_core.package_identification:_identify(/home/ram-user/Documents/ASDfR/ros2_ws_a1/src) by extension 'ros'
[1.340s] Level 1:colcon.colcon_core.package_identification:_identify(/home/ram-user/Documents/ASDfR/ros2_ws_a1/src) by extensions ['cmake', 'python']
[1.345s] Level 1:colcon.colcon_core.package_identification:_identify(/home/ram-user/Documents/ASDfR/ros2_ws_a1/src) by extension 'cmake'
[1.347s] Level 1:colcon.colcon_core.package_identification:_identify(/home/ram-user/Documents/ASDfR/ros2_ws_a1/src) by extension 'python'
[1.347s] Level 1:colcon.colcon_core.package_identification:_identify(/home/ram-user/Documents/ASDfR/ros2_ws_a1/src) by extensions ['python_setup_py']
[1.348s] Level 1:colcon.colcon_core.package_identification:_identify(/home/ram-user/Documents/ASDfR/ros2_ws_a1/src) by extension 'python_setup_py'
[1.348s] Level 1:colcon.colcon_core.package_identification:_identify(/home/ram-user/Documents/ASDfR/ros2_ws_a1/src/package1) by extensions ['ignore', 'ignore_ament_install']
[1.349s] Level 1:colcon.colcon_core.package_identification:_identify(/home/ram-user/Documents/ASDfR/ros2_ws_a1/src/package1) by extension 'ignore'
[1.350s] Level 1:colcon.colcon_core.package_identification:_identify(/home/ram-user/Documents/ASDfR/ros2_ws_a1/src/package1) by extension 'ignore_ament_install'
[1.350s] Level 1:colcon.colcon_core.package_identification:_identify(/home/ram-user/Documents/ASDfR/ros2_ws_a1/src/package1) by extensions ['colcon_pkg']
[1.351s] Level 1:colcon.colcon_core.package_identification:_identify(/home/ram-user/Documents/ASDfR/ros2_ws_a1/src/package1) by extension 'colcon_pkg'
[1.351s] Level 1:colcon.colcon_core.package_identification:_identify(/home/ram-user/Documents/ASDfR/ros2_ws_a1/src/package1) by extensions ['colcon_meta']
[1.351s] Level 1:colcon.colcon_core.package_identification:_identify(/home/ram-user/Documents/ASDfR/ros2_ws_a1/src/package1) by extension 'colcon_meta'
[1.351s] Level 1:colcon.colcon_core.package_identification:_identify(/home/ram-user/Documents/ASDfR/ros2_ws_a1/src/package1) by extensions ['ros']
[1.351s] Level 1:colcon.colcon_core.package_identification:_identify(/home/ram-user/Documents/ASDfR/ros2_ws_a1/src/package1) by extension 'ros'
[1.368s] DEBUG:colcon.colcon_core.package_identification:Package '/home/ram-user/Documents/ASDfR/ros2_ws_a1/src/package1' with type 'ros.ament_cmake' and name 'package1'
[1.368s] Level 1:colcon.colcon_core.package_discovery:discover_packages(recursive) using defaults
[1.557s] Level 1:colcon.colcon_core.package_discovery:discover_packages(prefix_path) check parameters
[1.559s] Level 1:colcon.colcon_core.package_discovery:discover_packages(prefix_path) discover
[1.596s] DEBUG:colcon.colcon_installed_package_information.package_discovery:Found 284 installed packages in /opt/ros/humble
[1.605s] Level 1:colcon.colcon_core.package_discovery:discover_packages(prefix_path) using defaults
[1.879s] Level 5:colcon.colcon_core.verb:set package 'package1' build argument 'cmake_args' from command line to '['-DCMAKE_BUILD_TYPE=RelWithDebInfo']'
[1.879s] Level 5:colcon.colcon_core.verb:set package 'package1' build argument 'cmake_target' from command line to 'None'
[1.879s] Level 5:colcon.colcon_core.verb:set package 'package1' build argument 'cmake_target_skip_unavailable' from command line to 'False'
[1.879s] Level 5:colcon.colcon_core.verb:set package 'package1' build argument 'cmake_clean_cache' from command line to 'False'
[1.879s] Level 5:colcon.colcon_core.verb:set package 'package1' build argument 'cmake_clean_first' from command line to 'False'
[1.879s] Level 5:colcon.colcon_core.verb:set package 'package1' build argument 'cmake_force_configure' from command line to 'False'
[1.879s] Level 5:colcon.colcon_core.verb:set package 'package1' build argument 'ament_cmake_args' from command line to 'None'
[1.879s] Level 5:colcon.colcon_core.verb:set package 'package1' build argument 'catkin_cmake_args' from command line to 'None'
[1.879s] Level 5:colcon.colcon_core.verb:set package 'package1' build argument 'catkin_skip_building_tests' from command line to 'False'
[1.880s] DEBUG:colcon.colcon_core.verb:Building package 'package1' with the following arguments: {'ament_cmake_args': None, 'build_base': '/home/ram-user/Documents/ASDfR/ros2_ws_a1/build/package1', 'catkin_cmake_args': None, 'catkin_skip_building_tests': False, 'cmake_args': ['-DCMAKE_BUILD_TYPE=RelWithDebInfo'], 'cmake_clean_cache': False, 'cmake_clean_first': False, 'cmake_force_configure': False, 'cmake_target': None, 'cmake_target_skip_unavailable': False, 'install_base': '/home/ram-user/Documents/ASDfR/ros2_ws_a1/install/package1', 'merge_install': False, 'path': '/home/ram-user/Documents/ASDfR/ros2_ws_a1/src/package1', 'symlink_install': True, 'test_result_base': None}
[1.884s] INFO:colcon.colcon_core.executor:Executing jobs using 'parallel' executor
[1.899s] DEBUG:colcon.colcon_parallel_executor.executor.parallel:run_until_complete
[1.899s] INFO:colcon.colcon_ros.task.ament_cmake.build:Building ROS package in '/home/ram-user/Documents/ASDfR/ros2_ws_a1/src/package1' with build type 'ament_cmake'
[1.902s] INFO:colcon.colcon_cmake.task.cmake.build:Building CMake package in '/home/ram-user/Documents/ASDfR/ros2_ws_a1/src/package1'
[1.933s] INFO:colcon.colcon_core.plugin_system:Skipping extension 'colcon_core.shell.bat': Not used on non-Windows systems
[1.933s] INFO:colcon.colcon_core.shell:Skip shell extension 'powershell' for command environment: Not usable outside of PowerShell
[1.934s] DEBUG:colcon.colcon_core.shell:Skip shell extension 'dsv' for command environment
[1.962s] DEBUG:colcon.colcon_core.event_handler.log_command:Invoking command in '/home/ram-user/Documents/ASDfR/ros2_ws_a1/build/package1': CMAKE_PREFIX_PATH=/opt/ros/humble /usr/bin/cmake /home/ram-user/Documents/ASDfR/ros2_ws_a1/src/package1 -DCMAKE_BUILD_TYPE=RelWithDebInfo -DAMENT_CMAKE_SYMLINK_INSTALL=1 -DCMAKE_INSTALL_PREFIX=/home/ram-user/Documents/ASDfR/ros2_ws_a1/install/package1
[2.006s] DEBUG:colcon.colcon_core.event_handler.log_command:Invoked command in '/home/ram-user/Documents/ASDfR/ros2_ws_a1/build/package1' returned '1': CMAKE_PREFIX_PATH=/opt/ros/humble /usr/bin/cmake /home/ram-user/Documents/ASDfR/ros2_ws_a1/src/package1 -DCMAKE_BUILD_TYPE=RelWithDebInfo -DAMENT_CMAKE_SYMLINK_INSTALL=1 -DCMAKE_INSTALL_PREFIX=/home/ram-user/Documents/ASDfR/ros2_ws_a1/install/package1
[2.016s] Level 1:colcon.colcon_core.environment:create_environment_scripts_only(package1)
[2.029s] Level 1:colcon.colcon_core.environment:checking '/home/ram-user/Documents/ASDfR/ros2_ws_a1/install/package1' for CMake module files
[2.041s] Level 1:colcon.colcon_core.environment:checking '/home/ram-user/Documents/ASDfR/ros2_ws_a1/install/package1' for CMake config files
[2.042s] Level 1:colcon.colcon_core.environment:checking '/home/ram-user/Documents/ASDfR/ros2_ws_a1/install/package1/bin'
[2.043s] Level 1:colcon.colcon_core.environment:checking '/home/ram-user/Documents/ASDfR/ros2_ws_a1/install/package1/lib/pkgconfig/package1.pc'
[2.043s] Level 1:colcon.colcon_core.environment:checking '/home/ram-user/Documents/ASDfR/ros2_ws_a1/install/package1/lib/python3.10/site-packages'
[2.043s] Level 1:colcon.colcon_core.environment:checking '/home/ram-user/Documents/ASDfR/ros2_ws_a1/install/package1/bin'
[2.051s] INFO:colcon.colcon_core.shell:Creating package script '/home/ram-user/Documents/ASDfR/ros2_ws_a1/install/package1/share/package1/package.ps1'
[2.061s] INFO:colcon.colcon_core.shell:Creating package descriptor '/home/ram-user/Documents/ASDfR/ros2_ws_a1/install/package1/share/package1/package.dsv'
[2.062s] INFO:colcon.colcon_core.shell:Creating package script '/home/ram-user/Documents/ASDfR/ros2_ws_a1/install/package1/share/package1/package.sh'
[2.064s] INFO:colcon.colcon_core.shell:Creating package script '/home/ram-user/Documents/ASDfR/ros2_ws_a1/install/package1/share/package1/package.bash'
[2.066s] INFO:colcon.colcon_core.shell:Creating package script '/home/ram-user/Documents/ASDfR/ros2_ws_a1/install/package1/share/package1/package.zsh'
[2.069s] Level 1:colcon.colcon_core.environment:create_file_with_runtime_dependencies(/home/ram-user/Documents/ASDfR/ros2_ws_a1/install/package1/share/colcon-core/packages/package1)
[2.073s] DEBUG:colcon.colcon_parallel_executor.executor.parallel:closing loop
[2.075s] DEBUG:colcon.colcon_parallel_executor.executor.parallel:loop closed
[2.076s] DEBUG:colcon.colcon_parallel_executor.executor.parallel:run_until_complete finished with '1'
[2.076s] DEBUG:colcon.colcon_core.event_reactor:joining thread
[2.128s] INFO:colcon.colcon_core.plugin_system:Skipping extension 'colcon_notification.desktop_notification.terminal_notifier': Not used on non-Darwin systems
[2.128s] INFO:colcon.colcon_core.plugin_system:Skipping extension 'colcon_notification.desktop_notification.win32': Not used on non-Windows systems
[2.129s] INFO:colcon.colcon_notification.desktop_notification:Sending desktop notification using 'notify2'
[2.191s] DEBUG:colcon.colcon_core.event_reactor:joined thread
[2.194s] INFO:colcon.colcon_core.shell:Creating prefix script '/home/ram-user/Documents/ASDfR/ros2_ws_a1/install/local_setup.ps1'
[2.195s] INFO:colcon.colcon_core.shell:Creating prefix util module '/home/ram-user/Documents/ASDfR/ros2_ws_a1/install/_local_setup_util_ps1.py'
[2.198s] INFO:colcon.colcon_core.shell:Creating prefix chain script '/home/ram-user/Documents/ASDfR/ros2_ws_a1/install/setup.ps1'
[2.208s] INFO:colcon.colcon_core.shell:Creating prefix script '/home/ram-user/Documents/ASDfR/ros2_ws_a1/install/local_setup.sh'
[2.209s] INFO:colcon.colcon_core.shell:Creating prefix util module '/home/ram-user/Documents/ASDfR/ros2_ws_a1/install/_local_setup_util_sh.py'
[2.210s] INFO:colcon.colcon_core.shell:Creating prefix chain script '/home/ram-user/Documents/ASDfR/ros2_ws_a1/install/setup.sh'
[2.211s] INFO:colcon.colcon_core.shell:Creating prefix script '/home/ram-user/Documents/ASDfR/ros2_ws_a1/install/local_setup.bash'
[2.212s] INFO:colcon.colcon_core.shell:Creating prefix chain script '/home/ram-user/Documents/ASDfR/ros2_ws_a1/install/setup.bash'
[2.214s] INFO:colcon.colcon_core.shell:Creating prefix script '/home/ram-user/Documents/ASDfR/ros2_ws_a1/install/local_setup.zsh'
[2.215s] INFO:colcon.colcon_core.shell:Creating prefix chain script '/home/ram-user/Documents/ASDfR/ros2_ws_a1/install/setup.zsh'
