[0.064s] Invoking command in '/home/ram-user/Documents/ASDfR/ros2_ws_a1/build/package1': CMAKE_PREFIX_PATH=${CMAKE_PREFIX_PATH}:/opt/ros/humble /usr/bin/cmake --build /home/ram-user/Documents/ASDfR/ros2_ws_a1/build/package1 -- -j2 -l2
[0.150s] -- Found ament_cmake: 1.3.3 (/opt/ros/humble/share/ament_cmake/cmake)
[0.567s] -- Override CMake install command with custom implementation using symlinks instead of copying resources
[0.579s] -- Found rclcpp: 16.0.3 (/opt/ros/humble/share/rclcpp/cmake)
[0.663s] -- Found rosidl_generator_c: 3.1.4 (/opt/ros/humble/share/rosidl_generator_c/cmake)
[0.699s] -- Found rosidl_adapter: 3.1.4 (/opt/ros/humble/share/rosidl_adapter/cmake)
[0.717s] -- Found rosidl_generator_cpp: 3.1.4 (/opt/ros/humble/share/rosidl_generator_cpp/cmake)
[0.746s] -- Using all available rosidl_typesupport_c: rosidl_typesupport_fastrtps_c;rosidl_typesupport_introspection_c
[0.792s] -- Using all available rosidl_typesupport_cpp: rosidl_typesupport_fastrtps_cpp;rosidl_typesupport_introspection_cpp
[0.915s] -- Found rmw_implementation_cmake: 6.1.1 (/opt/ros/humble/share/rmw_implementation_cmake/cmake)
[0.918s] -- Found rmw_fastrtps_cpp: 6.2.2 (/opt/ros/humble/share/rmw_fastrtps_cpp/cmake)
[1.281s] -- Using RMW implementation 'rmw_fastrtps_cpp' as default
[1.692s] -- Found rclcpp_components: 16.0.3 (/opt/ros/humble/share/rclcpp_components/cmake)
[1.839s] -- Found sensor_msgs: 4.2.3 (/opt/ros/humble/share/sensor_msgs/cmake)
[2.195s] -- Found ament_lint_auto: 0.12.5 (/opt/ros/humble/share/ament_lint_auto/cmake)
[2.440s] -- Found python_cmake_module: 0.10.0 (/opt/ros/humble/share/python_cmake_module/cmake)
[2.492s] -- Using PYTHON_EXECUTABLE: /usr/bin/python3
[2.493s] -- Using PYTHON_INCLUDE_DIRS: /usr/include/python3.10
[2.493s] -- Using PYTHON_LIBRARIES: /usr/lib/x86_64-linux-gnu/libpython3.10.so
[2.546s] -- Added test 'copyright' to check source files copyright and LICENSE
[2.550s] -- Added test 'cppcheck' to perform static code analysis on C / C++ code
[2.550s] -- Configured cppcheck include dirs: $<BUILD_INTERFACE:/home/ram-user/Documents/ASDfR/ros2_ws_a1/src/package1/include>
[2.550s] -- Configured cppcheck exclude dirs and/or files: 
[2.551s] -- Added test 'cpplint' to check C / C++ code against the Google style
[2.552s] -- Configured cpplint exclude dirs and/or files: 
[2.552s] -- Added test 'flake8' to check Python code syntax and style conventions
[2.554s] -- Added test 'lint_cmake' to check CMake code style
[2.556s] -- Added test 'pep257' to check Python code against some of the docstring style conventions in PEP 257
[2.560s] -- Added test 'uncrustify' to check C / C++ code style
[2.560s] -- Configured uncrustify additional arguments: 
[2.562s] -- Added test 'xmllint' to check XML markup files
[2.563s] -- Configuring done
[2.568s] [31mCMake Error at CMakeLists.txt:19 (add_library):
[2.568s]   Cannot find source file:
[2.568s] 
[2.568s]     src/showimage.cpp
[2.568s] 
[2.568s]   Tried extensions .c .C .c++ .cc .cpp .cxx .cu .mpp .m .M .mm .ixx .cppm .h
[2.568s]   .hh .h++ .hm .hpp .hxx .in .txx .f .F .for .f77 .f90 .f95 .f03 .hip .ispc
[2.569s] 
[2.569s] [0m
[2.572s] [31mCMake Error at CMakeLists.txt:19 (add_library):
[2.572s]   No SOURCES given to target: package1
[2.572s] 
[2.572s] [0m
[2.572s] [0mCMake Generate step failed.  Build files cannot be regenerated correctly.[0m
[2.586s] gmake: *** [Makefile:267: cmake_check_build_system] Error 1
[2.593s] Invoked command in '/home/ram-user/Documents/ASDfR/ros2_ws_a1/build/package1' returned '2': CMAKE_PREFIX_PATH=${CMAKE_PREFIX_PATH}:/opt/ros/humble /usr/bin/cmake --build /home/ram-user/Documents/ASDfR/ros2_ws_a1/build/package1 -- -j2 -l2
