[0.017s] Invoking command in '/home/ram-user/Documents/ASDfR/ros2_ws_a1/build/package1': CMAKE_PREFIX_PATH=${CMAKE_PREFIX_PATH}:/opt/ros/humble /usr/bin/cmake --build /home/ram-user/Documents/ASDfR/ros2_ws_a1/build/package1 -- -j2 -l2
[0.076s] [35m[1mConsolidate compiler generated dependencies of target start_node[0m
[0.091s] [100%] Built target start_node
[0.107s] Invoked command in '/home/ram-user/Documents/ASDfR/ros2_ws_a1/build/package1' returned '0': CMAKE_PREFIX_PATH=${CMAKE_PREFIX_PATH}:/opt/ros/humble /usr/bin/cmake --build /home/ram-user/Documents/ASDfR/ros2_ws_a1/build/package1 -- -j2 -l2
[0.161s] Invoking command in '/home/ram-user/Documents/ASDfR/ros2_ws_a1/build/package1': CMAKE_PREFIX_PATH=${CMAKE_PREFIX_PATH}:/opt/ros/humble /usr/bin/cmake --install /home/ram-user/Documents/ASDfR/ros2_ws_a1/build/package1
[0.175s] -- Install configuration: ""
[0.177s] -- Up-to-date: /home/ram-user/Documents/ASDfR/ros2_ws_a1/install/package1/lib/package1/start_node
[0.177s] -- Up-to-date: /home/ram-user/Documents/ASDfR/ros2_ws_a1/install/package1/share/ament_index/resource_index/package_run_dependencies/package1
[0.177s] -- Up-to-date: /home/ram-user/Documents/ASDfR/ros2_ws_a1/install/package1/share/ament_index/resource_index/parent_prefix_path/package1
[0.178s] -- Up-to-date: /home/ram-user/Documents/ASDfR/ros2_ws_a1/install/package1/share/package1/environment/ament_prefix_path.sh
[0.178s] -- Up-to-date: /home/ram-user/Documents/ASDfR/ros2_ws_a1/install/package1/share/package1/environment/ament_prefix_path.dsv
[0.178s] -- Up-to-date: /home/ram-user/Documents/ASDfR/ros2_ws_a1/install/package1/share/package1/environment/path.sh
[0.178s] -- Up-to-date: /home/ram-user/Documents/ASDfR/ros2_ws_a1/install/package1/share/package1/environment/path.dsv
[0.178s] -- Up-to-date: /home/ram-user/Documents/ASDfR/ros2_ws_a1/install/package1/share/package1/local_setup.bash
[0.178s] -- Up-to-date: /home/ram-user/Documents/ASDfR/ros2_ws_a1/install/package1/share/package1/local_setup.sh
[0.178s] -- Up-to-date: /home/ram-user/Documents/ASDfR/ros2_ws_a1/install/package1/share/package1/local_setup.zsh
[0.178s] -- Up-to-date: /home/ram-user/Documents/ASDfR/ros2_ws_a1/install/package1/share/package1/local_setup.dsv
[0.178s] -- Up-to-date: /home/ram-user/Documents/ASDfR/ros2_ws_a1/install/package1/share/package1/package.dsv
[0.179s] -- Up-to-date: /home/ram-user/Documents/ASDfR/ros2_ws_a1/install/package1/share/ament_index/resource_index/packages/package1
[0.181s] -- Up-to-date: /home/ram-user/Documents/ASDfR/ros2_ws_a1/install/package1/share/package1/cmake/package1Config.cmake
[0.181s] -- Up-to-date: /home/ram-user/Documents/ASDfR/ros2_ws_a1/install/package1/share/package1/cmake/package1Config-version.cmake
[0.181s] -- Up-to-date: /home/ram-user/Documents/ASDfR/ros2_ws_a1/install/package1/share/package1/package.xml
[0.191s] Invoked command in '/home/ram-user/Documents/ASDfR/ros2_ws_a1/build/package1' returned '0': CMAKE_PREFIX_PATH=${CMAKE_PREFIX_PATH}:/opt/ros/humble /usr/bin/cmake --install /home/ram-user/Documents/ASDfR/ros2_ws_a1/build/package1
