[0.792s] DEBUG:colcon:Command line arguments: ['/usr/bin/colcon', 'build', '--symlink-install', '--event-handlers', 'console_cohesion+', '--base-paths', '/home/ram-user/Documents/ASDfR/ros2_ws_a1', '--cmake-args', '-DCMAKE_BUILD_TYPE=RelWithDebInfo']
[0.793s] DEBUG:colcon:Parsed command line arguments: Namespace(log_base=None, log_level=None, verb_name='build', build_base='build', install_base='install', merge_install=False, symlink_install=True, test_result_base=None, continue_on_error=False, executor='parallel', parallel_workers=2, event_handlers=['console_cohesion+'], ignore_user_meta=False, metas=['./colcon.meta'], base_paths=['/home/ram-user/Documents/ASDfR/ros2_ws_a1'], packages_ignore=None, packages_ignore_regex=None, paths=None, packages_up_to=None, packages_up_to_regex=None, packages_above=None, packages_above_and_dependencies=None, packages_above_depth=None, packages_select_by_dep=None, packages_skip_by_dep=None, packages_skip_up_to=None, packages_select_build_failed=False, packages_skip_build_finished=False, packages_select_test_failures=False, packages_skip_test_passed=False, packages_select=None, packages_skip=None, packages_select_regex=None, packages_skip_regex=None, packages_start=None, packages_end=None, allow_overriding=[], cmake_args=['-DCMAKE_BUILD_TYPE=RelWithDebInfo'], cmake_target=None, cmake_target_skip_unavailable=False, cmake_clean_cache=False, cmake_clean_first=False, cmake_force_configure=False, ament_cmake_args=None, catkin_cmake_args=None, catkin_skip_building_tests=False, verb_parser=<colcon_defaults.argument_parser.defaults.DefaultArgumentsDecorator object at 0x7f592a5f0580>, verb_extension=<colcon_core.verb.build.BuildVerb object at 0x7f592aec6170>, main=<bound method BuildVerb.main of <colcon_core.verb.build.BuildVerb object at 0x7f592aec6170>>)
[0.915s] Level 1:colcon.colcon_core.package_discovery:discover_packages(colcon_meta) check parameters
[0.915s] Level 1:colcon.colcon_core.package_discovery:discover_packages(recursive) check parameters
[0.915s] Level 1:colcon.colcon_core.package_discovery:discover_packages(ignore) check parameters
[0.915s] Level 1:colcon.colcon_core.package_discovery:discover_packages(path) check parameters
[0.915s] Level 1:colcon.colcon_core.package_discovery:discover_packages(recursive) discover
[0.915s] INFO:colcon.colcon_core.package_discovery:Crawling recursively for packages in '/home/ram-user/Documents/ASDfR/ros2_ws_a1'
[0.916s] Level 1:colcon.colcon_core.package_identification:_identify(/home/ram-user/Documents/ASDfR/ros2_ws_a1) by extensions ['ignore', 'ignore_ament_install']
[0.916s] Level 1:colcon.colcon_core.package_identification:_identify(/home/ram-user/Documents/ASDfR/ros2_ws_a1) by extension 'ignore'
[0.916s] Level 1:colcon.colcon_core.package_identification:_identify(/home/ram-user/Documents/ASDfR/ros2_ws_a1) by extension 'ignore_ament_install'
[0.916s] Level 1:colcon.colcon_core.package_identification:_identify(/home/ram-user/Documents/ASDfR/ros2_ws_a1) by extensions ['colcon_pkg']
[0.916s] Level 1:colcon.colcon_core.package_identification:_identify(/home/ram-user/Documents/ASDfR/ros2_ws_a1) by extension 'colcon_pkg'
[0.917s] Level 1:colcon.colcon_core.package_identification:_identify(/home/ram-user/Documents/ASDfR/ros2_ws_a1) by extensions ['colcon_meta']
[0.917s] Level 1:colcon.colcon_core.package_identification:_identify(/home/ram-user/Documents/ASDfR/ros2_ws_a1) by extension 'colcon_meta'
[0.929s] Level 1:colcon.colcon_core.package_identification:_identify(/home/ram-user/Documents/ASDfR/ros2_ws_a1) by extensions ['ros']
[0.929s] Level 1:colcon.colcon_core.package_identification:_identify(/home/ram-user/Documents/ASDfR/ros2_ws_a1) by extension 'ros'
[0.973s] Level 1:colcon.colcon_core.package_identification:_identify(/home/ram-user/Documents/ASDfR/ros2_ws_a1) by extensions ['cmake', 'python']
[0.973s] Level 1:colcon.colcon_core.package_identification:_identify(/home/ram-user/Documents/ASDfR/ros2_ws_a1) by extension 'cmake'
[0.973s] Level 1:colcon.colcon_core.package_identification:_identify(/home/ram-user/Documents/ASDfR/ros2_ws_a1) by extension 'python'
[0.973s] Level 1:colcon.colcon_core.package_identification:_identify(/home/ram-user/Documents/ASDfR/ros2_ws_a1) by extensions ['python_setup_py']
[0.973s] Level 1:colcon.colcon_core.package_identification:_identify(/home/ram-user/Documents/ASDfR/ros2_ws_a1) by extension 'python_setup_py'
[0.974s] Level 1:colcon.colcon_core.package_identification:_identify(/home/ram-user/Documents/ASDfR/ros2_ws_a1/build) by extensions ['ignore', 'ignore_ament_install']
[0.974s] Level 1:colcon.colcon_core.package_identification:_identify(/home/ram-user/Documents/ASDfR/ros2_ws_a1/build) by extension 'ignore'
[0.974s] Level 1:colcon.colcon_core.package_identification:_identify(/home/ram-user/Documents/ASDfR/ros2_ws_a1/build) ignored
[0.974s] Level 1:colcon.colcon_core.package_identification:_identify(/home/ram-user/Documents/ASDfR/ros2_ws_a1/install) by extensions ['ignore', 'ignore_ament_install']
[0.975s] Level 1:colcon.colcon_core.package_identification:_identify(/home/ram-user/Documents/ASDfR/ros2_ws_a1/install) by extension 'ignore'
[0.975s] Level 1:colcon.colcon_core.package_identification:_identify(/home/ram-user/Documents/ASDfR/ros2_ws_a1/install) ignored
[0.975s] Level 1:colcon.colcon_core.package_identification:_identify(/home/ram-user/Documents/ASDfR/ros2_ws_a1/log) by extensions ['ignore', 'ignore_ament_install']
[0.975s] Level 1:colcon.colcon_core.package_identification:_identify(/home/ram-user/Documents/ASDfR/ros2_ws_a1/log) by extension 'ignore'
[0.975s] Level 1:colcon.colcon_core.package_identification:_identify(/home/ram-user/Documents/ASDfR/ros2_ws_a1/log) ignored
[0.976s] Level 1:colcon.colcon_core.package_identification:_identify(/home/ram-user/Documents/ASDfR/ros2_ws_a1/src) by extensions ['ignore', 'ignore_ament_install']
[0.976s] Level 1:colcon.colcon_core.package_identification:_identify(/home/ram-user/Documents/ASDfR/ros2_ws_a1/src) by extension 'ignore'
[0.976s] Level 1:colcon.colcon_core.package_identification:_identify(/home/ram-user/Documents/ASDfR/ros2_ws_a1/src) by extension 'ignore_ament_install'
[0.976s] Level 1:colcon.colcon_core.package_identification:_identify(/home/ram-user/Documents/ASDfR/ros2_ws_a1/src) by extensions ['colcon_pkg']
[0.976s] Level 1:colcon.colcon_core.package_identification:_identify(/home/ram-user/Documents/ASDfR/ros2_ws_a1/src) by extension 'colcon_pkg'
[0.976s] Level 1:colcon.colcon_core.package_identification:_identify(/home/ram-user/Documents/ASDfR/ros2_ws_a1/src) by extensions ['colcon_meta']
[0.976s] Level 1:colcon.colcon_core.package_identification:_identify(/home/ram-user/Documents/ASDfR/ros2_ws_a1/src) by extension 'colcon_meta'
[0.976s] Level 1:colcon.colcon_core.package_identification:_identify(/home/ram-user/Documents/ASDfR/ros2_ws_a1/src) by extensions ['ros']
[0.976s] Level 1:colcon.colcon_core.package_identification:_identify(/home/ram-user/Documents/ASDfR/ros2_ws_a1/src) by extension 'ros'
[0.977s] Level 1:colcon.colcon_core.package_identification:_identify(/home/ram-user/Documents/ASDfR/ros2_ws_a1/src) by extensions ['cmake', 'python']
[0.977s] Level 1:colcon.colcon_core.package_identification:_identify(/home/ram-user/Documents/ASDfR/ros2_ws_a1/src) by extension 'cmake'
[0.977s] Level 1:colcon.colcon_core.package_identification:_identify(/home/ram-user/Documents/ASDfR/ros2_ws_a1/src) by extension 'python'
[0.977s] Level 1:colcon.colcon_core.package_identification:_identify(/home/ram-user/Documents/ASDfR/ros2_ws_a1/src) by extensions ['python_setup_py']
[0.977s] Level 1:colcon.colcon_core.package_identification:_identify(/home/ram-user/Documents/ASDfR/ros2_ws_a1/src) by extension 'python_setup_py'
[0.977s] Level 1:colcon.colcon_core.package_identification:_identify(/home/ram-user/Documents/ASDfR/ros2_ws_a1/src/package1) by extensions ['ignore', 'ignore_ament_install']
[0.977s] Level 1:colcon.colcon_core.package_identification:_identify(/home/ram-user/Documents/ASDfR/ros2_ws_a1/src/package1) by extension 'ignore'
[0.977s] Level 1:colcon.colcon_core.package_identification:_identify(/home/ram-user/Documents/ASDfR/ros2_ws_a1/src/package1) by extension 'ignore_ament_install'
[0.977s] Level 1:colcon.colcon_core.package_identification:_identify(/home/ram-user/Documents/ASDfR/ros2_ws_a1/src/package1) by extensions ['colcon_pkg']
[0.977s] Level 1:colcon.colcon_core.package_identification:_identify(/home/ram-user/Documents/ASDfR/ros2_ws_a1/src/package1) by extension 'colcon_pkg'
[0.981s] Level 1:colcon.colcon_core.package_identification:_identify(/home/ram-user/Documents/ASDfR/ros2_ws_a1/src/package1) by extensions ['colcon_meta']
[0.981s] Level 1:colcon.colcon_core.package_identification:_identify(/home/ram-user/Documents/ASDfR/ros2_ws_a1/src/package1) by extension 'colcon_meta'
[0.982s] Level 1:colcon.colcon_core.package_identification:_identify(/home/ram-user/Documents/ASDfR/ros2_ws_a1/src/package1) by extensions ['ros']
[0.982s] Level 1:colcon.colcon_core.package_identification:_identify(/home/ram-user/Documents/ASDfR/ros2_ws_a1/src/package1) by extension 'ros'
[0.986s] DEBUG:colcon.colcon_core.package_identification:Package '/home/ram-user/Documents/ASDfR/ros2_ws_a1/src/package1' with type 'ros.ament_cmake' and name 'package1'
[0.986s] Level 1:colcon.colcon_core.package_discovery:discover_packages(recursive) using defaults
[1.076s] Level 1:colcon.colcon_core.package_discovery:discover_packages(prefix_path) check parameters
[1.076s] Level 1:colcon.colcon_core.package_discovery:discover_packages(prefix_path) discover
[1.093s] DEBUG:colcon.colcon_installed_package_information.package_discovery:Found 1 installed packages in /home/ram-user/Documents/ASDfR/ros2_ws_a1/install
[1.100s] DEBUG:colcon.colcon_installed_package_information.package_discovery:Found 284 installed packages in /opt/ros/humble
[1.102s] Level 1:colcon.colcon_core.package_discovery:discover_packages(prefix_path) using defaults
[1.290s] Level 5:colcon.colcon_core.verb:set package 'package1' build argument 'cmake_args' from command line to '['-DCMAKE_BUILD_TYPE=RelWithDebInfo']'
[1.291s] Level 5:colcon.colcon_core.verb:set package 'package1' build argument 'cmake_target' from command line to 'None'
[1.292s] Level 5:colcon.colcon_core.verb:set package 'package1' build argument 'cmake_target_skip_unavailable' from command line to 'False'
[1.292s] Level 5:colcon.colcon_core.verb:set package 'package1' build argument 'cmake_clean_cache' from command line to 'False'
[1.292s] Level 5:colcon.colcon_core.verb:set package 'package1' build argument 'cmake_clean_first' from command line to 'False'
[1.292s] Level 5:colcon.colcon_core.verb:set package 'package1' build argument 'cmake_force_configure' from command line to 'False'
[1.292s] Level 5:colcon.colcon_core.verb:set package 'package1' build argument 'ament_cmake_args' from command line to 'None'
[1.292s] Level 5:colcon.colcon_core.verb:set package 'package1' build argument 'catkin_cmake_args' from command line to 'None'
[1.292s] Level 5:colcon.colcon_core.verb:set package 'package1' build argument 'catkin_skip_building_tests' from command line to 'False'
[1.293s] DEBUG:colcon.colcon_core.verb:Building package 'package1' with the following arguments: {'ament_cmake_args': None, 'build_base': '/home/ram-user/Documents/ASDfR/ros2_ws_a1/build/package1', 'catkin_cmake_args': None, 'catkin_skip_building_tests': False, 'cmake_args': ['-DCMAKE_BUILD_TYPE=RelWithDebInfo'], 'cmake_clean_cache': False, 'cmake_clean_first': False, 'cmake_force_configure': False, 'cmake_target': None, 'cmake_target_skip_unavailable': False, 'install_base': '/home/ram-user/Documents/ASDfR/ros2_ws_a1/install/package1', 'merge_install': False, 'path': '/home/ram-user/Documents/ASDfR/ros2_ws_a1/src/package1', 'symlink_install': True, 'test_result_base': None}
[1.295s] INFO:colcon.colcon_core.executor:Executing jobs using 'parallel' executor
[1.314s] DEBUG:colcon.colcon_parallel_executor.executor.parallel:run_until_complete
[1.315s] INFO:colcon.colcon_ros.task.ament_cmake.build:Building ROS package in '/home/ram-user/Documents/ASDfR/ros2_ws_a1/src/package1' with build type 'ament_cmake'
[1.315s] INFO:colcon.colcon_cmake.task.cmake.build:Building CMake package in '/home/ram-user/Documents/ASDfR/ros2_ws_a1/src/package1'
[1.323s] INFO:colcon.colcon_core.plugin_system:Skipping extension 'colcon_core.shell.bat': Not used on non-Windows systems
[1.325s] INFO:colcon.colcon_core.shell:Skip shell extension 'powershell' for command environment: Not usable outside of PowerShell
[1.325s] DEBUG:colcon.colcon_core.shell:Skip shell extension 'dsv' for command environment
[1.373s] DEBUG:colcon.colcon_core.event_handler.log_command:Invoking command in '/home/ram-user/Documents/ASDfR/ros2_ws_a1/build/package1': CMAKE_PREFIX_PATH=${CMAKE_PREFIX_PATH}:/opt/ros/humble /usr/bin/cmake --build /home/ram-user/Documents/ASDfR/ros2_ws_a1/build/package1 -- -j2 -l2
[20.045s] DEBUG:colcon.colcon_core.event_handler.log_command:Invoked command in '/home/ram-user/Documents/ASDfR/ros2_ws_a1/build/package1' returned '2': CMAKE_PREFIX_PATH=${CMAKE_PREFIX_PATH}:/opt/ros/humble /usr/bin/cmake --build /home/ram-user/Documents/ASDfR/ros2_ws_a1/build/package1 -- -j2 -l2
[20.193s] Level 1:colcon.colcon_core.environment:create_environment_scripts_only(package1)
[20.212s] Level 1:colcon.colcon_core.environment:checking '/home/ram-user/Documents/ASDfR/ros2_ws_a1/install/package1' for CMake module files
[20.213s] Level 1:colcon.colcon_core.environment:checking '/home/ram-user/Documents/ASDfR/ros2_ws_a1/install/package1' for CMake config files
[20.213s] Level 1:colcon.colcon_core.shell:create_environment_hook('package1', 'cmake_prefix_path')
[20.215s] INFO:colcon.colcon_core.shell:Creating environment hook '/home/ram-user/Documents/ASDfR/ros2_ws_a1/install/package1/share/package1/hook/cmake_prefix_path.ps1'
[20.216s] INFO:colcon.colcon_core.shell:Creating environment descriptor '/home/ram-user/Documents/ASDfR/ros2_ws_a1/install/package1/share/package1/hook/cmake_prefix_path.dsv'
[20.224s] INFO:colcon.colcon_core.shell:Creating environment hook '/home/ram-user/Documents/ASDfR/ros2_ws_a1/install/package1/share/package1/hook/cmake_prefix_path.sh'
[20.229s] Level 1:colcon.colcon_core.environment:checking '/home/ram-user/Documents/ASDfR/ros2_ws_a1/install/package1/lib'
[20.229s] Level 1:colcon.colcon_core.environment:checking '/home/ram-user/Documents/ASDfR/ros2_ws_a1/install/package1/bin'
[20.234s] Level 1:colcon.colcon_core.environment:checking '/home/ram-user/Documents/ASDfR/ros2_ws_a1/install/package1/lib/pkgconfig/package1.pc'
[20.235s] Level 1:colcon.colcon_core.environment:checking '/home/ram-user/Documents/ASDfR/ros2_ws_a1/install/package1/lib/python3.10/site-packages'
[20.235s] Level 1:colcon.colcon_core.environment:checking '/home/ram-user/Documents/ASDfR/ros2_ws_a1/install/package1/bin'
[20.237s] INFO:colcon.colcon_core.shell:Creating package script '/home/ram-user/Documents/ASDfR/ros2_ws_a1/install/package1/share/package1/package.ps1'
[20.242s] INFO:colcon.colcon_core.shell:Creating package descriptor '/home/ram-user/Documents/ASDfR/ros2_ws_a1/install/package1/share/package1/package.dsv'
[20.244s] INFO:colcon.colcon_core.shell:Creating package script '/home/ram-user/Documents/ASDfR/ros2_ws_a1/install/package1/share/package1/package.sh'
[20.245s] INFO:colcon.colcon_core.shell:Creating package script '/home/ram-user/Documents/ASDfR/ros2_ws_a1/install/package1/share/package1/package.bash'
[20.262s] INFO:colcon.colcon_core.shell:Creating package script '/home/ram-user/Documents/ASDfR/ros2_ws_a1/install/package1/share/package1/package.zsh'
[20.265s] Level 1:colcon.colcon_core.environment:create_file_with_runtime_dependencies(/home/ram-user/Documents/ASDfR/ros2_ws_a1/install/package1/share/colcon-core/packages/package1)
[20.267s] DEBUG:colcon.colcon_parallel_executor.executor.parallel:closing loop
[20.268s] DEBUG:colcon.colcon_parallel_executor.executor.parallel:loop closed
[20.268s] DEBUG:colcon.colcon_parallel_executor.executor.parallel:run_until_complete finished with '2'
[20.268s] DEBUG:colcon.colcon_core.event_reactor:joining thread
[20.308s] INFO:colcon.colcon_core.plugin_system:Skipping extension 'colcon_notification.desktop_notification.terminal_notifier': Not used on non-Darwin systems
[20.309s] INFO:colcon.colcon_core.plugin_system:Skipping extension 'colcon_notification.desktop_notification.win32': Not used on non-Windows systems
[20.311s] INFO:colcon.colcon_notification.desktop_notification:Sending desktop notification using 'notify2'
[20.351s] DEBUG:colcon.colcon_core.event_reactor:joined thread
[20.353s] INFO:colcon.colcon_core.shell:Creating prefix script '/home/ram-user/Documents/ASDfR/ros2_ws_a1/install/local_setup.ps1'
[20.355s] INFO:colcon.colcon_core.shell:Creating prefix util module '/home/ram-user/Documents/ASDfR/ros2_ws_a1/install/_local_setup_util_ps1.py'
[20.357s] INFO:colcon.colcon_core.shell:Creating prefix chain script '/home/ram-user/Documents/ASDfR/ros2_ws_a1/install/setup.ps1'
[20.364s] INFO:colcon.colcon_core.shell:Creating prefix script '/home/ram-user/Documents/ASDfR/ros2_ws_a1/install/local_setup.sh'
[20.370s] INFO:colcon.colcon_core.shell:Creating prefix util module '/home/ram-user/Documents/ASDfR/ros2_ws_a1/install/_local_setup_util_sh.py'
[20.371s] INFO:colcon.colcon_core.shell:Creating prefix chain script '/home/ram-user/Documents/ASDfR/ros2_ws_a1/install/setup.sh'
[20.378s] INFO:colcon.colcon_core.shell:Creating prefix script '/home/ram-user/Documents/ASDfR/ros2_ws_a1/install/local_setup.bash'
[20.379s] INFO:colcon.colcon_core.shell:Creating prefix chain script '/home/ram-user/Documents/ASDfR/ros2_ws_a1/install/setup.bash'
[20.381s] INFO:colcon.colcon_core.shell:Creating prefix script '/home/ram-user/Documents/ASDfR/ros2_ws_a1/install/local_setup.zsh'
[20.394s] INFO:colcon.colcon_core.shell:Creating prefix chain script '/home/ram-user/Documents/ASDfR/ros2_ws_a1/install/setup.zsh'
