[0.045s] Invoking command in '/home/ram-user/Documents/ASDfR/ros2_ws_a1/build/package1': CMAKE_PREFIX_PATH=${CMAKE_PREFIX_PATH}:/opt/ros/humble /usr/bin/cmake --build /home/ram-user/Documents/ASDfR/ros2_ws_a1/build/package1 -- -j2 -l2
[0.136s] -- Found ament_cmake: 1.3.3 (/opt/ros/humble/share/ament_cmake/cmake)
[0.577s] -- Override CMake install command with custom implementation using symlinks instead of copying resources
[0.644s] -- Found rclcpp: 16.0.3 (/opt/ros/humble/share/rclcpp/cmake)
[0.797s] -- Found rosidl_generator_c: 3.1.4 (/opt/ros/humble/share/rosidl_generator_c/cmake)
[0.811s] -- Found rosidl_adapter: 3.1.4 (/opt/ros/humble/share/rosidl_adapter/cmake)
[0.840s] -- Found rosidl_generator_cpp: 3.1.4 (/opt/ros/humble/share/rosidl_generator_cpp/cmake)
[0.880s] -- Using all available rosidl_typesupport_c: rosidl_typesupport_fastrtps_c;rosidl_typesupport_introspection_c
[0.955s] -- Using all available rosidl_typesupport_cpp: rosidl_typesupport_fastrtps_cpp;rosidl_typesupport_introspection_cpp
[1.144s] -- Found rmw_implementation_cmake: 6.1.1 (/opt/ros/humble/share/rmw_implementation_cmake/cmake)
[1.153s] -- Found rmw_fastrtps_cpp: 6.2.2 (/opt/ros/humble/share/rmw_fastrtps_cpp/cmake)
[1.388s] -- Found OpenSSL: /usr/lib/x86_64-linux-gnu/libcrypto.so (found version "3.0.2")  
[1.436s] -- Found FastRTPS: /opt/ros/humble/include  
[1.521s] -- Using RMW implementation 'rmw_fastrtps_cpp' as default
[1.559s] -- Looking for pthread.h
[1.931s] -- Looking for pthread.h - found
[1.932s] -- Performing Test CMAKE_HAVE_LIBC_PTHREAD
[2.135s] -- Performing Test CMAKE_HAVE_LIBC_PTHREAD - Success
[2.143s] -- Found Threads: TRUE  
[2.633s] -- Found rclcpp_components: 16.0.3 (/opt/ros/humble/share/rclcpp_components/cmake)
[2.809s] -- Found sensor_msgs: 4.2.3 (/opt/ros/humble/share/sensor_msgs/cmake)
[3.244s] -- Found OpenCV: /usr (found version "4.5.4") found components: core highgui imgcodecs imgproc videoio 
[3.245s] [31mCMake Error at CMakeLists.txt:19 (aadd_library):
[3.245s]   Unknown CMake command "aadd_library".
[3.245s] 
[3.251s] [0m
[3.252s] -- Configuring incomplete, errors occurred!
[3.252s] See also "/home/ram-user/Documents/ASDfR/ros2_ws_a1/build/package1/CMakeFiles/CMakeOutput.log".
[3.276s] gmake: *** [Makefile:267: cmake_check_build_system] Error 1
[3.282s] Invoked command in '/home/ram-user/Documents/ASDfR/ros2_ws_a1/build/package1' returned '2': CMAKE_PREFIX_PATH=${CMAKE_PREFIX_PATH}:/opt/ros/humble /usr/bin/cmake --build /home/ram-user/Documents/ASDfR/ros2_ws_a1/build/package1 -- -j2 -l2
