[0.000000] (-) TimerEvent: {}
[0.004894] (package1) JobQueued: {'identifier': 'package1', 'dependencies': OrderedDict()}
[0.006882] (package1) JobStarted: {'identifier': 'package1'}
[0.068825] (package1) JobProgress: {'identifier': 'package1', 'progress': 'cmake'}
[0.070831] (package1) JobProgress: {'identifier': 'package1', 'progress': 'build'}
[0.075573] (package1) Command: {'cmd': ['/usr/bin/cmake', '--build', '/home/ram-user/Documents/ASDfR/ros2_ws_a1/build/package1', '--', '-j2', '-l2'], 'cwd': '/home/ram-user/Documents/ASDfR/ros2_ws_a1/build/package1', 'env': OrderedDict([('GJS_DEBUG_TOPICS', 'JS ERROR;JS LOG'), ('LESSOPEN', '| /usr/bin/lesspipe %s'), ('VSCODE_CWD', '/home/ram-user'), ('USER', 'ram-user'), ('SNAP_COMMON', '/var/snap/code/common'), ('LC_TIME', 'nl_NL.UTF-8'), ('VSCODE_NLS_CONFIG', '{"locale":"en-us","availableLanguages":{},"_languagePackSupport":true}'), ('VSCODE_HANDLES_UNCAUGHT_ERRORS', 'true'), ('XDG_SESSION_TYPE', 'wayland'), ('GIT_ASKPASS', '/snap/code/119/usr/share/code/resources/app/extensions/git/dist/askpass.sh'), ('SHLVL', '0'), ('LD_LIBRARY_PATH', '/opt/ros/humble/opt/rviz_ogre_vendor/lib:/opt/ros/humble/lib/x86_64-linux-gnu:/opt/ros/humble/lib'), ('HOME', '/home/ram-user'), ('CHROME_DESKTOP', 'code-url-handler.desktop'), ('SNAP_LIBRARY_PATH', '/var/lib/snapd/lib/gl:/var/lib/snapd/lib/gl32:/var/lib/snapd/void'), ('TERM_PROGRAM_VERSION', '1.75.1'), ('DESKTOP_SESSION', 'ubuntu'), ('SNAP_USER_DATA', '/home/ram-user/snap/code/119'), ('VSCODE_IPC_HOOK', '/run/user/1000/vscode-bd812c80-1.75.1-main.sock'), ('GIO_LAUNCHED_DESKTOP_FILE', '/var/lib/snapd/desktop/applications/code_code.desktop'), ('APPLICATION_INSIGHTS_NO_DIAGNOSTIC_CHANNEL', '1'), ('ROS_PYTHON_VERSION', '3'), ('GNOME_SHELL_SESSION_MODE', 'ubuntu'), ('GTK_MODULES', 'gail:atk-bridge'), ('VSCODE_GIT_ASKPASS_MAIN', '/snap/code/119/usr/share/code/resources/app/extensions/git/dist/askpass-main.js'), ('LC_MONETARY', 'nl_NL.UTF-8'), ('VSCODE_GIT_ASKPASS_NODE', '/snap/code/119/usr/share/code/code'), ('MANAGERPID', '1119'), ('SYSTEMD_EXEC_PID', '1243'), ('IM_CONFIG_CHECK_ENV', '1'), ('DBUS_SESSION_BUS_ADDRESS', 'unix:path=/run/user/1000/bus'), ('SNAP_REVISION', '119'), ('COLORTERM', 'truecolor'), ('GIO_LAUNCHED_DESKTOP_FILE_PID', '1894'), ('IM_CONFIG_PHASE', '1'), ('WAYLAND_DISPLAY', 'wayland-0'), ('VSCODE_L10N_BUNDLE_LOCATION', ''), ('COLCON_PREFIX_PATH', '/home/ram-user/Documents/ASDfR/ros2_ws_a1/install'), ('ROS_DISTRO', 'humble'), ('LOGNAME', 'ram-user'), ('_', '/usr/bin/colcon'), ('SNAP_CONTEXT', 'Tb1TBluQFrONpcSy4hRDJEZMN_I_jz-LHqHOo-SXJVGcnIma2h4B'), ('JOURNAL_STREAM', '8:22140'), ('ROS_VERSION', '2'), ('XDG_SESSION_CLASS', 'user'), ('SNAP_VERSION', '441438ab'), ('USERNAME', 'ram-user'), ('TERM', 'xterm-256color'), ('GNOME_DESKTOP_SESSION_ID', 'this-is-deprecated'), ('SNAP_INSTANCE_NAME', 'code'), ('ROS_LOCALHOST_ONLY', '1'), ('PATH', '/opt/ros/humble/bin:/usr/local/sbin:/usr/local/bin:/usr/sbin:/usr/bin:/sbin:/bin:/usr/games:/usr/local/games:/snap/bin:/snap/bin'), ('SESSION_MANAGER', 'local/ramuser-vm:@/tmp/.ICE-unix/1223,unix/ramuser-vm:/tmp/.ICE-unix/1223'), ('VSCODE_AMD_ENTRYPOINT', 'vs/workbench/api/node/extensionHostProcess'), ('INVOCATION_ID', '348d659bd7b249f384d08a19c07d51d7'), ('XDG_MENU_PREFIX', 'gnome-'), ('LC_ADDRESS', 'nl_NL.UTF-8'), ('BAMF_DESKTOP_FILE_HINT', '/var/lib/snapd/desktop/applications/code_code.desktop'), ('GNOME_SETUP_DISPLAY', ':1'), ('SNAP_DATA', '/var/snap/code/119'), ('XDG_RUNTIME_DIR', '/run/user/1000'), ('GDK_BACKEND', 'x11'), ('DISPLAY', ':0'), ('LANG', 'en_US.UTF-8'), ('XDG_CURRENT_DESKTOP', 'Unity'), ('LC_TELEPHONE', 'nl_NL.UTF-8'), ('XMODIFIERS', '@im=ibus'), ('XDG_SESSION_DESKTOP', 'ubuntu'), ('XAUTHORITY', '/run/user/1000/.mutter-Xwaylandauth.9XJO01'), ('VSCODE_GIT_IPC_HANDLE', '/run/user/1000/vscode-git-0955216fa2.sock'), ('TERM_PROGRAM', 'vscode'), ('SSH_AGENT_LAUNCHER', 'gnome-keyring'), ('SNAP_USER_COMMON', '/home/ram-user/snap/code/common'), ('SSH_AUTH_SOCK', '/run/user/1000/keyring/ssh'), ('GSETTINGS_SCHEMA_DIR', '/snap/code/119/usr/share/glib-2.0/schemas'), ('ROS_DOMAIN_ID', '69'), ('SNAP_ARCH', 'amd64'), ('AMENT_PREFIX_PATH', '/home/ram-user/Documents/ASDfR/ros2_ws_a1/install/package1:/opt/ros/humble'), ('SNAP_COOKIE', 'Tb1TBluQFrONpcSy4hRDJEZMN_I_jz-LHqHOo-SXJVGcnIma2h4B'), ('ORIGINAL_XDG_CURRENT_DESKTOP', 'ubuntu:GNOME'), ('SHELL', '/bin/bash'), ('LC_NAME', 'nl_NL.UTF-8'), ('GDK_PIXBUF_MODULEDIR', '/snap/code/119/usr/lib/x86_64-linux-gnu/gdk-pixbuf-2.0/2.10.0/loaders'), ('QT_ACCESSIBILITY', '1'), ('ELECTRON_RUN_AS_NODE', '1'), ('GDMSESSION', 'ubuntu'), ('LESSCLOSE', '/usr/bin/lesspipe %s %s'), ('SNAP_NAME', 'code'), ('LC_MEASUREMENT', 'nl_NL.UTF-8'), ('GDK_PIXBUF_MODULE_FILE', '/home/ram-user/snap/code/common/.cache/gdk-pixbuf-loaders.cache'), ('GJS_DEBUG_OUTPUT', 'stderr'), ('LC_IDENTIFICATION', 'nl_NL.UTF-8'), ('VSCODE_GIT_ASKPASS_EXTRA_ARGS', '--ms-enable-electron-run-as-node'), ('QT_IM_MODULE', 'ibus'), ('PWD', '/home/ram-user/Documents/ASDfR/ros2_ws_a1/build/package1'), ('VSCODE_CLI', '1'), ('LC_ALL', 'en_US.UTF-8'), ('XDG_CONFIG_DIRS', '/etc/xdg/xdg-ubuntu:/etc/xdg'), ('SNAP_REAL_HOME', '/home/ram-user'), ('VSCODE_CODE_CACHE_PATH', '/home/ram-user/.config/Code/CachedData/441438abd1ac652551dbe4d408dfcec8a499b8bf'), ('XDG_DATA_DIRS', '/usr/share/ubuntu:/usr/local/share/:/usr/share/:/var/lib/snapd/desktop'), ('PYTHONPATH', '/opt/ros/humble/lib/python3.10/site-packages:/opt/ros/humble/local/lib/python3.10/dist-packages'), ('SNAP', '/snap/code/119'), ('LC_NUMERIC', 'nl_NL.UTF-8'), ('LC_PAPER', 'nl_NL.UTF-8'), ('COLCON', '1'), ('ELECTRON_NO_ATTACH_CONSOLE', '1'), ('CMAKE_PREFIX_PATH', '/home/ram-user/Documents/ASDfR/ros2_ws_a1/install/package1:/opt/ros/humble'), ('VSCODE_PID', '1938')]), 'shell': False}
[0.109701] (-) TimerEvent: {}
[0.213976] (-) TimerEvent: {}
[0.246449] (package1) StdoutLine: {'line': b'\x1b[35m\x1b[1mConsolidate compiler generated dependencies of target cam2image\x1b[0m\n'}
[0.270417] (package1) StdoutLine: {'line': b'\x1b[35m\x1b[1mConsolidate compiler generated dependencies of target package1\x1b[0m\n'}
[0.319819] (-) TimerEvent: {}
[0.333526] (package1) StdoutLine: {'line': b'[ 22%] Built target cam2image\n'}
[0.351272] (package1) StdoutLine: {'line': b'[ 33%] \x1b[32mBuilding CXX object CMakeFiles/package1.dir/src/cam2image.cpp.o\x1b[0m\n'}
[0.420060] (-) TimerEvent: {}
[0.439255] (package1) StdoutLine: {'line': b'[ 44%] \x1b[32mBuilding CXX object CMakeFiles/showimage.dir/rclcpp_components/node_main_showimage.cpp.o\x1b[0m\n'}
[0.520318] (-) TimerEvent: {}
[0.620823] (-) TimerEvent: {}
[0.721327] (-) TimerEvent: {}
[0.822113] (-) TimerEvent: {}
[0.926881] (-) TimerEvent: {}
[1.028099] (-) TimerEvent: {}
[1.129697] (-) TimerEvent: {}
[1.230971] (-) TimerEvent: {}
[1.331467] (-) TimerEvent: {}
[1.434565] (-) TimerEvent: {}
[1.535095] (-) TimerEvent: {}
[1.635626] (-) TimerEvent: {}
[1.739001] (-) TimerEvent: {}
[1.839835] (-) TimerEvent: {}
[1.940392] (-) TimerEvent: {}
[2.041043] (-) TimerEvent: {}
[2.146400] (-) TimerEvent: {}
[2.246906] (-) TimerEvent: {}
[2.347477] (-) TimerEvent: {}
[2.448604] (-) TimerEvent: {}
[2.554328] (-) TimerEvent: {}
[2.662899] (-) TimerEvent: {}
[2.763910] (-) TimerEvent: {}
[2.864631] (-) TimerEvent: {}
[2.965404] (-) TimerEvent: {}
[3.065979] (-) TimerEvent: {}
[3.174333] (-) TimerEvent: {}
[3.275009] (-) TimerEvent: {}
[3.375846] (-) TimerEvent: {}
[3.476517] (-) TimerEvent: {}
[3.577064] (-) TimerEvent: {}
[3.678542] (-) TimerEvent: {}
[3.781227] (-) TimerEvent: {}
[3.881871] (-) TimerEvent: {}
[3.982489] (-) TimerEvent: {}
[4.086481] (-) TimerEvent: {}
[4.187815] (-) TimerEvent: {}
[4.290033] (-) TimerEvent: {}
[4.391247] (-) TimerEvent: {}
[4.491812] (-) TimerEvent: {}
[4.598399] (-) TimerEvent: {}
[4.699244] (-) TimerEvent: {}
[4.802477] (-) TimerEvent: {}
[4.903209] (-) TimerEvent: {}
[5.006508] (-) TimerEvent: {}
[5.107337] (-) TimerEvent: {}
[5.215312] (-) TimerEvent: {}
[5.319052] (-) TimerEvent: {}
[5.420109] (-) TimerEvent: {}
[5.525342] (-) TimerEvent: {}
[5.628525] (-) TimerEvent: {}
[5.729118] (-) TimerEvent: {}
[5.830100] (-) TimerEvent: {}
[5.931081] (-) TimerEvent: {}
[6.031621] (-) TimerEvent: {}
[6.134576] (-) TimerEvent: {}
[6.238371] (-) TimerEvent: {}
[6.339245] (-) TimerEvent: {}
[6.442936] (-) TimerEvent: {}
[6.543992] (-) TimerEvent: {}
[6.646886] (-) TimerEvent: {}
[6.749327] (-) TimerEvent: {}
[6.854596] (-) TimerEvent: {}
[6.955304] (-) TimerEvent: {}
[7.056786] (-) TimerEvent: {}
[7.158615] (-) TimerEvent: {}
[7.259658] (-) TimerEvent: {}
[7.368941] (-) TimerEvent: {}
[7.469479] (-) TimerEvent: {}
[7.570054] (-) TimerEvent: {}
[7.672733] (-) TimerEvent: {}
[7.774622] (-) TimerEvent: {}
[7.879035] (-) TimerEvent: {}
[7.979591] (-) TimerEvent: {}
[8.080372] (-) TimerEvent: {}
[8.180956] (-) TimerEvent: {}
[8.281527] (-) TimerEvent: {}
[8.382039] (-) TimerEvent: {}
[8.483558] (-) TimerEvent: {}
[8.590304] (-) TimerEvent: {}
[8.694459] (-) TimerEvent: {}
[8.794939] (-) TimerEvent: {}
[8.899858] (-) TimerEvent: {}
[9.000388] (-) TimerEvent: {}
[9.101028] (-) TimerEvent: {}
[9.201747] (-) TimerEvent: {}
[9.303027] (-) TimerEvent: {}
[9.403879] (-) TimerEvent: {}
[9.504681] (-) TimerEvent: {}
[9.605531] (-) TimerEvent: {}
[9.710330] (-) TimerEvent: {}
[9.812283] (-) TimerEvent: {}
[9.918185] (-) TimerEvent: {}
[10.021791] (-) TimerEvent: {}
[10.122938] (-) TimerEvent: {}
[10.229858] (-) TimerEvent: {}
[10.334727] (-) TimerEvent: {}
[10.437357] (-) TimerEvent: {}
[10.539954] (-) TimerEvent: {}
[10.642063] (-) TimerEvent: {}
[10.754380] (-) TimerEvent: {}
[10.860201] (-) TimerEvent: {}
[10.975947] (-) TimerEvent: {}
[11.081941] (-) TimerEvent: {}
[11.189041] (-) TimerEvent: {}
[11.290560] (-) TimerEvent: {}
[11.394704] (-) TimerEvent: {}
[11.499987] (-) TimerEvent: {}
[11.600956] (-) TimerEvent: {}
[11.706389] (-) TimerEvent: {}
[11.807412] (-) TimerEvent: {}
[11.908234] (-) TimerEvent: {}
[12.011567] (-) TimerEvent: {}
[12.121944] (-) TimerEvent: {}
[12.222410] (-) TimerEvent: {}
[12.323178] (-) TimerEvent: {}
[12.423689] (-) TimerEvent: {}
[12.530427] (-) TimerEvent: {}
[12.631062] (-) TimerEvent: {}
[12.731508] (-) TimerEvent: {}
[12.831991] (-) TimerEvent: {}
[12.938304] (-) TimerEvent: {}
[13.038774] (-) TimerEvent: {}
[13.139344] (-) TimerEvent: {}
[13.242557] (-) TimerEvent: {}
[13.351720] (-) TimerEvent: {}
[13.454716] (-) TimerEvent: {}
[13.561573] (-) TimerEvent: {}
[13.666760] (-) TimerEvent: {}
[13.778727] (-) TimerEvent: {}
[13.879226] (-) TimerEvent: {}
[13.988443] (-) TimerEvent: {}
[14.089070] (-) TimerEvent: {}
[14.206363] (-) TimerEvent: {}
[14.306980] (-) TimerEvent: {}
[14.422562] (-) TimerEvent: {}
[14.526370] (-) TimerEvent: {}
[14.627706] (-) TimerEvent: {}
[14.734587] (-) TimerEvent: {}
[14.835156] (-) TimerEvent: {}
[14.937289] (-) TimerEvent: {}
[15.037878] (-) TimerEvent: {}
[15.138283] (-) TimerEvent: {}
[15.238685] (-) TimerEvent: {}
[15.339138] (-) TimerEvent: {}
[15.439551] (-) TimerEvent: {}
[15.539979] (-) TimerEvent: {}
[15.640424] (-) TimerEvent: {}
[15.740828] (-) TimerEvent: {}
[15.841264] (-) TimerEvent: {}
[15.946322] (-) TimerEvent: {}
[16.047206] (-) TimerEvent: {}
[16.147610] (-) TimerEvent: {}
[16.248065] (-) TimerEvent: {}
[16.348504] (-) TimerEvent: {}
[16.450376] (-) TimerEvent: {}
[16.550860] (-) TimerEvent: {}
[16.651376] (-) TimerEvent: {}
[16.751928] (-) TimerEvent: {}
[16.852524] (-) TimerEvent: {}
[16.953043] (-) TimerEvent: {}
[17.055714] (-) TimerEvent: {}
[17.158341] (-) TimerEvent: {}
[17.259285] (-) TimerEvent: {}
[17.359974] (-) TimerEvent: {}
[17.463225] (-) TimerEvent: {}
[17.563689] (-) TimerEvent: {}
[17.664167] (-) TimerEvent: {}
[17.764617] (-) TimerEvent: {}
[17.870323] (-) TimerEvent: {}
[17.970766] (-) TimerEvent: {}
[18.073836] (-) TimerEvent: {}
[18.174363] (-) TimerEvent: {}
[18.278899] (-) TimerEvent: {}
[18.380373] (-) TimerEvent: {}
[18.482326] (-) TimerEvent: {}
[18.582739] (-) TimerEvent: {}
[18.683512] (-) TimerEvent: {}
[18.783999] (-) TimerEvent: {}
[18.884527] (-) TimerEvent: {}
[18.985175] (-) TimerEvent: {}
[19.085718] (-) TimerEvent: {}
[19.186229] (-) TimerEvent: {}
[19.286738] (-) TimerEvent: {}
[19.387144] (-) TimerEvent: {}
[19.487625] (-) TimerEvent: {}
[19.594786] (-) TimerEvent: {}
[19.695827] (-) TimerEvent: {}
[19.796320] (-) TimerEvent: {}
[19.896806] (-) TimerEvent: {}
[19.997267] (-) TimerEvent: {}
[20.097760] (-) TimerEvent: {}
[20.198234] (-) TimerEvent: {}
[20.298693] (-) TimerEvent: {}
[20.409168] (-) TimerEvent: {}
[20.519119] (-) TimerEvent: {}
[20.620712] (-) TimerEvent: {}
[20.723106] (-) TimerEvent: {}
[20.830185] (-) TimerEvent: {}
[20.931986] (-) TimerEvent: {}
[21.032667] (-) TimerEvent: {}
[21.134321] (-) TimerEvent: {}
[21.235881] (-) TimerEvent: {}
[21.336303] (-) TimerEvent: {}
[21.437276] (-) TimerEvent: {}
[21.538306] (-) TimerEvent: {}
[21.640037] (-) TimerEvent: {}
[21.742330] (-) TimerEvent: {}
[21.847286] (-) TimerEvent: {}
[21.947769] (-) TimerEvent: {}
[22.050356] (-) TimerEvent: {}
[22.151317] (-) TimerEvent: {}
[22.253404] (-) TimerEvent: {}
[22.355351] (-) TimerEvent: {}
[22.461513] (-) TimerEvent: {}
[22.568832] (-) TimerEvent: {}
[22.669475] (-) TimerEvent: {}
[22.776429] (-) TimerEvent: {}
[22.879458] (-) TimerEvent: {}
[22.986397] (-) TimerEvent: {}
[23.087482] (-) TimerEvent: {}
[23.206248] (-) TimerEvent: {}
[23.306765] (-) TimerEvent: {}
[23.411052] (-) TimerEvent: {}
[23.514416] (-) TimerEvent: {}
[23.622504] (-) TimerEvent: {}
[23.737878] (-) TimerEvent: {}
[23.838899] (-) TimerEvent: {}
[23.947379] (-) TimerEvent: {}
[24.058568] (-) TimerEvent: {}
[24.161540] (-) TimerEvent: {}
[24.270797] (-) TimerEvent: {}
[24.371282] (-) TimerEvent: {}
[24.472093] (-) TimerEvent: {}
[24.574151] (-) TimerEvent: {}
[24.682327] (-) TimerEvent: {}
[24.783387] (-) TimerEvent: {}
[24.883942] (-) TimerEvent: {}
[24.986354] (-) TimerEvent: {}
[25.088769] (-) TimerEvent: {}
[25.189280] (-) TimerEvent: {}
[25.291668] (-) TimerEvent: {}
[25.394488] (-) TimerEvent: {}
[25.506337] (-) TimerEvent: {}
[25.607927] (-) TimerEvent: {}
[25.709456] (-) TimerEvent: {}
[25.811779] (-) TimerEvent: {}
[25.915226] (-) TimerEvent: {}
[25.988699] (package1) StdoutLine: {'line': b'[ 55%] \x1b[32m\x1b[1mLinking CXX executable showimage\x1b[0m\n'}
[26.016895] (-) TimerEvent: {}
[26.122339] (-) TimerEvent: {}
[26.226380] (-) TimerEvent: {}
[26.338363] (-) TimerEvent: {}
[26.438886] (-) TimerEvent: {}
[26.539777] (-) TimerEvent: {}
[26.599061] (package1) StdoutLine: {'line': b'[ 55%] Built target showimage\n'}
[26.639906] (-) TimerEvent: {}
[26.740308] (-) TimerEvent: {}
[26.840771] (-) TimerEvent: {}
[26.941304] (-) TimerEvent: {}
[27.041991] (-) TimerEvent: {}
[27.142788] (-) TimerEvent: {}
[27.243889] (-) TimerEvent: {}
[27.346433] (-) TimerEvent: {}
[27.447328] (-) TimerEvent: {}
[27.547788] (-) TimerEvent: {}
[27.648204] (-) TimerEvent: {}
[27.748632] (-) TimerEvent: {}
[27.849062] (-) TimerEvent: {}
[27.949512] (-) TimerEvent: {}
[28.049904] (-) TimerEvent: {}
[28.150304] (-) TimerEvent: {}
[28.250732] (-) TimerEvent: {}
[28.351812] (-) TimerEvent: {}
[28.452460] (-) TimerEvent: {}
[28.552895] (-) TimerEvent: {}
[28.654357] (-) TimerEvent: {}
[28.754830] (-) TimerEvent: {}
[28.855310] (-) TimerEvent: {}
[28.955845] (-) TimerEvent: {}
[29.056339] (-) TimerEvent: {}
[29.156840] (-) TimerEvent: {}
[29.257376] (-) TimerEvent: {}
[29.358102] (-) TimerEvent: {}
[29.458596] (-) TimerEvent: {}
[29.559023] (-) TimerEvent: {}
[29.660935] (-) TimerEvent: {}
[29.761515] (-) TimerEvent: {}
[29.863379] (-) TimerEvent: {}
[29.963831] (-) TimerEvent: {}
[30.064314] (-) TimerEvent: {}
[30.165163] (-) TimerEvent: {}
[30.265586] (-) TimerEvent: {}
[30.366107] (-) TimerEvent: {}
[30.466989] (-) TimerEvent: {}
[30.567432] (-) TimerEvent: {}
[30.667933] (-) TimerEvent: {}
[30.768324] (-) TimerEvent: {}
[30.868880] (-) TimerEvent: {}
[30.969503] (-) TimerEvent: {}
[31.069928] (-) TimerEvent: {}
[31.171033] (-) TimerEvent: {}
[31.271438] (-) TimerEvent: {}
[31.371844] (-) TimerEvent: {}
[31.472280] (-) TimerEvent: {}
[31.574273] (-) TimerEvent: {}
[31.674783] (-) TimerEvent: {}
[31.775436] (-) TimerEvent: {}
[31.876565] (-) TimerEvent: {}
[31.979678] (-) TimerEvent: {}
[32.080160] (-) TimerEvent: {}
[32.180770] (-) TimerEvent: {}
[32.281400] (-) TimerEvent: {}
[32.381989] (-) TimerEvent: {}
[32.494501] (-) TimerEvent: {}
[32.601616] (-) TimerEvent: {}
[32.710690] (-) TimerEvent: {}
[32.815297] (-) TimerEvent: {}
[32.922295] (-) TimerEvent: {}
[33.022823] (-) TimerEvent: {}
[33.127378] (-) TimerEvent: {}
[33.233252] (-) TimerEvent: {}
[33.340046] (-) TimerEvent: {}
[33.441911] (-) TimerEvent: {}
[33.543102] (-) TimerEvent: {}
[33.645404] (-) TimerEvent: {}
[33.745831] (-) TimerEvent: {}
[33.846358] (-) TimerEvent: {}
[33.947107] (-) TimerEvent: {}
[34.047575] (-) TimerEvent: {}
[34.148356] (-) TimerEvent: {}
[34.248835] (-) TimerEvent: {}
[34.349441] (-) TimerEvent: {}
[34.450410] (-) TimerEvent: {}
[34.551185] (-) TimerEvent: {}
[34.651680] (-) TimerEvent: {}
[34.752313] (-) TimerEvent: {}
[34.853098] (-) TimerEvent: {}
[34.953789] (-) TimerEvent: {}
[35.054667] (-) TimerEvent: {}
[35.155080] (-) TimerEvent: {}
[35.256311] (-) TimerEvent: {}
[35.356755] (-) TimerEvent: {}
[35.457184] (-) TimerEvent: {}
[35.558517] (-) TimerEvent: {}
[35.658988] (-) TimerEvent: {}
[35.759591] (-) TimerEvent: {}
[35.860658] (-) TimerEvent: {}
[35.961881] (-) TimerEvent: {}
[36.062774] (-) TimerEvent: {}
[36.163804] (-) TimerEvent: {}
[36.264282] (-) TimerEvent: {}
[36.375022] (-) TimerEvent: {}
[36.475415] (-) TimerEvent: {}
[36.576008] (-) TimerEvent: {}
[36.676863] (-) TimerEvent: {}
[36.778604] (-) TimerEvent: {}
[36.879229] (-) TimerEvent: {}
[36.979764] (-) TimerEvent: {}
[37.080392] (-) TimerEvent: {}
[37.180883] (-) TimerEvent: {}
[37.281288] (-) TimerEvent: {}
[37.381740] (-) TimerEvent: {}
[37.482139] (-) TimerEvent: {}
[37.582830] (-) TimerEvent: {}
[37.683242] (-) TimerEvent: {}
[37.783697] (-) TimerEvent: {}
[37.884283] (-) TimerEvent: {}
[37.984728] (-) TimerEvent: {}
[38.085203] (-) TimerEvent: {}
[38.185673] (-) TimerEvent: {}
[38.286169] (-) TimerEvent: {}
[38.387324] (-) TimerEvent: {}
[38.487791] (-) TimerEvent: {}
[38.588390] (-) TimerEvent: {}
[38.689038] (-) TimerEvent: {}
[38.789476] (-) TimerEvent: {}
[38.890124] (-) TimerEvent: {}
[38.990624] (-) TimerEvent: {}
[39.091226] (-) TimerEvent: {}
[39.192278] (-) TimerEvent: {}
[39.292868] (-) TimerEvent: {}
[39.395222] (-) TimerEvent: {}
[39.495666] (-) TimerEvent: {}
[39.598433] (-) TimerEvent: {}
[39.698866] (-) TimerEvent: {}
[39.802343] (-) TimerEvent: {}
[39.903153] (-) TimerEvent: {}
[40.003833] (-) TimerEvent: {}
[40.104378] (-) TimerEvent: {}
[40.204862] (-) TimerEvent: {}
[40.305428] (-) TimerEvent: {}
[40.405986] (-) TimerEvent: {}
[40.506623] (-) TimerEvent: {}
[40.607015] (-) TimerEvent: {}
[40.710694] (-) TimerEvent: {}
[40.812007] (-) TimerEvent: {}
[40.912530] (-) TimerEvent: {}
[41.013231] (-) TimerEvent: {}
[41.113677] (-) TimerEvent: {}
[41.214339] (-) TimerEvent: {}
[41.320301] (-) TimerEvent: {}
[41.420827] (-) TimerEvent: {}
[41.521340] (-) TimerEvent: {}
[41.626306] (-) TimerEvent: {}
[41.726796] (-) TimerEvent: {}
[41.827637] (-) TimerEvent: {}
[41.928295] (-) TimerEvent: {}
[42.028736] (-) TimerEvent: {}
[42.129215] (-) TimerEvent: {}
[42.229951] (-) TimerEvent: {}
[42.330569] (-) TimerEvent: {}
[42.431233] (-) TimerEvent: {}
[42.532021] (-) TimerEvent: {}
[42.632713] (-) TimerEvent: {}
[42.733177] (-) TimerEvent: {}
[42.834622] (-) TimerEvent: {}
[42.935033] (-) TimerEvent: {}
[43.035484] (-) TimerEvent: {}
[43.135927] (-) TimerEvent: {}
[43.236454] (-) TimerEvent: {}
[43.337196] (-) TimerEvent: {}
[43.437935] (-) TimerEvent: {}
[43.538653] (-) TimerEvent: {}
[43.639120] (-) TimerEvent: {}
[43.742552] (-) TimerEvent: {}
[43.843290] (-) TimerEvent: {}
[43.949702] (-) TimerEvent: {}
[44.050242] (-) TimerEvent: {}
[44.151218] (-) TimerEvent: {}
[44.251704] (-) TimerEvent: {}
[44.352125] (-) TimerEvent: {}
[44.458339] (-) TimerEvent: {}
[44.558800] (-) TimerEvent: {}
[44.659536] (-) TimerEvent: {}
[44.760998] (-) TimerEvent: {}
[44.862100] (-) TimerEvent: {}
[44.962718] (-) TimerEvent: {}
[45.063202] (-) TimerEvent: {}
[45.163663] (-) TimerEvent: {}
[45.264219] (-) TimerEvent: {}
[45.364810] (-) TimerEvent: {}
[45.465333] (-) TimerEvent: {}
[45.565831] (-) TimerEvent: {}
[45.666310] (-) TimerEvent: {}
[45.767559] (-) TimerEvent: {}
[45.868142] (-) TimerEvent: {}
[45.969040] (-) TimerEvent: {}
[46.069443] (-) TimerEvent: {}
[46.169920] (-) TimerEvent: {}
[46.271374] (-) TimerEvent: {}
[46.371798] (-) TimerEvent: {}
[46.472252] (-) TimerEvent: {}
[46.572704] (-) TimerEvent: {}
[46.673143] (-) TimerEvent: {}
[46.776113] (-) TimerEvent: {}
[46.878663] (-) TimerEvent: {}
[46.979823] (-) TimerEvent: {}
[47.080650] (-) TimerEvent: {}
[47.183248] (-) TimerEvent: {}
[47.285399] (-) TimerEvent: {}
[47.387763] (-) TimerEvent: {}
[47.488207] (-) TimerEvent: {}
[47.588639] (-) TimerEvent: {}
[47.689091] (-) TimerEvent: {}
[47.789606] (-) TimerEvent: {}
[47.890104] (-) TimerEvent: {}
[47.991099] (-) TimerEvent: {}
[48.091699] (-) TimerEvent: {}
[48.192178] (-) TimerEvent: {}
[48.293176] (-) TimerEvent: {}
[48.394144] (-) TimerEvent: {}
[48.495611] (-) TimerEvent: {}
[48.596463] (-) TimerEvent: {}
[48.696869] (-) TimerEvent: {}
[48.797293] (-) TimerEvent: {}
[48.897889] (-) TimerEvent: {}
[48.998880] (-) TimerEvent: {}
[49.099286] (-) TimerEvent: {}
[49.199824] (-) TimerEvent: {}
[49.300297] (-) TimerEvent: {}
[49.406069] (-) TimerEvent: {}
[49.507188] (-) TimerEvent: {}
[49.607690] (-) TimerEvent: {}
[49.708190] (-) TimerEvent: {}
[49.808734] (-) TimerEvent: {}
[49.909570] (-) TimerEvent: {}
[50.018960] (-) TimerEvent: {}
[50.119632] (-) TimerEvent: {}
[50.220237] (-) TimerEvent: {}
[50.320710] (-) TimerEvent: {}
[50.421674] (-) TimerEvent: {}
[50.522423] (-) TimerEvent: {}
[50.623257] (-) TimerEvent: {}
[50.728647] (-) TimerEvent: {}
[50.831503] (-) TimerEvent: {}
[50.934173] (-) TimerEvent: {}
[51.034922] (-) TimerEvent: {}
[51.135852] (-) TimerEvent: {}
[51.236440] (-) TimerEvent: {}
[51.338815] (-) TimerEvent: {}
[51.440774] (-) TimerEvent: {}
[51.541530] (-) TimerEvent: {}
[51.642963] (-) TimerEvent: {}
[51.744819] (-) TimerEvent: {}
[51.845674] (-) TimerEvent: {}
[51.948637] (-) TimerEvent: {}
[52.051466] (-) TimerEvent: {}
[52.152550] (-) TimerEvent: {}
[52.253845] (-) TimerEvent: {}
[52.355330] (-) TimerEvent: {}
[52.455929] (-) TimerEvent: {}
[52.556420] (-) TimerEvent: {}
[52.656913] (-) TimerEvent: {}
[52.757357] (-) TimerEvent: {}
[52.857874] (-) TimerEvent: {}
[52.962306] (-) TimerEvent: {}
[53.066317] (-) TimerEvent: {}
[53.166723] (-) TimerEvent: {}
[53.267183] (-) TimerEvent: {}
[53.368647] (-) TimerEvent: {}
[53.470813] (-) TimerEvent: {}
[53.571242] (-) TimerEvent: {}
[53.671758] (-) TimerEvent: {}
[53.772715] (-) TimerEvent: {}
[53.873444] (-) TimerEvent: {}
[53.979084] (-) TimerEvent: {}
[54.080008] (-) TimerEvent: {}
[54.181103] (-) TimerEvent: {}
[54.281631] (-) TimerEvent: {}
[54.382350] (-) TimerEvent: {}
[54.482844] (-) TimerEvent: {}
[54.583393] (-) TimerEvent: {}
[54.683930] (-) TimerEvent: {}
[54.784593] (-) TimerEvent: {}
[54.890340] (-) TimerEvent: {}
[54.991170] (-) TimerEvent: {}
[55.091669] (-) TimerEvent: {}
[55.192247] (-) TimerEvent: {}
[55.292927] (-) TimerEvent: {}
[55.394599] (-) TimerEvent: {}
[55.495184] (-) TimerEvent: {}
[55.595609] (-) TimerEvent: {}
[55.696042] (-) TimerEvent: {}
[55.796572] (-) TimerEvent: {}
[55.897351] (-) TimerEvent: {}
[55.997715] (-) TimerEvent: {}
[56.098099] (-) TimerEvent: {}
[56.198625] (-) TimerEvent: {}
[56.299247] (-) TimerEvent: {}
[56.399667] (-) TimerEvent: {}
[56.500102] (-) TimerEvent: {}
[56.600539] (-) TimerEvent: {}
[56.704326] (-) TimerEvent: {}
[56.804739] (-) TimerEvent: {}
[56.905166] (-) TimerEvent: {}
[57.005706] (-) TimerEvent: {}
[57.108304] (-) TimerEvent: {}
[57.208949] (-) TimerEvent: {}
[57.310208] (-) TimerEvent: {}
[57.411568] (-) TimerEvent: {}
[57.512018] (-) TimerEvent: {}
[57.612951] (-) TimerEvent: {}
[57.713450] (-) TimerEvent: {}
[57.813857] (-) TimerEvent: {}
[57.914420] (-) TimerEvent: {}
[58.014870] (-) TimerEvent: {}
[58.116208] (-) TimerEvent: {}
[58.222342] (-) TimerEvent: {}
[58.322830] (-) TimerEvent: {}
[58.423346] (-) TimerEvent: {}
[58.523829] (-) TimerEvent: {}
[58.624257] (-) TimerEvent: {}
[58.724683] (-) TimerEvent: {}
[58.825322] (-) TimerEvent: {}
[58.926186] (-) TimerEvent: {}
[59.028476] (-) TimerEvent: {}
[59.129584] (-) TimerEvent: {}
[59.230304] (-) TimerEvent: {}
[59.330890] (-) TimerEvent: {}
[59.431295] (-) TimerEvent: {}
[59.531730] (-) TimerEvent: {}
[59.632845] (-) TimerEvent: {}
[59.733497] (-) TimerEvent: {}
[59.833977] (-) TimerEvent: {}
[59.934636] (-) TimerEvent: {}
[60.035038] (-) TimerEvent: {}
[60.135472] (-) TimerEvent: {}
[60.235937] (-) TimerEvent: {}
[60.336454] (-) TimerEvent: {}
[60.436977] (-) TimerEvent: {}
[60.537420] (-) TimerEvent: {}
[60.642359] (-) TimerEvent: {}
[60.744179] (-) TimerEvent: {}
[60.845163] (-) TimerEvent: {}
[60.945762] (-) TimerEvent: {}
[61.046174] (-) TimerEvent: {}
[61.146987] (-) TimerEvent: {}
[61.247553] (-) TimerEvent: {}
[61.350970] (-) TimerEvent: {}
[61.454329] (-) TimerEvent: {}
[61.555435] (-) TimerEvent: {}
[61.625912] (package1) StdoutLine: {'line': b'[ 66%] \x1b[32mBuilding CXX object CMakeFiles/package1.dir/src/cv_mat_sensor_msgs_image_type_adapter.cpp.o\x1b[0m\n'}
[61.655722] (-) TimerEvent: {}
[61.756486] (-) TimerEvent: {}
[61.857064] (-) TimerEvent: {}
[61.957514] (-) TimerEvent: {}
[62.058028] (-) TimerEvent: {}
[62.169892] (-) TimerEvent: {}
[62.274298] (-) TimerEvent: {}
[62.374848] (-) TimerEvent: {}
[62.475454] (-) TimerEvent: {}
[62.576265] (-) TimerEvent: {}
[62.678180] (-) TimerEvent: {}
[62.782863] (-) TimerEvent: {}
[62.885021] (-) TimerEvent: {}
[62.988849] (-) TimerEvent: {}
[63.091140] (-) TimerEvent: {}
[63.191816] (-) TimerEvent: {}
[63.292605] (-) TimerEvent: {}
[63.394164] (-) TimerEvent: {}
[63.496305] (-) TimerEvent: {}
[63.596975] (-) TimerEvent: {}
[63.702398] (-) TimerEvent: {}
[63.803267] (-) TimerEvent: {}
[63.906408] (-) TimerEvent: {}
[64.010969] (-) TimerEvent: {}
[64.112512] (-) TimerEvent: {}
[64.213052] (-) TimerEvent: {}
[64.318313] (-) TimerEvent: {}
[64.418771] (-) TimerEvent: {}
[64.522400] (-) TimerEvent: {}
[64.623236] (-) TimerEvent: {}
[64.723854] (-) TimerEvent: {}
[64.824248] (-) TimerEvent: {}
[64.924715] (-) TimerEvent: {}
[65.025271] (-) TimerEvent: {}
[65.129156] (-) TimerEvent: {}
[65.229673] (-) TimerEvent: {}
[65.300132] (package1) StdoutLine: {'line': b'[ 77%] \x1b[32mBuilding CXX object CMakeFiles/package1.dir/src/show_image.cpp.o\x1b[0m\n'}
[65.330676] (-) TimerEvent: {}
[65.434355] (-) TimerEvent: {}
[65.534829] (-) TimerEvent: {}
[65.635360] (-) TimerEvent: {}
[65.735986] (-) TimerEvent: {}
[65.836401] (-) TimerEvent: {}
[65.936919] (-) TimerEvent: {}
[66.037627] (-) TimerEvent: {}
[66.138365] (-) TimerEvent: {}
[66.238783] (-) TimerEvent: {}
[66.339242] (-) TimerEvent: {}
[66.439707] (-) TimerEvent: {}
[66.540183] (-) TimerEvent: {}
[66.640579] (-) TimerEvent: {}
[66.740983] (-) TimerEvent: {}
[66.841383] (-) TimerEvent: {}
[66.941822] (-) TimerEvent: {}
[67.042535] (-) TimerEvent: {}
[67.143744] (-) TimerEvent: {}
[67.244307] (-) TimerEvent: {}
[67.344820] (-) TimerEvent: {}
[67.445561] (-) TimerEvent: {}
[67.545989] (-) TimerEvent: {}
[67.646651] (-) TimerEvent: {}
[67.747178] (-) TimerEvent: {}
[67.847862] (-) TimerEvent: {}
[67.948476] (-) TimerEvent: {}
[68.049614] (-) TimerEvent: {}
[68.150128] (-) TimerEvent: {}
[68.251201] (-) TimerEvent: {}
[68.351628] (-) TimerEvent: {}
[68.452210] (-) TimerEvent: {}
[68.553140] (-) TimerEvent: {}
[68.653724] (-) TimerEvent: {}
[68.754121] (-) TimerEvent: {}
[68.855216] (-) TimerEvent: {}
[68.958385] (-) TimerEvent: {}
[69.059095] (-) TimerEvent: {}
[69.161024] (-) TimerEvent: {}
[69.263202] (-) TimerEvent: {}
[69.363803] (-) TimerEvent: {}
[69.468604] (-) TimerEvent: {}
[69.569111] (-) TimerEvent: {}
[69.669735] (-) TimerEvent: {}
[69.770373] (-) TimerEvent: {}
[69.870915] (-) TimerEvent: {}
[69.974339] (-) TimerEvent: {}
[70.078452] (-) TimerEvent: {}
[70.178907] (-) TimerEvent: {}
[70.279487] (-) TimerEvent: {}
[70.380027] (-) TimerEvent: {}
[70.480566] (-) TimerEvent: {}
[70.580987] (-) TimerEvent: {}
[70.681500] (-) TimerEvent: {}
[70.781975] (-) TimerEvent: {}
[70.882707] (-) TimerEvent: {}
[70.983126] (-) TimerEvent: {}
[71.083572] (-) TimerEvent: {}
[71.184005] (-) TimerEvent: {}
[71.284440] (-) TimerEvent: {}
[71.390374] (-) TimerEvent: {}
[71.490842] (-) TimerEvent: {}
[71.591316] (-) TimerEvent: {}
[71.691994] (-) TimerEvent: {}
[71.792661] (-) TimerEvent: {}
[71.894888] (-) TimerEvent: {}
[71.995348] (-) TimerEvent: {}
[72.095915] (-) TimerEvent: {}
[72.196377] (-) TimerEvent: {}
[72.296784] (-) TimerEvent: {}
[72.397239] (-) TimerEvent: {}
[72.497695] (-) TimerEvent: {}
[72.598231] (-) TimerEvent: {}
[72.698699] (-) TimerEvent: {}
[72.799135] (-) TimerEvent: {}
[72.899589] (-) TimerEvent: {}
[73.000022] (-) TimerEvent: {}
[73.101152] (-) TimerEvent: {}
[73.202360] (-) TimerEvent: {}
[73.302874] (-) TimerEvent: {}
[73.403502] (-) TimerEvent: {}
[73.504177] (-) TimerEvent: {}
[73.604638] (-) TimerEvent: {}
[73.705112] (-) TimerEvent: {}
[73.805541] (-) TimerEvent: {}
[73.905986] (-) TimerEvent: {}
[74.006589] (-) TimerEvent: {}
[74.107527] (-) TimerEvent: {}
[74.210804] (-) TimerEvent: {}
[74.312339] (-) TimerEvent: {}
[74.413579] (-) TimerEvent: {}
[74.514017] (-) TimerEvent: {}
[74.614497] (-) TimerEvent: {}
[74.715145] (-) TimerEvent: {}
[74.815671] (-) TimerEvent: {}
[74.917130] (-) TimerEvent: {}
[75.018174] (-) TimerEvent: {}
[75.118920] (-) TimerEvent: {}
[75.222318] (-) TimerEvent: {}
[75.323138] (-) TimerEvent: {}
[75.425294] (-) TimerEvent: {}
[75.526553] (-) TimerEvent: {}
[75.628371] (-) TimerEvent: {}
[75.729409] (-) TimerEvent: {}
[75.830239] (-) TimerEvent: {}
[75.931157] (-) TimerEvent: {}
[76.032036] (-) TimerEvent: {}
[76.132576] (-) TimerEvent: {}
[76.233352] (-) TimerEvent: {}
[76.337487] (-) TimerEvent: {}
[76.438126] (-) TimerEvent: {}
[76.538705] (-) TimerEvent: {}
[76.639119] (-) TimerEvent: {}
[76.739899] (-) TimerEvent: {}
[76.840353] (-) TimerEvent: {}
[76.940852] (-) TimerEvent: {}
[77.041381] (-) TimerEvent: {}
[77.141965] (-) TimerEvent: {}
[77.243155] (-) TimerEvent: {}
[77.346440] (-) TimerEvent: {}
[77.446924] (-) TimerEvent: {}
[77.547439] (-) TimerEvent: {}
[77.647940] (-) TimerEvent: {}
[77.748378] (-) TimerEvent: {}
[77.848942] (-) TimerEvent: {}
[77.949368] (-) TimerEvent: {}
[78.054340] (-) TimerEvent: {}
[78.158311] (-) TimerEvent: {}
[78.262710] (-) TimerEvent: {}
[78.363165] (-) TimerEvent: {}
[78.463684] (-) TimerEvent: {}
[78.564710] (-) TimerEvent: {}
[78.665586] (-) TimerEvent: {}
[78.766263] (-) TimerEvent: {}
[78.867005] (-) TimerEvent: {}
[78.967453] (-) TimerEvent: {}
[79.067940] (-) TimerEvent: {}
[79.168372] (-) TimerEvent: {}
[79.268829] (-) TimerEvent: {}
[79.377596] (-) TimerEvent: {}
[79.478089] (-) TimerEvent: {}
[79.579157] (-) TimerEvent: {}
[79.680876] (-) TimerEvent: {}
[79.781366] (-) TimerEvent: {}
[79.881867] (-) TimerEvent: {}
[79.983035] (-) TimerEvent: {}
[80.083463] (-) TimerEvent: {}
[80.186394] (-) TimerEvent: {}
[80.287181] (-) TimerEvent: {}
[80.387897] (-) TimerEvent: {}
[80.488416] (-) TimerEvent: {}
[80.589068] (-) TimerEvent: {}
[80.694799] (-) TimerEvent: {}
[80.798367] (-) TimerEvent: {}
[80.898848] (-) TimerEvent: {}
[80.999283] (-) TimerEvent: {}
[81.099784] (-) TimerEvent: {}
[81.200312] (-) TimerEvent: {}
[81.301032] (-) TimerEvent: {}
[81.401434] (-) TimerEvent: {}
[81.501987] (-) TimerEvent: {}
[81.603414] (-) TimerEvent: {}
[81.703983] (-) TimerEvent: {}
[81.805112] (-) TimerEvent: {}
[81.905552] (-) TimerEvent: {}
[82.005964] (-) TimerEvent: {}
[82.107547] (-) TimerEvent: {}
[82.208227] (-) TimerEvent: {}
[82.309448] (-) TimerEvent: {}
[82.416842] (-) TimerEvent: {}
[82.517269] (-) TimerEvent: {}
[82.617739] (-) TimerEvent: {}
[82.718594] (-) TimerEvent: {}
[82.819212] (-) TimerEvent: {}
[82.919640] (-) TimerEvent: {}
[83.020135] (-) TimerEvent: {}
[83.120621] (-) TimerEvent: {}
[83.222485] (-) TimerEvent: {}
[83.322948] (-) TimerEvent: {}
[83.423379] (-) TimerEvent: {}
[83.523873] (-) TimerEvent: {}
[83.624308] (-) TimerEvent: {}
[83.724706] (-) TimerEvent: {}
[83.825119] (-) TimerEvent: {}
[83.925763] (-) TimerEvent: {}
[84.033838] (-) TimerEvent: {}
[84.135449] (-) TimerEvent: {}
[84.236167] (-) TimerEvent: {}
[84.337021] (-) TimerEvent: {}
[84.437409] (-) TimerEvent: {}
[84.537872] (-) TimerEvent: {}
[84.643706] (-) TimerEvent: {}
[84.744423] (-) TimerEvent: {}
[84.846046] (-) TimerEvent: {}
[84.946718] (-) TimerEvent: {}
[85.047311] (-) TimerEvent: {}
[85.147827] (-) TimerEvent: {}
[85.248219] (-) TimerEvent: {}
[85.348637] (-) TimerEvent: {}
[85.450889] (-) TimerEvent: {}
[85.554926] (-) TimerEvent: {}
[85.655674] (-) TimerEvent: {}
[85.756145] (-) TimerEvent: {}
[85.863426] (-) TimerEvent: {}
[85.967770] (-) TimerEvent: {}
[86.068291] (-) TimerEvent: {}
[86.170809] (-) TimerEvent: {}
[86.272108] (-) TimerEvent: {}
[86.373060] (-) TimerEvent: {}
[86.474804] (-) TimerEvent: {}
[86.575241] (-) TimerEvent: {}
[86.678711] (-) TimerEvent: {}
[86.782285] (-) TimerEvent: {}
[86.882705] (-) TimerEvent: {}
[86.983224] (-) TimerEvent: {}
[87.083947] (-) TimerEvent: {}
[87.184403] (-) TimerEvent: {}
[87.284866] (-) TimerEvent: {}
[87.385273] (-) TimerEvent: {}
[87.490315] (-) TimerEvent: {}
[87.591286] (-) TimerEvent: {}
[87.691824] (-) TimerEvent: {}
[87.792825] (-) TimerEvent: {}
[87.894659] (-) TimerEvent: {}
[87.995305] (-) TimerEvent: {}
[88.095712] (-) TimerEvent: {}
[88.196097] (-) TimerEvent: {}
[88.296524] (-) TimerEvent: {}
[88.396975] (-) TimerEvent: {}
[88.497416] (-) TimerEvent: {}
[88.597931] (-) TimerEvent: {}
[88.698441] (-) TimerEvent: {}
[88.799010] (-) TimerEvent: {}
[88.899552] (-) TimerEvent: {}
[89.000099] (-) TimerEvent: {}
[89.106365] (-) TimerEvent: {}
[89.207054] (-) TimerEvent: {}
[89.307568] (-) TimerEvent: {}
[89.408008] (-) TimerEvent: {}
[89.508632] (-) TimerEvent: {}
[89.609808] (-) TimerEvent: {}
[89.711573] (-) TimerEvent: {}
[89.812332] (-) TimerEvent: {}
[89.913026] (-) TimerEvent: {}
[90.013676] (-) TimerEvent: {}
[90.118309] (-) TimerEvent: {}
[90.218723] (-) TimerEvent: {}
[90.319136] (-) TimerEvent: {}
[90.419690] (-) TimerEvent: {}
[90.520605] (-) TimerEvent: {}
[90.621101] (-) TimerEvent: {}
[90.721615] (-) TimerEvent: {}
[90.822084] (-) TimerEvent: {}
[90.922598] (-) TimerEvent: {}
[91.023006] (-) TimerEvent: {}
[91.123553] (-) TimerEvent: {}
[91.226845] (-) TimerEvent: {}
[91.327447] (-) TimerEvent: {}
[91.428215] (-) TimerEvent: {}
[91.528667] (-) TimerEvent: {}
[91.629127] (-) TimerEvent: {}
[91.729613] (-) TimerEvent: {}
[91.830448] (-) TimerEvent: {}
[91.931118] (-) TimerEvent: {}
[92.031576] (-) TimerEvent: {}
[92.132038] (-) TimerEvent: {}
[92.232520] (-) TimerEvent: {}
[92.333235] (-) TimerEvent: {}
[92.438304] (-) TimerEvent: {}
[92.538985] (-) TimerEvent: {}
[92.639463] (-) TimerEvent: {}
[92.739943] (-) TimerEvent: {}
[92.840558] (-) TimerEvent: {}
[92.941452] (-) TimerEvent: {}
[93.042560] (-) TimerEvent: {}
[93.143715] (-) TimerEvent: {}
[93.244199] (-) TimerEvent: {}
[93.344660] (-) TimerEvent: {}
[93.445097] (-) TimerEvent: {}
[93.545550] (-) TimerEvent: {}
[93.646053] (-) TimerEvent: {}
[93.746576] (-) TimerEvent: {}
[93.847173] (-) TimerEvent: {}
[93.947610] (-) TimerEvent: {}
[94.048018] (-) TimerEvent: {}
[94.148413] (-) TimerEvent: {}
[94.248967] (-) TimerEvent: {}
[94.349677] (-) TimerEvent: {}
[94.450179] (-) TimerEvent: {}
[94.550948] (-) TimerEvent: {}
[94.651379] (-) TimerEvent: {}
[94.751832] (-) TimerEvent: {}
[94.852307] (-) TimerEvent: {}
[94.953141] (-) TimerEvent: {}
[95.053828] (-) TimerEvent: {}
[95.158474] (-) TimerEvent: {}
[95.259428] (-) TimerEvent: {}
[95.359960] (-) TimerEvent: {}
[95.466340] (-) TimerEvent: {}
[95.566810] (-) TimerEvent: {}
[95.667404] (-) TimerEvent: {}
[95.768113] (-) TimerEvent: {}
[95.868614] (-) TimerEvent: {}
[95.969026] (-) TimerEvent: {}
[96.069528] (-) TimerEvent: {}
[96.169939] (-) TimerEvent: {}
[96.274310] (-) TimerEvent: {}
[96.375046] (-) TimerEvent: {}
[96.477817] (-) TimerEvent: {}
[96.581714] (-) TimerEvent: {}
[96.683051] (-) TimerEvent: {}
[96.784784] (-) TimerEvent: {}
[96.890387] (-) TimerEvent: {}
[96.998030] (-) TimerEvent: {}
[97.101273] (-) TimerEvent: {}
[97.206132] (-) TimerEvent: {}
[97.307141] (-) TimerEvent: {}
[97.408169] (-) TimerEvent: {}
[97.509757] (-) TimerEvent: {}
[97.617464] (-) TimerEvent: {}
[97.718459] (-) TimerEvent: {}
[97.820109] (-) TimerEvent: {}
[97.922806] (-) TimerEvent: {}
[98.023401] (-) TimerEvent: {}
[98.123954] (-) TimerEvent: {}
[98.229483] (-) TimerEvent: {}
[98.338905] (-) TimerEvent: {}
[98.443792] (-) TimerEvent: {}
[98.546664] (-) TimerEvent: {}
[98.647293] (-) TimerEvent: {}
[98.750331] (-) TimerEvent: {}
[98.855772] (-) TimerEvent: {}
[98.956542] (-) TimerEvent: {}
[99.057402] (-) TimerEvent: {}
[99.162918] (-) TimerEvent: {}
[99.265754] (-) TimerEvent: {}
[99.368182] (-) TimerEvent: {}
[99.470161] (-) TimerEvent: {}
[99.575532] (-) TimerEvent: {}
[99.680791] (-) TimerEvent: {}
[99.784529] (-) TimerEvent: {}
[99.885321] (-) TimerEvent: {}
[99.988163] (-) TimerEvent: {}
[100.090504] (-) TimerEvent: {}
[100.191108] (-) TimerEvent: {}
[100.292913] (-) TimerEvent: {}
[100.394876] (-) TimerEvent: {}
[100.498063] (-) TimerEvent: {}
[100.598895] (-) TimerEvent: {}
[100.700448] (-) TimerEvent: {}
[100.801015] (-) TimerEvent: {}
[100.903429] (-) TimerEvent: {}
[101.006425] (-) TimerEvent: {}
[101.110347] (-) TimerEvent: {}
[101.211200] (-) TimerEvent: {}
[101.314453] (-) TimerEvent: {}
[101.415034] (-) TimerEvent: {}
[101.515558] (-) TimerEvent: {}
[101.615993] (-) TimerEvent: {}
[101.716520] (-) TimerEvent: {}
[101.817155] (-) TimerEvent: {}
[101.917661] (-) TimerEvent: {}
[102.018161] (-) TimerEvent: {}
[102.118885] (-) TimerEvent: {}
[102.219553] (-) TimerEvent: {}
[102.320090] (-) TimerEvent: {}
[102.420647] (-) TimerEvent: {}
[102.521165] (-) TimerEvent: {}
[102.621795] (-) TimerEvent: {}
[102.723923] (-) TimerEvent: {}
[102.826619] (-) TimerEvent: {}
[102.927255] (-) TimerEvent: {}
[103.027774] (-) TimerEvent: {}
[103.128421] (-) TimerEvent: {}
[103.228842] (-) TimerEvent: {}
[103.330309] (-) TimerEvent: {}
[103.430715] (-) TimerEvent: {}
[103.531265] (-) TimerEvent: {}
[103.631739] (-) TimerEvent: {}
[103.732328] (-) TimerEvent: {}
[103.832855] (-) TimerEvent: {}
[103.938357] (-) TimerEvent: {}
[104.038790] (-) TimerEvent: {}
[104.139220] (-) TimerEvent: {}
[104.239722] (-) TimerEvent: {}
[104.340254] (-) TimerEvent: {}
[104.440697] (-) TimerEvent: {}
[104.541525] (-) TimerEvent: {}
[104.643661] (-) TimerEvent: {}
[104.750309] (-) TimerEvent: {}
[104.850823] (-) TimerEvent: {}
[104.951323] (-) TimerEvent: {}
[105.051852] (-) TimerEvent: {}
[105.152995] (-) TimerEvent: {}
[105.253570] (-) TimerEvent: {}
[105.354323] (-) TimerEvent: {}
[105.454897] (-) TimerEvent: {}
[105.555509] (-) TimerEvent: {}
[105.655942] (-) TimerEvent: {}
[105.756468] (-) TimerEvent: {}
[105.856991] (-) TimerEvent: {}
[105.957400] (-) TimerEvent: {}
[106.058674] (-) TimerEvent: {}
[106.159927] (-) TimerEvent: {}
[106.260719] (-) TimerEvent: {}
[106.361733] (-) TimerEvent: {}
[106.462367] (-) TimerEvent: {}
[106.562729] (-) TimerEvent: {}
[106.663121] (-) TimerEvent: {}
[106.763516] (-) TimerEvent: {}
[106.863883] (-) TimerEvent: {}
[106.964323] (-) TimerEvent: {}
[107.064763] (-) TimerEvent: {}
[107.165214] (-) TimerEvent: {}
[107.265810] (-) TimerEvent: {}
[107.366430] (-) TimerEvent: {}
[107.466903] (-) TimerEvent: {}
[107.567524] (-) TimerEvent: {}
[107.668181] (-) TimerEvent: {}
[107.768736] (-) TimerEvent: {}
[107.869453] (-) TimerEvent: {}
[107.974242] (-) TimerEvent: {}
[108.075669] (-) TimerEvent: {}
[108.176519] (-) TimerEvent: {}
[108.277618] (-) TimerEvent: {}
[108.378381] (-) TimerEvent: {}
[108.479190] (-) TimerEvent: {}
[108.582467] (-) TimerEvent: {}
[108.682967] (-) TimerEvent: {}
[108.783409] (-) TimerEvent: {}
[108.883870] (-) TimerEvent: {}
[108.984281] (-) TimerEvent: {}
[109.084844] (-) TimerEvent: {}
[109.185952] (-) TimerEvent: {}
[109.286833] (-) TimerEvent: {}
[109.387725] (-) TimerEvent: {}
[109.488151] (-) TimerEvent: {}
[109.588994] (-) TimerEvent: {}
[109.689402] (-) TimerEvent: {}
[109.789869] (-) TimerEvent: {}
[109.890364] (-) TimerEvent: {}
[109.990971] (-) TimerEvent: {}
[110.091967] (-) TimerEvent: {}
[110.193571] (-) TimerEvent: {}
[110.294088] (-) TimerEvent: {}
[110.394845] (-) TimerEvent: {}
[110.496301] (-) TimerEvent: {}
[110.596723] (-) TimerEvent: {}
[110.697152] (-) TimerEvent: {}
[110.797701] (-) TimerEvent: {}
[110.914057] (-) TimerEvent: {}
[111.015797] (-) TimerEvent: {}
[111.116242] (-) TimerEvent: {}
[111.220797] (-) TimerEvent: {}
[111.321350] (-) TimerEvent: {}
[111.421946] (-) TimerEvent: {}
[111.523248] (-) TimerEvent: {}
[111.623714] (-) TimerEvent: {}
[111.724232] (-) TimerEvent: {}
[111.828024] (-) TimerEvent: {}
[111.928664] (-) TimerEvent: {}
[112.029129] (-) TimerEvent: {}
[112.129861] (-) TimerEvent: {}
[112.230402] (-) TimerEvent: {}
[112.330811] (-) TimerEvent: {}
[112.431246] (-) TimerEvent: {}
[112.531602] (-) TimerEvent: {}
[112.632046] (-) TimerEvent: {}
[112.732471] (-) TimerEvent: {}
[112.832903] (-) TimerEvent: {}
[112.933309] (-) TimerEvent: {}
[113.034035] (-) TimerEvent: {}
[113.135107] (-) TimerEvent: {}
[113.236510] (-) TimerEvent: {}
[113.336884] (-) TimerEvent: {}
[113.438354] (-) TimerEvent: {}
[113.544860] (-) TimerEvent: {}
[113.647413] (-) TimerEvent: {}
[113.747877] (-) TimerEvent: {}
[113.848575] (-) TimerEvent: {}
[113.949132] (-) TimerEvent: {}
[114.049558] (-) TimerEvent: {}
[114.151859] (-) TimerEvent: {}
[114.255493] (-) TimerEvent: {}
[114.356755] (-) TimerEvent: {}
[114.459839] (-) TimerEvent: {}
[114.562704] (-) TimerEvent: {}
[114.663201] (-) TimerEvent: {}
[114.766348] (-) TimerEvent: {}
[114.870438] (-) TimerEvent: {}
[114.971035] (-) TimerEvent: {}
[115.071424] (-) TimerEvent: {}
[115.171856] (-) TimerEvent: {}
[115.272305] (-) TimerEvent: {}
[115.372817] (-) TimerEvent: {}
[115.473259] (-) TimerEvent: {}
[115.573685] (-) TimerEvent: {}
[115.674413] (-) TimerEvent: {}
[115.776078] (-) TimerEvent: {}
[115.876739] (-) TimerEvent: {}
[115.977215] (-) TimerEvent: {}
[116.078543] (-) TimerEvent: {}
[116.179752] (-) TimerEvent: {}
[116.280351] (-) TimerEvent: {}
[116.380828] (-) TimerEvent: {}
[116.485639] (-) TimerEvent: {}
[116.586120] (-) TimerEvent: {}
[116.687074] (-) TimerEvent: {}
[116.787633] (-) TimerEvent: {}
[116.788011] (package1) StdoutLine: {'line': b'[ 88%] \x1b[32m\x1b[1mLinking CXX shared library libpackage1.so\x1b[0m\n'}
[116.887906] (-) TimerEvent: {}
[116.988317] (-) TimerEvent: {}
[117.088797] (-) TimerEvent: {}
[117.189213] (-) TimerEvent: {}
[117.289638] (-) TimerEvent: {}
[117.390079] (-) TimerEvent: {}
[117.490567] (-) TimerEvent: {}
[117.591306] (-) TimerEvent: {}
[117.692356] (-) TimerEvent: {}
[117.793342] (-) TimerEvent: {}
[117.893765] (-) TimerEvent: {}
[117.994365] (-) TimerEvent: {}
[118.067362] (package1) StdoutLine: {'line': b'[100%] Built target package1\n'}
[118.094567] (-) TimerEvent: {}
[118.112158] (package1) CommandEnded: {'returncode': 0}
[118.195136] (-) TimerEvent: {}
[118.220985] (package1) JobProgress: {'identifier': 'package1', 'progress': 'install'}
[118.248121] (package1) Command: {'cmd': ['/usr/bin/cmake', '--install', '/home/ram-user/Documents/ASDfR/ros2_ws_a1/build/package1'], 'cwd': '/home/ram-user/Documents/ASDfR/ros2_ws_a1/build/package1', 'env': OrderedDict([('GJS_DEBUG_TOPICS', 'JS ERROR;JS LOG'), ('LESSOPEN', '| /usr/bin/lesspipe %s'), ('VSCODE_CWD', '/home/ram-user'), ('USER', 'ram-user'), ('SNAP_COMMON', '/var/snap/code/common'), ('LC_TIME', 'nl_NL.UTF-8'), ('VSCODE_NLS_CONFIG', '{"locale":"en-us","availableLanguages":{},"_languagePackSupport":true}'), ('VSCODE_HANDLES_UNCAUGHT_ERRORS', 'true'), ('XDG_SESSION_TYPE', 'wayland'), ('GIT_ASKPASS', '/snap/code/119/usr/share/code/resources/app/extensions/git/dist/askpass.sh'), ('SHLVL', '0'), ('LD_LIBRARY_PATH', '/opt/ros/humble/opt/rviz_ogre_vendor/lib:/opt/ros/humble/lib/x86_64-linux-gnu:/opt/ros/humble/lib'), ('HOME', '/home/ram-user'), ('CHROME_DESKTOP', 'code-url-handler.desktop'), ('SNAP_LIBRARY_PATH', '/var/lib/snapd/lib/gl:/var/lib/snapd/lib/gl32:/var/lib/snapd/void'), ('TERM_PROGRAM_VERSION', '1.75.1'), ('DESKTOP_SESSION', 'ubuntu'), ('SNAP_USER_DATA', '/home/ram-user/snap/code/119'), ('VSCODE_IPC_HOOK', '/run/user/1000/vscode-bd812c80-1.75.1-main.sock'), ('GIO_LAUNCHED_DESKTOP_FILE', '/var/lib/snapd/desktop/applications/code_code.desktop'), ('APPLICATION_INSIGHTS_NO_DIAGNOSTIC_CHANNEL', '1'), ('ROS_PYTHON_VERSION', '3'), ('GNOME_SHELL_SESSION_MODE', 'ubuntu'), ('GTK_MODULES', 'gail:atk-bridge'), ('VSCODE_GIT_ASKPASS_MAIN', '/snap/code/119/usr/share/code/resources/app/extensions/git/dist/askpass-main.js'), ('LC_MONETARY', 'nl_NL.UTF-8'), ('VSCODE_GIT_ASKPASS_NODE', '/snap/code/119/usr/share/code/code'), ('MANAGERPID', '1119'), ('SYSTEMD_EXEC_PID', '1243'), ('IM_CONFIG_CHECK_ENV', '1'), ('DBUS_SESSION_BUS_ADDRESS', 'unix:path=/run/user/1000/bus'), ('SNAP_REVISION', '119'), ('COLORTERM', 'truecolor'), ('GIO_LAUNCHED_DESKTOP_FILE_PID', '1894'), ('IM_CONFIG_PHASE', '1'), ('WAYLAND_DISPLAY', 'wayland-0'), ('VSCODE_L10N_BUNDLE_LOCATION', ''), ('COLCON_PREFIX_PATH', '/home/ram-user/Documents/ASDfR/ros2_ws_a1/install'), ('ROS_DISTRO', 'humble'), ('LOGNAME', 'ram-user'), ('_', '/usr/bin/colcon'), ('SNAP_CONTEXT', 'Tb1TBluQFrONpcSy4hRDJEZMN_I_jz-LHqHOo-SXJVGcnIma2h4B'), ('JOURNAL_STREAM', '8:22140'), ('ROS_VERSION', '2'), ('XDG_SESSION_CLASS', 'user'), ('SNAP_VERSION', '441438ab'), ('USERNAME', 'ram-user'), ('TERM', 'xterm-256color'), ('GNOME_DESKTOP_SESSION_ID', 'this-is-deprecated'), ('SNAP_INSTANCE_NAME', 'code'), ('ROS_LOCALHOST_ONLY', '1'), ('PATH', '/opt/ros/humble/bin:/usr/local/sbin:/usr/local/bin:/usr/sbin:/usr/bin:/sbin:/bin:/usr/games:/usr/local/games:/snap/bin:/snap/bin'), ('SESSION_MANAGER', 'local/ramuser-vm:@/tmp/.ICE-unix/1223,unix/ramuser-vm:/tmp/.ICE-unix/1223'), ('VSCODE_AMD_ENTRYPOINT', 'vs/workbench/api/node/extensionHostProcess'), ('INVOCATION_ID', '348d659bd7b249f384d08a19c07d51d7'), ('XDG_MENU_PREFIX', 'gnome-'), ('LC_ADDRESS', 'nl_NL.UTF-8'), ('BAMF_DESKTOP_FILE_HINT', '/var/lib/snapd/desktop/applications/code_code.desktop'), ('GNOME_SETUP_DISPLAY', ':1'), ('SNAP_DATA', '/var/snap/code/119'), ('XDG_RUNTIME_DIR', '/run/user/1000'), ('GDK_BACKEND', 'x11'), ('DISPLAY', ':0'), ('LANG', 'en_US.UTF-8'), ('XDG_CURRENT_DESKTOP', 'Unity'), ('LC_TELEPHONE', 'nl_NL.UTF-8'), ('XMODIFIERS', '@im=ibus'), ('XDG_SESSION_DESKTOP', 'ubuntu'), ('XAUTHORITY', '/run/user/1000/.mutter-Xwaylandauth.9XJO01'), ('VSCODE_GIT_IPC_HANDLE', '/run/user/1000/vscode-git-0955216fa2.sock'), ('TERM_PROGRAM', 'vscode'), ('SSH_AGENT_LAUNCHER', 'gnome-keyring'), ('SNAP_USER_COMMON', '/home/ram-user/snap/code/common'), ('SSH_AUTH_SOCK', '/run/user/1000/keyring/ssh'), ('GSETTINGS_SCHEMA_DIR', '/snap/code/119/usr/share/glib-2.0/schemas'), ('ROS_DOMAIN_ID', '69'), ('SNAP_ARCH', 'amd64'), ('AMENT_PREFIX_PATH', '/home/ram-user/Documents/ASDfR/ros2_ws_a1/install/package1:/opt/ros/humble'), ('SNAP_COOKIE', 'Tb1TBluQFrONpcSy4hRDJEZMN_I_jz-LHqHOo-SXJVGcnIma2h4B'), ('ORIGINAL_XDG_CURRENT_DESKTOP', 'ubuntu:GNOME'), ('SHELL', '/bin/bash'), ('LC_NAME', 'nl_NL.UTF-8'), ('GDK_PIXBUF_MODULEDIR', '/snap/code/119/usr/lib/x86_64-linux-gnu/gdk-pixbuf-2.0/2.10.0/loaders'), ('QT_ACCESSIBILITY', '1'), ('ELECTRON_RUN_AS_NODE', '1'), ('GDMSESSION', 'ubuntu'), ('LESSCLOSE', '/usr/bin/lesspipe %s %s'), ('SNAP_NAME', 'code'), ('LC_MEASUREMENT', 'nl_NL.UTF-8'), ('GDK_PIXBUF_MODULE_FILE', '/home/ram-user/snap/code/common/.cache/gdk-pixbuf-loaders.cache'), ('GJS_DEBUG_OUTPUT', 'stderr'), ('LC_IDENTIFICATION', 'nl_NL.UTF-8'), ('VSCODE_GIT_ASKPASS_EXTRA_ARGS', '--ms-enable-electron-run-as-node'), ('QT_IM_MODULE', 'ibus'), ('PWD', '/home/ram-user/Documents/ASDfR/ros2_ws_a1/build/package1'), ('VSCODE_CLI', '1'), ('LC_ALL', 'en_US.UTF-8'), ('XDG_CONFIG_DIRS', '/etc/xdg/xdg-ubuntu:/etc/xdg'), ('SNAP_REAL_HOME', '/home/ram-user'), ('VSCODE_CODE_CACHE_PATH', '/home/ram-user/.config/Code/CachedData/441438abd1ac652551dbe4d408dfcec8a499b8bf'), ('XDG_DATA_DIRS', '/usr/share/ubuntu:/usr/local/share/:/usr/share/:/var/lib/snapd/desktop'), ('PYTHONPATH', '/opt/ros/humble/lib/python3.10/site-packages:/opt/ros/humble/local/lib/python3.10/dist-packages'), ('SNAP', '/snap/code/119'), ('LC_NUMERIC', 'nl_NL.UTF-8'), ('LC_PAPER', 'nl_NL.UTF-8'), ('COLCON', '1'), ('ELECTRON_NO_ATTACH_CONSOLE', '1'), ('CMAKE_PREFIX_PATH', '/home/ram-user/Documents/ASDfR/ros2_ws_a1/install/package1:/opt/ros/humble'), ('VSCODE_PID', '1938')]), 'shell': False}
[118.274921] (package1) StdoutLine: {'line': b'-- Install configuration: "RelWithDebInfo"\n'}
[118.278074] (package1) StdoutLine: {'line': b'-- Execute custom install script\n'}
[118.278939] (package1) StdoutLine: {'line': b'-- Symlinking: /home/ram-user/Documents/ASDfR/ros2_ws_a1/install/package1/lib/package1/cam2image\n'}
[118.295471] (-) TimerEvent: {}
[118.308451] (package1) StdoutLine: {'line': b'-- Symlinking: /home/ram-user/Documents/ASDfR/ros2_ws_a1/install/package1/lib/package1/showimage\n'}
[118.331918] (package1) StdoutLine: {'line': b'-- Symlinking: /home/ram-user/Documents/ASDfR/ros2_ws_a1/install/package1/include/package1/package1/cv_mat_sensor_msgs_image_type_adapter.hpp\n'}
[118.355878] (package1) StdoutLine: {'line': b'-- Symlinking: /home/ram-user/Documents/ASDfR/ros2_ws_a1/install/package1/include/package1/package1/visibility_control.h\n'}
[118.395645] (-) TimerEvent: {}
[118.410989] (package1) StdoutLine: {'line': b'-- Symlinking: /home/ram-user/Documents/ASDfR/ros2_ws_a1/install/package1/share/package1/environment/library_path.sh\n'}
[118.443865] (package1) StdoutLine: {'line': b'-- Symlinking: /home/ram-user/Documents/ASDfR/ros2_ws_a1/install/package1/share/package1/environment/library_path.dsv\n'}
[118.478394] (package1) StdoutLine: {'line': b'-- Symlinking: /home/ram-user/Documents/ASDfR/ros2_ws_a1/install/package1/share/package1//launch/assignment111.launch.py\n'}
[118.495813] (-) TimerEvent: {}
[118.527343] (package1) StdoutLine: {'line': b'-- Up-to-date symlink: /home/ram-user/Documents/ASDfR/ros2_ws_a1/install/package1/share/package1//launch/assignment112.launch.py\n'}
[118.532735] (package1) StdoutLine: {'line': b'-- Up-to-date symlink: /home/ram-user/Documents/ASDfR/ros2_ws_a1/install/package1/share/package1//launch/assignment113.launch.py\n'}
[118.533174] (package1) StdoutLine: {'line': b'-- Up-to-date symlink: /home/ram-user/Documents/ASDfR/ros2_ws_a1/install/package1/share/ament_index/resource_index/package_run_dependencies/package1\n'}
[118.533299] (package1) StdoutLine: {'line': b'-- Up-to-date symlink: /home/ram-user/Documents/ASDfR/ros2_ws_a1/install/package1/share/ament_index/resource_index/parent_prefix_path/package1\n'}
[118.535461] (package1) StdoutLine: {'line': b'-- Up-to-date symlink: /home/ram-user/Documents/ASDfR/ros2_ws_a1/install/package1/share/package1/environment/ament_prefix_path.sh\n'}
[118.540408] (package1) StdoutLine: {'line': b'-- Up-to-date symlink: /home/ram-user/Documents/ASDfR/ros2_ws_a1/install/package1/share/package1/environment/ament_prefix_path.dsv\n'}
[118.540669] (package1) StdoutLine: {'line': b'-- Up-to-date symlink: /home/ram-user/Documents/ASDfR/ros2_ws_a1/install/package1/share/package1/environment/path.sh\n'}
[118.540781] (package1) StdoutLine: {'line': b'-- Up-to-date symlink: /home/ram-user/Documents/ASDfR/ros2_ws_a1/install/package1/share/package1/environment/path.dsv\n'}
[118.540881] (package1) StdoutLine: {'line': b'-- Up-to-date symlink: /home/ram-user/Documents/ASDfR/ros2_ws_a1/install/package1/share/package1/local_setup.bash\n'}
[118.541031] (package1) StdoutLine: {'line': b'-- Up-to-date symlink: /home/ram-user/Documents/ASDfR/ros2_ws_a1/install/package1/share/package1/local_setup.sh\n'}
[118.541133] (package1) StdoutLine: {'line': b'-- Up-to-date symlink: /home/ram-user/Documents/ASDfR/ros2_ws_a1/install/package1/share/package1/local_setup.zsh\n'}
[118.541226] (package1) StdoutLine: {'line': b'-- Up-to-date symlink: /home/ram-user/Documents/ASDfR/ros2_ws_a1/install/package1/share/package1/local_setup.dsv\n'}
[118.541337] (package1) StdoutLine: {'line': b'-- Symlinking: /home/ram-user/Documents/ASDfR/ros2_ws_a1/install/package1/share/package1/package.dsv\n'}
[118.574504] (package1) StdoutLine: {'line': b'-- Up-to-date symlink: /home/ram-user/Documents/ASDfR/ros2_ws_a1/install/package1/share/ament_index/resource_index/packages/package1\n'}
[118.577901] (package1) StdoutLine: {'line': b'-- Symlinking: /home/ram-user/Documents/ASDfR/ros2_ws_a1/install/package1/share/ament_index/resource_index/rclcpp_components/package1\n'}
[118.596062] (-) TimerEvent: {}
[118.614148] (package1) StdoutLine: {'line': b'-- Symlinking: /home/ram-user/Documents/ASDfR/ros2_ws_a1/install/package1/share/package1/cmake/ament_cmake_export_libraries-extras.cmake\n'}
[118.644875] (package1) StdoutLine: {'line': b'-- Symlinking: /home/ram-user/Documents/ASDfR/ros2_ws_a1/install/package1/share/package1/cmake/ament_cmake_export_targets-extras.cmake\n'}
[118.680692] (package1) StdoutLine: {'line': b'-- Symlinking: /home/ram-user/Documents/ASDfR/ros2_ws_a1/install/package1/share/package1/cmake/ament_cmake_export_dependencies-extras.cmake\n'}
[118.698468] (-) TimerEvent: {}
[118.730322] (package1) StdoutLine: {'line': b'-- Up-to-date symlink: /home/ram-user/Documents/ASDfR/ros2_ws_a1/install/package1/share/package1/cmake/package1Config.cmake\n'}
[118.730615] (package1) StdoutLine: {'line': b'-- Up-to-date symlink: /home/ram-user/Documents/ASDfR/ros2_ws_a1/install/package1/share/package1/cmake/package1Config-version.cmake\n'}
[118.730749] (package1) StdoutLine: {'line': b'-- Up-to-date symlink: /home/ram-user/Documents/ASDfR/ros2_ws_a1/install/package1/share/package1/package.xml\n'}
[118.738529] (package1) StdoutLine: {'line': b'-- Installing: /home/ram-user/Documents/ASDfR/ros2_ws_a1/install/package1/lib/libpackage1.so\n'}
[118.798731] (-) TimerEvent: {}
[118.810900] (package1) StdoutLine: {'line': b'-- Set runtime path of "/home/ram-user/Documents/ASDfR/ros2_ws_a1/install/package1/lib/libpackage1.so" to ""\n'}
[118.811837] (package1) StdoutLine: {'line': b'-- Installing: /home/ram-user/Documents/ASDfR/ros2_ws_a1/install/package1/share/package1/cmake/package1Export.cmake\n'}
[118.814295] (package1) StdoutLine: {'line': b'-- Installing: /home/ram-user/Documents/ASDfR/ros2_ws_a1/install/package1/share/package1/cmake/package1Export-relwithdebinfo.cmake\n'}
[118.834406] (package1) CommandEnded: {'returncode': 0}
[118.905328] (-) TimerEvent: {}
[119.005874] (-) TimerEvent: {}
[119.106367] (-) TimerEvent: {}
[119.226729] (-) TimerEvent: {}
[119.263381] (package1) JobEnded: {'identifier': 'package1', 'rc': 0}
[119.264914] (-) EventReactorShutdown: {}
