[1.094s] DEBUG:colcon:Command line arguments: ['/usr/bin/colcon', 'build', '--symlink-install', '--event-handlers', 'console_cohesion+', '--base-paths', '/home/ram-user/Documents/ASDfR/ros2_ws_a1', '--cmake-args', '-DCMAKE_BUILD_TYPE=RelWithDebInfo']
[1.094s] DEBUG:colcon:Parsed command line arguments: Namespace(log_base=None, log_level=None, verb_name='build', build_base='build', install_base='install', merge_install=False, symlink_install=True, test_result_base=None, continue_on_error=False, executor='parallel', parallel_workers=2, event_handlers=['console_cohesion+'], ignore_user_meta=False, metas=['./colcon.meta'], base_paths=['/home/ram-user/Documents/ASDfR/ros2_ws_a1'], packages_ignore=None, packages_ignore_regex=None, paths=None, packages_up_to=None, packages_up_to_regex=None, packages_above=None, packages_above_and_dependencies=None, packages_above_depth=None, packages_select_by_dep=None, packages_skip_by_dep=None, packages_skip_up_to=None, packages_select_build_failed=False, packages_skip_build_finished=False, packages_select_test_failures=False, packages_skip_test_passed=False, packages_select=None, packages_skip=None, packages_select_regex=None, packages_skip_regex=None, packages_start=None, packages_end=None, allow_overriding=[], cmake_args=['-DCMAKE_BUILD_TYPE=RelWithDebInfo'], cmake_target=None, cmake_target_skip_unavailable=False, cmake_clean_cache=False, cmake_clean_first=False, cmake_force_configure=False, ament_cmake_args=None, catkin_cmake_args=None, catkin_skip_building_tests=False, verb_parser=<colcon_defaults.argument_parser.defaults.DefaultArgumentsDecorator object at 0x7f4cd48f0280>, verb_extension=<colcon_core.verb.build.BuildVerb object at 0x7f4cd51c60b0>, main=<bound method BuildVerb.main of <colcon_core.verb.build.BuildVerb object at 0x7f4cd51c60b0>>)
[1.155s] Level 1:colcon.colcon_core.package_discovery:discover_packages(colcon_meta) check parameters
[1.155s] Level 1:colcon.colcon_core.package_discovery:discover_packages(recursive) check parameters
[1.155s] Level 1:colcon.colcon_core.package_discovery:discover_packages(ignore) check parameters
[1.155s] Level 1:colcon.colcon_core.package_discovery:discover_packages(path) check parameters
[1.155s] Level 1:colcon.colcon_core.package_discovery:discover_packages(recursive) discover
[1.155s] INFO:colcon.colcon_core.package_discovery:Crawling recursively for packages in '/home/ram-user/Documents/ASDfR/ros2_ws_a1'
[1.155s] Level 1:colcon.colcon_core.package_identification:_identify(/home/ram-user/Documents/ASDfR/ros2_ws_a1) by extensions ['ignore', 'ignore_ament_install']
[1.156s] Level 1:colcon.colcon_core.package_identification:_identify(/home/ram-user/Documents/ASDfR/ros2_ws_a1) by extension 'ignore'
[1.156s] Level 1:colcon.colcon_core.package_identification:_identify(/home/ram-user/Documents/ASDfR/ros2_ws_a1) by extension 'ignore_ament_install'
[1.156s] Level 1:colcon.colcon_core.package_identification:_identify(/home/ram-user/Documents/ASDfR/ros2_ws_a1) by extensions ['colcon_pkg']
[1.156s] Level 1:colcon.colcon_core.package_identification:_identify(/home/ram-user/Documents/ASDfR/ros2_ws_a1) by extension 'colcon_pkg'
[1.156s] Level 1:colcon.colcon_core.package_identification:_identify(/home/ram-user/Documents/ASDfR/ros2_ws_a1) by extensions ['colcon_meta']
[1.156s] Level 1:colcon.colcon_core.package_identification:_identify(/home/ram-user/Documents/ASDfR/ros2_ws_a1) by extension 'colcon_meta'
[1.156s] Level 1:colcon.colcon_core.package_identification:_identify(/home/ram-user/Documents/ASDfR/ros2_ws_a1) by extensions ['ros']
[1.156s] Level 1:colcon.colcon_core.package_identification:_identify(/home/ram-user/Documents/ASDfR/ros2_ws_a1) by extension 'ros'
[1.221s] Level 1:colcon.colcon_core.package_identification:_identify(/home/ram-user/Documents/ASDfR/ros2_ws_a1) by extensions ['cmake', 'python']
[1.221s] Level 1:colcon.colcon_core.package_identification:_identify(/home/ram-user/Documents/ASDfR/ros2_ws_a1) by extension 'cmake'
[1.222s] Level 1:colcon.colcon_core.package_identification:_identify(/home/ram-user/Documents/ASDfR/ros2_ws_a1) by extension 'python'
[1.222s] Level 1:colcon.colcon_core.package_identification:_identify(/home/ram-user/Documents/ASDfR/ros2_ws_a1) by extensions ['python_setup_py']
[1.222s] Level 1:colcon.colcon_core.package_identification:_identify(/home/ram-user/Documents/ASDfR/ros2_ws_a1) by extension 'python_setup_py'
[1.222s] Level 1:colcon.colcon_core.package_identification:_identify(/home/ram-user/Documents/ASDfR/ros2_ws_a1/build) by extensions ['ignore', 'ignore_ament_install']
[1.222s] Level 1:colcon.colcon_core.package_identification:_identify(/home/ram-user/Documents/ASDfR/ros2_ws_a1/build) by extension 'ignore'
[1.222s] Level 1:colcon.colcon_core.package_identification:_identify(/home/ram-user/Documents/ASDfR/ros2_ws_a1/build) ignored
[1.223s] Level 1:colcon.colcon_core.package_identification:_identify(/home/ram-user/Documents/ASDfR/ros2_ws_a1/install) by extensions ['ignore', 'ignore_ament_install']
[1.223s] Level 1:colcon.colcon_core.package_identification:_identify(/home/ram-user/Documents/ASDfR/ros2_ws_a1/install) by extension 'ignore'
[1.223s] Level 1:colcon.colcon_core.package_identification:_identify(/home/ram-user/Documents/ASDfR/ros2_ws_a1/install) ignored
[1.223s] Level 1:colcon.colcon_core.package_identification:_identify(/home/ram-user/Documents/ASDfR/ros2_ws_a1/log) by extensions ['ignore', 'ignore_ament_install']
[1.223s] Level 1:colcon.colcon_core.package_identification:_identify(/home/ram-user/Documents/ASDfR/ros2_ws_a1/log) by extension 'ignore'
[1.223s] Level 1:colcon.colcon_core.package_identification:_identify(/home/ram-user/Documents/ASDfR/ros2_ws_a1/log) ignored
[1.224s] Level 1:colcon.colcon_core.package_identification:_identify(/home/ram-user/Documents/ASDfR/ros2_ws_a1/src) by extensions ['ignore', 'ignore_ament_install']
[1.224s] Level 1:colcon.colcon_core.package_identification:_identify(/home/ram-user/Documents/ASDfR/ros2_ws_a1/src) by extension 'ignore'
[1.224s] Level 1:colcon.colcon_core.package_identification:_identify(/home/ram-user/Documents/ASDfR/ros2_ws_a1/src) by extension 'ignore_ament_install'
[1.224s] Level 1:colcon.colcon_core.package_identification:_identify(/home/ram-user/Documents/ASDfR/ros2_ws_a1/src) by extensions ['colcon_pkg']
[1.224s] Level 1:colcon.colcon_core.package_identification:_identify(/home/ram-user/Documents/ASDfR/ros2_ws_a1/src) by extension 'colcon_pkg'
[1.224s] Level 1:colcon.colcon_core.package_identification:_identify(/home/ram-user/Documents/ASDfR/ros2_ws_a1/src) by extensions ['colcon_meta']
[1.224s] Level 1:colcon.colcon_core.package_identification:_identify(/home/ram-user/Documents/ASDfR/ros2_ws_a1/src) by extension 'colcon_meta'
[1.224s] Level 1:colcon.colcon_core.package_identification:_identify(/home/ram-user/Documents/ASDfR/ros2_ws_a1/src) by extensions ['ros']
[1.224s] Level 1:colcon.colcon_core.package_identification:_identify(/home/ram-user/Documents/ASDfR/ros2_ws_a1/src) by extension 'ros'
[1.224s] Level 1:colcon.colcon_core.package_identification:_identify(/home/ram-user/Documents/ASDfR/ros2_ws_a1/src) by extensions ['cmake', 'python']
[1.224s] Level 1:colcon.colcon_core.package_identification:_identify(/home/ram-user/Documents/ASDfR/ros2_ws_a1/src) by extension 'cmake'
[1.225s] Level 1:colcon.colcon_core.package_identification:_identify(/home/ram-user/Documents/ASDfR/ros2_ws_a1/src) by extension 'python'
[1.225s] Level 1:colcon.colcon_core.package_identification:_identify(/home/ram-user/Documents/ASDfR/ros2_ws_a1/src) by extensions ['python_setup_py']
[1.225s] Level 1:colcon.colcon_core.package_identification:_identify(/home/ram-user/Documents/ASDfR/ros2_ws_a1/src) by extension 'python_setup_py'
[1.225s] Level 1:colcon.colcon_core.package_identification:_identify(/home/ram-user/Documents/ASDfR/ros2_ws_a1/src/package1) by extensions ['ignore', 'ignore_ament_install']
[1.225s] Level 1:colcon.colcon_core.package_identification:_identify(/home/ram-user/Documents/ASDfR/ros2_ws_a1/src/package1) by extension 'ignore'
[1.225s] Level 1:colcon.colcon_core.package_identification:_identify(/home/ram-user/Documents/ASDfR/ros2_ws_a1/src/package1) by extension 'ignore_ament_install'
[1.225s] Level 1:colcon.colcon_core.package_identification:_identify(/home/ram-user/Documents/ASDfR/ros2_ws_a1/src/package1) by extensions ['colcon_pkg']
[1.225s] Level 1:colcon.colcon_core.package_identification:_identify(/home/ram-user/Documents/ASDfR/ros2_ws_a1/src/package1) by extension 'colcon_pkg'
[1.225s] Level 1:colcon.colcon_core.package_identification:_identify(/home/ram-user/Documents/ASDfR/ros2_ws_a1/src/package1) by extensions ['colcon_meta']
[1.225s] Level 1:colcon.colcon_core.package_identification:_identify(/home/ram-user/Documents/ASDfR/ros2_ws_a1/src/package1) by extension 'colcon_meta'
[1.226s] Level 1:colcon.colcon_core.package_identification:_identify(/home/ram-user/Documents/ASDfR/ros2_ws_a1/src/package1) by extensions ['ros']
[1.226s] Level 1:colcon.colcon_core.package_identification:_identify(/home/ram-user/Documents/ASDfR/ros2_ws_a1/src/package1) by extension 'ros'
[1.245s] DEBUG:colcon.colcon_core.package_identification:Package '/home/ram-user/Documents/ASDfR/ros2_ws_a1/src/package1' with type 'ros.ament_cmake' and name 'package1'
[1.246s] Level 1:colcon.colcon_core.package_discovery:discover_packages(recursive) using defaults
[1.308s] Level 1:colcon.colcon_core.package_discovery:discover_packages(prefix_path) check parameters
[1.308s] Level 1:colcon.colcon_core.package_discovery:discover_packages(prefix_path) discover
[1.313s] DEBUG:colcon.colcon_installed_package_information.package_discovery:Found 1 installed packages in /home/ram-user/Documents/ASDfR/ros2_ws_a1/install
[1.318s] DEBUG:colcon.colcon_installed_package_information.package_discovery:Found 284 installed packages in /opt/ros/humble
[1.329s] Level 1:colcon.colcon_core.package_discovery:discover_packages(prefix_path) using defaults
[1.545s] Level 5:colcon.colcon_core.verb:set package 'package1' build argument 'cmake_args' from command line to '['-DCMAKE_BUILD_TYPE=RelWithDebInfo']'
[1.545s] Level 5:colcon.colcon_core.verb:set package 'package1' build argument 'cmake_target' from command line to 'None'
[1.546s] Level 5:colcon.colcon_core.verb:set package 'package1' build argument 'cmake_target_skip_unavailable' from command line to 'False'
[1.546s] Level 5:colcon.colcon_core.verb:set package 'package1' build argument 'cmake_clean_cache' from command line to 'False'
[1.546s] Level 5:colcon.colcon_core.verb:set package 'package1' build argument 'cmake_clean_first' from command line to 'False'
[1.546s] Level 5:colcon.colcon_core.verb:set package 'package1' build argument 'cmake_force_configure' from command line to 'False'
[1.546s] Level 5:colcon.colcon_core.verb:set package 'package1' build argument 'ament_cmake_args' from command line to 'None'
[1.546s] Level 5:colcon.colcon_core.verb:set package 'package1' build argument 'catkin_cmake_args' from command line to 'None'
[1.546s] Level 5:colcon.colcon_core.verb:set package 'package1' build argument 'catkin_skip_building_tests' from command line to 'False'
[1.546s] DEBUG:colcon.colcon_core.verb:Building package 'package1' with the following arguments: {'ament_cmake_args': None, 'build_base': '/home/ram-user/Documents/ASDfR/ros2_ws_a1/build/package1', 'catkin_cmake_args': None, 'catkin_skip_building_tests': False, 'cmake_args': ['-DCMAKE_BUILD_TYPE=RelWithDebInfo'], 'cmake_clean_cache': False, 'cmake_clean_first': False, 'cmake_force_configure': False, 'cmake_target': None, 'cmake_target_skip_unavailable': False, 'install_base': '/home/ram-user/Documents/ASDfR/ros2_ws_a1/install/package1', 'merge_install': False, 'path': '/home/ram-user/Documents/ASDfR/ros2_ws_a1/src/package1', 'symlink_install': True, 'test_result_base': None}
[1.547s] INFO:colcon.colcon_core.executor:Executing jobs using 'parallel' executor
[1.564s] DEBUG:colcon.colcon_parallel_executor.executor.parallel:run_until_complete
[1.565s] INFO:colcon.colcon_ros.task.ament_cmake.build:Building ROS package in '/home/ram-user/Documents/ASDfR/ros2_ws_a1/src/package1' with build type 'ament_cmake'
[1.565s] INFO:colcon.colcon_cmake.task.cmake.build:Building CMake package in '/home/ram-user/Documents/ASDfR/ros2_ws_a1/src/package1'
[1.585s] INFO:colcon.colcon_core.plugin_system:Skipping extension 'colcon_core.shell.bat': Not used on non-Windows systems
[1.594s] INFO:colcon.colcon_core.shell:Skip shell extension 'powershell' for command environment: Not usable outside of PowerShell
[1.594s] DEBUG:colcon.colcon_core.shell:Skip shell extension 'dsv' for command environment
[1.641s] DEBUG:colcon.colcon_core.event_handler.log_command:Invoking command in '/home/ram-user/Documents/ASDfR/ros2_ws_a1/build/package1': CMAKE_PREFIX_PATH=${CMAKE_PREFIX_PATH}:/opt/ros/humble /usr/bin/cmake --build /home/ram-user/Documents/ASDfR/ros2_ws_a1/build/package1 -- -j2 -l2
[119.672s] DEBUG:colcon.colcon_core.event_handler.log_command:Invoked command in '/home/ram-user/Documents/ASDfR/ros2_ws_a1/build/package1' returned '0': CMAKE_PREFIX_PATH=${CMAKE_PREFIX_PATH}:/opt/ros/humble /usr/bin/cmake --build /home/ram-user/Documents/ASDfR/ros2_ws_a1/build/package1 -- -j2 -l2
[119.808s] DEBUG:colcon.colcon_core.event_handler.log_command:Invoking command in '/home/ram-user/Documents/ASDfR/ros2_ws_a1/build/package1': CMAKE_PREFIX_PATH=${CMAKE_PREFIX_PATH}:/opt/ros/humble /usr/bin/cmake --install /home/ram-user/Documents/ASDfR/ros2_ws_a1/build/package1
[120.380s] Level 1:colcon.colcon_core.environment:create_environment_scripts_only(package1)
[120.395s] DEBUG:colcon.colcon_core.event_handler.log_command:Invoked command in '/home/ram-user/Documents/ASDfR/ros2_ws_a1/build/package1' returned '0': CMAKE_PREFIX_PATH=${CMAKE_PREFIX_PATH}:/opt/ros/humble /usr/bin/cmake --install /home/ram-user/Documents/ASDfR/ros2_ws_a1/build/package1
[120.409s] Level 1:colcon.colcon_core.environment:checking '/home/ram-user/Documents/ASDfR/ros2_ws_a1/install/package1' for CMake module files
[120.412s] Level 1:colcon.colcon_core.environment:checking '/home/ram-user/Documents/ASDfR/ros2_ws_a1/install/package1' for CMake config files
[120.413s] Level 1:colcon.colcon_core.shell:create_environment_hook('package1', 'cmake_prefix_path')
[120.439s] INFO:colcon.colcon_core.shell:Creating environment hook '/home/ram-user/Documents/ASDfR/ros2_ws_a1/install/package1/share/package1/hook/cmake_prefix_path.ps1'
[120.443s] INFO:colcon.colcon_core.shell:Creating environment descriptor '/home/ram-user/Documents/ASDfR/ros2_ws_a1/install/package1/share/package1/hook/cmake_prefix_path.dsv'
[120.447s] INFO:colcon.colcon_core.shell:Creating environment hook '/home/ram-user/Documents/ASDfR/ros2_ws_a1/install/package1/share/package1/hook/cmake_prefix_path.sh'
[120.466s] Level 1:colcon.colcon_core.environment:checking '/home/ram-user/Documents/ASDfR/ros2_ws_a1/install/package1/lib'
[120.466s] Level 1:colcon.colcon_core.shell:create_environment_hook('package1', 'ld_library_path_lib')
[120.469s] INFO:colcon.colcon_core.shell:Creating environment hook '/home/ram-user/Documents/ASDfR/ros2_ws_a1/install/package1/share/package1/hook/ld_library_path_lib.ps1'
[120.482s] INFO:colcon.colcon_core.shell:Creating environment descriptor '/home/ram-user/Documents/ASDfR/ros2_ws_a1/install/package1/share/package1/hook/ld_library_path_lib.dsv'
[120.482s] INFO:colcon.colcon_core.shell:Creating environment hook '/home/ram-user/Documents/ASDfR/ros2_ws_a1/install/package1/share/package1/hook/ld_library_path_lib.sh'
[120.483s] Level 1:colcon.colcon_core.environment:checking '/home/ram-user/Documents/ASDfR/ros2_ws_a1/install/package1/bin'
[120.483s] Level 1:colcon.colcon_core.environment:checking '/home/ram-user/Documents/ASDfR/ros2_ws_a1/install/package1/lib/pkgconfig/package1.pc'
[120.484s] Level 1:colcon.colcon_core.environment:checking '/home/ram-user/Documents/ASDfR/ros2_ws_a1/install/package1/lib/python3.10/site-packages'
[120.484s] Level 1:colcon.colcon_core.environment:checking '/home/ram-user/Documents/ASDfR/ros2_ws_a1/install/package1/bin'
[120.487s] INFO:colcon.colcon_core.shell:Creating package script '/home/ram-user/Documents/ASDfR/ros2_ws_a1/install/package1/share/package1/package.ps1'
[120.489s] INFO:colcon.colcon_core.shell:Creating package descriptor '/home/ram-user/Documents/ASDfR/ros2_ws_a1/install/package1/share/package1/package.dsv'
[120.490s] INFO:colcon.colcon_core.shell:Creating package script '/home/ram-user/Documents/ASDfR/ros2_ws_a1/install/package1/share/package1/package.sh'
[120.491s] INFO:colcon.colcon_core.shell:Creating package script '/home/ram-user/Documents/ASDfR/ros2_ws_a1/install/package1/share/package1/package.bash'
[120.493s] INFO:colcon.colcon_core.shell:Creating package script '/home/ram-user/Documents/ASDfR/ros2_ws_a1/install/package1/share/package1/package.zsh'
[120.497s] Level 1:colcon.colcon_core.environment:create_file_with_runtime_dependencies(/home/ram-user/Documents/ASDfR/ros2_ws_a1/install/package1/share/colcon-core/packages/package1)
[120.759s] Level 1:colcon.colcon_core.environment:create_environment_scripts_only(package1)
[120.776s] Level 1:colcon.colcon_core.environment:checking '/home/ram-user/Documents/ASDfR/ros2_ws_a1/install/package1' for CMake module files
[120.788s] Level 1:colcon.colcon_core.environment:checking '/home/ram-user/Documents/ASDfR/ros2_ws_a1/install/package1' for CMake config files
[120.788s] Level 1:colcon.colcon_core.shell:create_environment_hook('package1', 'cmake_prefix_path')
[120.791s] INFO:colcon.colcon_core.shell:Creating environment hook '/home/ram-user/Documents/ASDfR/ros2_ws_a1/install/package1/share/package1/hook/cmake_prefix_path.ps1'
[120.792s] INFO:colcon.colcon_core.shell:Creating environment descriptor '/home/ram-user/Documents/ASDfR/ros2_ws_a1/install/package1/share/package1/hook/cmake_prefix_path.dsv'
[120.793s] INFO:colcon.colcon_core.shell:Creating environment hook '/home/ram-user/Documents/ASDfR/ros2_ws_a1/install/package1/share/package1/hook/cmake_prefix_path.sh'
[120.799s] Level 1:colcon.colcon_core.environment:checking '/home/ram-user/Documents/ASDfR/ros2_ws_a1/install/package1/lib'
[120.799s] Level 1:colcon.colcon_core.shell:create_environment_hook('package1', 'ld_library_path_lib')
[120.803s] INFO:colcon.colcon_core.shell:Creating environment hook '/home/ram-user/Documents/ASDfR/ros2_ws_a1/install/package1/share/package1/hook/ld_library_path_lib.ps1'
[120.804s] INFO:colcon.colcon_core.shell:Creating environment descriptor '/home/ram-user/Documents/ASDfR/ros2_ws_a1/install/package1/share/package1/hook/ld_library_path_lib.dsv'
[120.805s] INFO:colcon.colcon_core.shell:Creating environment hook '/home/ram-user/Documents/ASDfR/ros2_ws_a1/install/package1/share/package1/hook/ld_library_path_lib.sh'
[120.807s] Level 1:colcon.colcon_core.environment:checking '/home/ram-user/Documents/ASDfR/ros2_ws_a1/install/package1/bin'
[120.807s] Level 1:colcon.colcon_core.environment:checking '/home/ram-user/Documents/ASDfR/ros2_ws_a1/install/package1/lib/pkgconfig/package1.pc'
[120.807s] Level 1:colcon.colcon_core.environment:checking '/home/ram-user/Documents/ASDfR/ros2_ws_a1/install/package1/lib/python3.10/site-packages'
[120.807s] Level 1:colcon.colcon_core.environment:checking '/home/ram-user/Documents/ASDfR/ros2_ws_a1/install/package1/bin'
[120.812s] INFO:colcon.colcon_core.shell:Creating package script '/home/ram-user/Documents/ASDfR/ros2_ws_a1/install/package1/share/package1/package.ps1'
[120.814s] INFO:colcon.colcon_core.shell:Creating package descriptor '/home/ram-user/Documents/ASDfR/ros2_ws_a1/install/package1/share/package1/package.dsv'
[120.818s] INFO:colcon.colcon_core.shell:Creating package script '/home/ram-user/Documents/ASDfR/ros2_ws_a1/install/package1/share/package1/package.sh'
[120.820s] INFO:colcon.colcon_core.shell:Creating package script '/home/ram-user/Documents/ASDfR/ros2_ws_a1/install/package1/share/package1/package.bash'
[120.821s] INFO:colcon.colcon_core.shell:Creating package script '/home/ram-user/Documents/ASDfR/ros2_ws_a1/install/package1/share/package1/package.zsh'
[120.822s] Level 1:colcon.colcon_core.environment:create_file_with_runtime_dependencies(/home/ram-user/Documents/ASDfR/ros2_ws_a1/install/package1/share/colcon-core/packages/package1)
[120.823s] DEBUG:colcon.colcon_parallel_executor.executor.parallel:closing loop
[120.823s] DEBUG:colcon.colcon_parallel_executor.executor.parallel:loop closed
[120.823s] DEBUG:colcon.colcon_parallel_executor.executor.parallel:run_until_complete finished with '0'
[120.824s] DEBUG:colcon.colcon_core.event_reactor:joining thread
[120.843s] INFO:colcon.colcon_core.plugin_system:Skipping extension 'colcon_notification.desktop_notification.terminal_notifier': Not used on non-Darwin systems
[120.843s] INFO:colcon.colcon_core.plugin_system:Skipping extension 'colcon_notification.desktop_notification.win32': Not used on non-Windows systems
[120.843s] INFO:colcon.colcon_notification.desktop_notification:Sending desktop notification using 'notify2'
[120.898s] DEBUG:colcon.colcon_core.event_reactor:joined thread
[120.900s] INFO:colcon.colcon_core.shell:Creating prefix script '/home/ram-user/Documents/ASDfR/ros2_ws_a1/install/local_setup.ps1'
[120.902s] INFO:colcon.colcon_core.shell:Creating prefix util module '/home/ram-user/Documents/ASDfR/ros2_ws_a1/install/_local_setup_util_ps1.py'
[120.909s] INFO:colcon.colcon_core.shell:Creating prefix chain script '/home/ram-user/Documents/ASDfR/ros2_ws_a1/install/setup.ps1'
[120.919s] INFO:colcon.colcon_core.shell:Creating prefix script '/home/ram-user/Documents/ASDfR/ros2_ws_a1/install/local_setup.sh'
[120.921s] INFO:colcon.colcon_core.shell:Creating prefix util module '/home/ram-user/Documents/ASDfR/ros2_ws_a1/install/_local_setup_util_sh.py'
[120.926s] INFO:colcon.colcon_core.shell:Creating prefix chain script '/home/ram-user/Documents/ASDfR/ros2_ws_a1/install/setup.sh'
[120.928s] INFO:colcon.colcon_core.shell:Creating prefix script '/home/ram-user/Documents/ASDfR/ros2_ws_a1/install/local_setup.bash'
[120.937s] INFO:colcon.colcon_core.shell:Creating prefix chain script '/home/ram-user/Documents/ASDfR/ros2_ws_a1/install/setup.bash'
[120.940s] INFO:colcon.colcon_core.shell:Creating prefix script '/home/ram-user/Documents/ASDfR/ros2_ws_a1/install/local_setup.zsh'
[120.941s] INFO:colcon.colcon_core.shell:Creating prefix chain script '/home/ram-user/Documents/ASDfR/ros2_ws_a1/install/setup.zsh'
