[0.000000] (-) TimerEvent: {}
[0.000328] (package1) JobQueued: {'identifier': 'package1', 'dependencies': OrderedDict()}
[0.000385] (package1) JobStarted: {'identifier': 'package1'}
[0.037369] (package1) JobProgress: {'identifier': 'package1', 'progress': 'cmake'}
[0.038344] (package1) JobProgress: {'identifier': 'package1', 'progress': 'build'}
[0.044251] (package1) Command: {'cmd': ['/usr/bin/cmake', '--build', '/home/ram-user/Documents/ASDfR/ros2_ws_a1/build/package1', '--', '-j2', '-l2'], 'cwd': '/home/ram-user/Documents/ASDfR/ros2_ws_a1/build/package1', 'env': OrderedDict([('GJS_DEBUG_TOPICS', 'JS ERROR;JS LOG'), ('LESSOPEN', '| /usr/bin/lesspipe %s'), ('VSCODE_CWD', '/home/ram-user'), ('USER', 'ram-user'), ('SNAP_COMMON', '/var/snap/code/common'), ('LC_TIME', 'nl_NL.UTF-8'), ('VSCODE_NLS_CONFIG', '{"locale":"en-us","availableLanguages":{},"_languagePackSupport":true}'), ('VSCODE_HANDLES_UNCAUGHT_ERRORS', 'true'), ('XDG_SESSION_TYPE', 'wayland'), ('GIT_ASKPASS', '/snap/code/119/usr/share/code/resources/app/extensions/git/dist/askpass.sh'), ('SHLVL', '0'), ('LD_LIBRARY_PATH', '/opt/ros/humble/opt/rviz_ogre_vendor/lib:/opt/ros/humble/lib/x86_64-linux-gnu:/opt/ros/humble/lib'), ('HOME', '/home/ram-user'), ('CHROME_DESKTOP', 'code-url-handler.desktop'), ('SNAP_LIBRARY_PATH', '/var/lib/snapd/lib/gl:/var/lib/snapd/lib/gl32:/var/lib/snapd/void'), ('TERM_PROGRAM_VERSION', '1.75.1'), ('DESKTOP_SESSION', 'ubuntu'), ('SNAP_USER_DATA', '/home/ram-user/snap/code/119'), ('VSCODE_IPC_HOOK', '/run/user/1000/vscode-bd812c80-1.75.1-main.sock'), ('GIO_LAUNCHED_DESKTOP_FILE', '/var/lib/snapd/desktop/applications/code_code.desktop'), ('APPLICATION_INSIGHTS_NO_DIAGNOSTIC_CHANNEL', '1'), ('ROS_PYTHON_VERSION', '3'), ('GNOME_SHELL_SESSION_MODE', 'ubuntu'), ('GTK_MODULES', 'gail:atk-bridge'), ('VSCODE_GIT_ASKPASS_MAIN', '/snap/code/119/usr/share/code/resources/app/extensions/git/dist/askpass-main.js'), ('LC_MONETARY', 'nl_NL.UTF-8'), ('VSCODE_GIT_ASKPASS_NODE', '/snap/code/119/usr/share/code/code'), ('MANAGERPID', '1119'), ('SYSTEMD_EXEC_PID', '1243'), ('IM_CONFIG_CHECK_ENV', '1'), ('DBUS_SESSION_BUS_ADDRESS', 'unix:path=/run/user/1000/bus'), ('SNAP_REVISION', '119'), ('COLORTERM', 'truecolor'), ('GIO_LAUNCHED_DESKTOP_FILE_PID', '1894'), ('IM_CONFIG_PHASE', '1'), ('WAYLAND_DISPLAY', 'wayland-0'), ('VSCODE_L10N_BUNDLE_LOCATION', ''), ('COLCON_PREFIX_PATH', '/home/ram-user/Documents/ASDfR/ros2_ws_a1/install'), ('ROS_DISTRO', 'humble'), ('LOGNAME', 'ram-user'), ('_', '/usr/bin/colcon'), ('SNAP_CONTEXT', 'Tb1TBluQFrONpcSy4hRDJEZMN_I_jz-LHqHOo-SXJVGcnIma2h4B'), ('JOURNAL_STREAM', '8:22140'), ('ROS_VERSION', '2'), ('XDG_SESSION_CLASS', 'user'), ('SNAP_VERSION', '441438ab'), ('USERNAME', 'ram-user'), ('TERM', 'xterm-256color'), ('GNOME_DESKTOP_SESSION_ID', 'this-is-deprecated'), ('SNAP_INSTANCE_NAME', 'code'), ('ROS_LOCALHOST_ONLY', '1'), ('PATH', '/opt/ros/humble/bin:/usr/local/sbin:/usr/local/bin:/usr/sbin:/usr/bin:/sbin:/bin:/usr/games:/usr/local/games:/snap/bin:/snap/bin'), ('SESSION_MANAGER', 'local/ramuser-vm:@/tmp/.ICE-unix/1223,unix/ramuser-vm:/tmp/.ICE-unix/1223'), ('VSCODE_AMD_ENTRYPOINT', 'vs/workbench/api/node/extensionHostProcess'), ('INVOCATION_ID', '348d659bd7b249f384d08a19c07d51d7'), ('XDG_MENU_PREFIX', 'gnome-'), ('LC_ADDRESS', 'nl_NL.UTF-8'), ('BAMF_DESKTOP_FILE_HINT', '/var/lib/snapd/desktop/applications/code_code.desktop'), ('GNOME_SETUP_DISPLAY', ':1'), ('SNAP_DATA', '/var/snap/code/119'), ('XDG_RUNTIME_DIR', '/run/user/1000'), ('GDK_BACKEND', 'x11'), ('DISPLAY', ':0'), ('LANG', 'en_US.UTF-8'), ('XDG_CURRENT_DESKTOP', 'Unity'), ('LC_TELEPHONE', 'nl_NL.UTF-8'), ('XMODIFIERS', '@im=ibus'), ('XDG_SESSION_DESKTOP', 'ubuntu'), ('XAUTHORITY', '/run/user/1000/.mutter-Xwaylandauth.9XJO01'), ('VSCODE_GIT_IPC_HANDLE', '/run/user/1000/vscode-git-0955216fa2.sock'), ('TERM_PROGRAM', 'vscode'), ('SSH_AGENT_LAUNCHER', 'gnome-keyring'), ('SNAP_USER_COMMON', '/home/ram-user/snap/code/common'), ('SSH_AUTH_SOCK', '/run/user/1000/keyring/ssh'), ('GSETTINGS_SCHEMA_DIR', '/snap/code/119/usr/share/glib-2.0/schemas'), ('ROS_DOMAIN_ID', '69'), ('SNAP_ARCH', 'amd64'), ('AMENT_PREFIX_PATH', '/home/ram-user/Documents/ASDfR/ros2_ws_a1/install/package1:/opt/ros/humble'), ('SNAP_COOKIE', 'Tb1TBluQFrONpcSy4hRDJEZMN_I_jz-LHqHOo-SXJVGcnIma2h4B'), ('ORIGINAL_XDG_CURRENT_DESKTOP', 'ubuntu:GNOME'), ('SHELL', '/bin/bash'), ('LC_NAME', 'nl_NL.UTF-8'), ('GDK_PIXBUF_MODULEDIR', '/snap/code/119/usr/lib/x86_64-linux-gnu/gdk-pixbuf-2.0/2.10.0/loaders'), ('QT_ACCESSIBILITY', '1'), ('ELECTRON_RUN_AS_NODE', '1'), ('GDMSESSION', 'ubuntu'), ('LESSCLOSE', '/usr/bin/lesspipe %s %s'), ('SNAP_NAME', 'code'), ('LC_MEASUREMENT', 'nl_NL.UTF-8'), ('GDK_PIXBUF_MODULE_FILE', '/home/ram-user/snap/code/common/.cache/gdk-pixbuf-loaders.cache'), ('GJS_DEBUG_OUTPUT', 'stderr'), ('LC_IDENTIFICATION', 'nl_NL.UTF-8'), ('VSCODE_GIT_ASKPASS_EXTRA_ARGS', '--ms-enable-electron-run-as-node'), ('QT_IM_MODULE', 'ibus'), ('PWD', '/home/ram-user/Documents/ASDfR/ros2_ws_a1/build/package1'), ('VSCODE_CLI', '1'), ('LC_ALL', 'en_US.UTF-8'), ('XDG_CONFIG_DIRS', '/etc/xdg/xdg-ubuntu:/etc/xdg'), ('SNAP_REAL_HOME', '/home/ram-user'), ('VSCODE_CODE_CACHE_PATH', '/home/ram-user/.config/Code/CachedData/441438abd1ac652551dbe4d408dfcec8a499b8bf'), ('XDG_DATA_DIRS', '/usr/share/ubuntu:/usr/local/share/:/usr/share/:/var/lib/snapd/desktop'), ('PYTHONPATH', '/opt/ros/humble/lib/python3.10/site-packages:/opt/ros/humble/local/lib/python3.10/dist-packages'), ('SNAP', '/snap/code/119'), ('LC_NUMERIC', 'nl_NL.UTF-8'), ('LC_PAPER', 'nl_NL.UTF-8'), ('COLCON', '1'), ('ELECTRON_NO_ATTACH_CONSOLE', '1'), ('CMAKE_PREFIX_PATH', '/home/ram-user/Documents/ASDfR/ros2_ws_a1/install/package1:/opt/ros/humble'), ('VSCODE_PID', '1938')]), 'shell': False}
[0.087025] (-) TimerEvent: {}
[0.135819] (package1) StdoutLine: {'line': b'-- Found ament_cmake: 1.3.3 (/opt/ros/humble/share/ament_cmake/cmake)\n'}
[0.194083] (-) TimerEvent: {}
[0.294721] (-) TimerEvent: {}
[0.398110] (-) TimerEvent: {}
[0.498653] (-) TimerEvent: {}
[0.576801] (package1) StdoutLine: {'line': b'-- Override CMake install command with custom implementation using symlinks instead of copying resources\n'}
[0.599375] (-) TimerEvent: {}
[0.644129] (package1) StdoutLine: {'line': b'-- Found rclcpp: 16.0.3 (/opt/ros/humble/share/rclcpp/cmake)\n'}
[0.699477] (-) TimerEvent: {}
[0.796759] (package1) StdoutLine: {'line': b'-- Found rosidl_generator_c: 3.1.4 (/opt/ros/humble/share/rosidl_generator_c/cmake)\n'}
[0.799670] (-) TimerEvent: {}
[0.811389] (package1) StdoutLine: {'line': b'-- Found rosidl_adapter: 3.1.4 (/opt/ros/humble/share/rosidl_adapter/cmake)\n'}
[0.839958] (package1) StdoutLine: {'line': b'-- Found rosidl_generator_cpp: 3.1.4 (/opt/ros/humble/share/rosidl_generator_cpp/cmake)\n'}
[0.880549] (package1) StdoutLine: {'line': b'-- Using all available rosidl_typesupport_c: rosidl_typesupport_fastrtps_c;rosidl_typesupport_introspection_c\n'}
[0.899854] (-) TimerEvent: {}
[0.954875] (package1) StdoutLine: {'line': b'-- Using all available rosidl_typesupport_cpp: rosidl_typesupport_fastrtps_cpp;rosidl_typesupport_introspection_cpp\n'}
[1.003635] (-) TimerEvent: {}
[1.104912] (-) TimerEvent: {}
[1.144497] (package1) StdoutLine: {'line': b'-- Found rmw_implementation_cmake: 6.1.1 (/opt/ros/humble/share/rmw_implementation_cmake/cmake)\n'}
[1.153539] (package1) StdoutLine: {'line': b'-- Found rmw_fastrtps_cpp: 6.2.2 (/opt/ros/humble/share/rmw_fastrtps_cpp/cmake)\n'}
[1.205120] (-) TimerEvent: {}
[1.305651] (-) TimerEvent: {}
[1.387553] (package1) StdoutLine: {'line': b'-- Found OpenSSL: /usr/lib/x86_64-linux-gnu/libcrypto.so (found version "3.0.2")  \n'}
[1.405869] (-) TimerEvent: {}
[1.435895] (package1) StdoutLine: {'line': b'-- Found FastRTPS: /opt/ros/humble/include  \n'}
[1.506049] (-) TimerEvent: {}
[1.520561] (package1) StdoutLine: {'line': b"-- Using RMW implementation 'rmw_fastrtps_cpp' as default\n"}
[1.559439] (package1) StdoutLine: {'line': b'-- Looking for pthread.h\n'}
[1.606814] (-) TimerEvent: {}
[1.707421] (-) TimerEvent: {}
[1.811227] (-) TimerEvent: {}
[1.915506] (-) TimerEvent: {}
[1.931356] (package1) StdoutLine: {'line': b'-- Looking for pthread.h - found\n'}
[1.931884] (package1) StdoutLine: {'line': b'-- Performing Test CMAKE_HAVE_LIBC_PTHREAD\n'}
[2.016559] (-) TimerEvent: {}
[2.118786] (-) TimerEvent: {}
[2.135376] (package1) StdoutLine: {'line': b'-- Performing Test CMAKE_HAVE_LIBC_PTHREAD - Success\n'}
[2.143219] (package1) StdoutLine: {'line': b'-- Found Threads: TRUE  \n'}
[2.219047] (-) TimerEvent: {}
[2.319921] (-) TimerEvent: {}
[2.420313] (-) TimerEvent: {}
[2.520732] (-) TimerEvent: {}
[2.621183] (-) TimerEvent: {}
[2.632772] (package1) StdoutLine: {'line': b'-- Found rclcpp_components: 16.0.3 (/opt/ros/humble/share/rclcpp_components/cmake)\n'}
[2.722085] (-) TimerEvent: {}
[2.809370] (package1) StdoutLine: {'line': b'-- Found sensor_msgs: 4.2.3 (/opt/ros/humble/share/sensor_msgs/cmake)\n'}
[2.822333] (-) TimerEvent: {}
[2.922792] (-) TimerEvent: {}
[3.023768] (-) TimerEvent: {}
[3.124281] (-) TimerEvent: {}
[3.224838] (-) TimerEvent: {}
[3.243953] (package1) StdoutLine: {'line': b'-- Found OpenCV: /usr (found version "4.5.4") found components: core highgui imgcodecs imgproc videoio \n'}
[3.245006] (package1) StderrLine: {'line': b'\x1b[31mCMake Error at CMakeLists.txt:19 (aadd_library):\n'}
[3.245348] (package1) StderrLine: {'line': b'  Unknown CMake command "aadd_library".\n'}
[3.245648] (package1) StderrLine: {'line': b'\n'}
[3.251335] (package1) StderrLine: {'line': b'\x1b[0m\n'}
[3.251812] (package1) StdoutLine: {'line': b'-- Configuring incomplete, errors occurred!\n'}
[3.252058] (package1) StdoutLine: {'line': b'See also "/home/ram-user/Documents/ASDfR/ros2_ws_a1/build/package1/CMakeFiles/CMakeOutput.log".\n'}
[3.275630] (package1) StderrLine: {'line': b'gmake: *** [Makefile:267: cmake_check_build_system] Error 1\n'}
[3.281528] (package1) CommandEnded: {'returncode': 2}
[3.325000] (-) TimerEvent: {}
[3.404569] (package1) JobEnded: {'identifier': 'package1', 'rc': 2}
[3.406251] (-) EventReactorShutdown: {}
