[35m[1mConsolidate compiler generated dependencies of target cam2image[0m
[35m[1mConsolidate compiler generated dependencies of target package1[0m
[ 22%] Built target cam2image
[ 33%] [32mBuilding CXX object CMakeFiles/package1.dir/src/cam2image.cpp.o[0m
[ 44%] [32mBuilding CXX object CMakeFiles/showimage.dir/rclcpp_components/node_main_showimage.cpp.o[0m
[ 55%] [32m[1mLinking CXX executable showimage[0m
[ 55%] Built target showimage
[ 66%] [32mBuilding CXX object CMakeFiles/package1.dir/src/cv_mat_sensor_msgs_image_type_adapter.cpp.o[0m
[ 77%] [32mBuilding CXX object CMakeFiles/package1.dir/src/show_image.cpp.o[0m
[ 88%] [32m[1mLinking CXX shared library libpackage1.so[0m
[100%] Built target package1
-- Install configuration: "RelWithDebInfo"
-- Execute custom install script
-- Symlinking: /home/ram-user/Documents/ASDfR/ros2_ws_a1/install/package1/lib/package1/cam2image
-- Symlinking: /home/ram-user/Documents/ASDfR/ros2_ws_a1/install/package1/lib/package1/showimage
-- Symlinking: /home/ram-user/Documents/ASDfR/ros2_ws_a1/install/package1/include/package1/package1/cv_mat_sensor_msgs_image_type_adapter.hpp
-- Symlinking: /home/ram-user/Documents/ASDfR/ros2_ws_a1/install/package1/include/package1/package1/visibility_control.h
-- Symlinking: /home/ram-user/Documents/ASDfR/ros2_ws_a1/install/package1/share/package1/environment/library_path.sh
-- Symlinking: /home/ram-user/Documents/ASDfR/ros2_ws_a1/install/package1/share/package1/environment/library_path.dsv
-- Symlinking: /home/ram-user/Documents/ASDfR/ros2_ws_a1/install/package1/share/package1//launch/assignment111.launch.py
-- Up-to-date symlink: /home/ram-user/Documents/ASDfR/ros2_ws_a1/install/package1/share/package1//launch/assignment112.launch.py
-- Up-to-date symlink: /home/ram-user/Documents/ASDfR/ros2_ws_a1/install/package1/share/package1//launch/assignment113.launch.py
-- Up-to-date symlink: /home/ram-user/Documents/ASDfR/ros2_ws_a1/install/package1/share/ament_index/resource_index/package_run_dependencies/package1
-- Up-to-date symlink: /home/ram-user/Documents/ASDfR/ros2_ws_a1/install/package1/share/ament_index/resource_index/parent_prefix_path/package1
-- Up-to-date symlink: /home/ram-user/Documents/ASDfR/ros2_ws_a1/install/package1/share/package1/environment/ament_prefix_path.sh
-- Up-to-date symlink: /home/ram-user/Documents/ASDfR/ros2_ws_a1/install/package1/share/package1/environment/ament_prefix_path.dsv
-- Up-to-date symlink: /home/ram-user/Documents/ASDfR/ros2_ws_a1/install/package1/share/package1/environment/path.sh
-- Up-to-date symlink: /home/ram-user/Documents/ASDfR/ros2_ws_a1/install/package1/share/package1/environment/path.dsv
-- Up-to-date symlink: /home/ram-user/Documents/ASDfR/ros2_ws_a1/install/package1/share/package1/local_setup.bash
-- Up-to-date symlink: /home/ram-user/Documents/ASDfR/ros2_ws_a1/install/package1/share/package1/local_setup.sh
-- Up-to-date symlink: /home/ram-user/Documents/ASDfR/ros2_ws_a1/install/package1/share/package1/local_setup.zsh
-- Up-to-date symlink: /home/ram-user/Documents/ASDfR/ros2_ws_a1/install/package1/share/package1/local_setup.dsv
-- Symlinking: /home/ram-user/Documents/ASDfR/ros2_ws_a1/install/package1/share/package1/package.dsv
-- Up-to-date symlink: /home/ram-user/Documents/ASDfR/ros2_ws_a1/install/package1/share/ament_index/resource_index/packages/package1
-- Symlinking: /home/ram-user/Documents/ASDfR/ros2_ws_a1/install/package1/share/ament_index/resource_index/rclcpp_components/package1
-- Symlinking: /home/ram-user/Documents/ASDfR/ros2_ws_a1/install/package1/share/package1/cmake/ament_cmake_export_libraries-extras.cmake
-- Symlinking: /home/ram-user/Documents/ASDfR/ros2_ws_a1/install/package1/share/package1/cmake/ament_cmake_export_targets-extras.cmake
-- Symlinking: /home/ram-user/Documents/ASDfR/ros2_ws_a1/install/package1/share/package1/cmake/ament_cmake_export_dependencies-extras.cmake
-- Up-to-date symlink: /home/ram-user/Documents/ASDfR/ros2_ws_a1/install/package1/share/package1/cmake/package1Config.cmake
-- Up-to-date symlink: /home/ram-user/Documents/ASDfR/ros2_ws_a1/install/package1/share/package1/cmake/package1Config-version.cmake
-- Up-to-date symlink: /home/ram-user/Documents/ASDfR/ros2_ws_a1/install/package1/share/package1/package.xml
-- Installing: /home/ram-user/Documents/ASDfR/ros2_ws_a1/install/package1/lib/libpackage1.so
-- Set runtime path of "/home/ram-user/Documents/ASDfR/ros2_ws_a1/install/package1/lib/libpackage1.so" to ""
-- Installing: /home/ram-user/Documents/ASDfR/ros2_ws_a1/install/package1/share/package1/cmake/package1Export.cmake
-- Installing: /home/ram-user/Documents/ASDfR/ros2_ws_a1/install/package1/share/package1/cmake/package1Export-relwithdebinfo.cmake
