[0.075s] Invoking command in '/home/ram-user/Documents/ASDfR/ros2_ws_a1/build/package1': CMAKE_PREFIX_PATH=${CMAKE_PREFIX_PATH}:/opt/ros/humble /usr/bin/cmake --build /home/ram-user/Documents/ASDfR/ros2_ws_a1/build/package1 -- -j2 -l2
[0.240s] [35m[1mConsolidate compiler generated dependencies of target cam2image[0m
[0.264s] [35m[1mConsolidate compiler generated dependencies of target package1[0m
[0.327s] [ 22%] Built target cam2image
[0.345s] [ 33%] [32mBuilding CXX object CMakeFiles/package1.dir/src/cam2image.cpp.o[0m
[0.434s] [ 44%] [32mBuilding CXX object CMakeFiles/showimage.dir/rclcpp_components/node_main_showimage.cpp.o[0m
[25.983s] [ 55%] [32m[1mLinking CXX executable showimage[0m
[26.592s] [ 55%] Built target showimage
[61.620s] [ 66%] [32mBuilding CXX object CMakeFiles/package1.dir/src/cv_mat_sensor_msgs_image_type_adapter.cpp.o[0m
[65.293s] [ 77%] [32mBuilding CXX object CMakeFiles/package1.dir/src/show_image.cpp.o[0m
[116.781s] [ 88%] [32m[1mLinking CXX shared library libpackage1.so[0m
[118.061s] [100%] Built target package1
[118.106s] Invoked command in '/home/ram-user/Documents/ASDfR/ros2_ws_a1/build/package1' returned '0': CMAKE_PREFIX_PATH=${CMAKE_PREFIX_PATH}:/opt/ros/humble /usr/bin/cmake --build /home/ram-user/Documents/ASDfR/ros2_ws_a1/build/package1 -- -j2 -l2
[118.242s] Invoking command in '/home/ram-user/Documents/ASDfR/ros2_ws_a1/build/package1': CMAKE_PREFIX_PATH=${CMAKE_PREFIX_PATH}:/opt/ros/humble /usr/bin/cmake --install /home/ram-user/Documents/ASDfR/ros2_ws_a1/build/package1
[118.269s] -- Install configuration: "RelWithDebInfo"
[118.272s] -- Execute custom install script
[118.272s] -- Symlinking: /home/ram-user/Documents/ASDfR/ros2_ws_a1/install/package1/lib/package1/cam2image
[118.302s] -- Symlinking: /home/ram-user/Documents/ASDfR/ros2_ws_a1/install/package1/lib/package1/showimage
[118.325s] -- Symlinking: /home/ram-user/Documents/ASDfR/ros2_ws_a1/install/package1/include/package1/package1/cv_mat_sensor_msgs_image_type_adapter.hpp
[118.349s] -- Symlinking: /home/ram-user/Documents/ASDfR/ros2_ws_a1/install/package1/include/package1/package1/visibility_control.h
[118.405s] -- Symlinking: /home/ram-user/Documents/ASDfR/ros2_ws_a1/install/package1/share/package1/environment/library_path.sh
[118.437s] -- Symlinking: /home/ram-user/Documents/ASDfR/ros2_ws_a1/install/package1/share/package1/environment/library_path.dsv
[118.472s] -- Symlinking: /home/ram-user/Documents/ASDfR/ros2_ws_a1/install/package1/share/package1//launch/assignment111.launch.py
[118.521s] -- Up-to-date symlink: /home/ram-user/Documents/ASDfR/ros2_ws_a1/install/package1/share/package1//launch/assignment112.launch.py
[118.526s] -- Up-to-date symlink: /home/ram-user/Documents/ASDfR/ros2_ws_a1/install/package1/share/package1//launch/assignment113.launch.py
[118.526s] -- Up-to-date symlink: /home/ram-user/Documents/ASDfR/ros2_ws_a1/install/package1/share/ament_index/resource_index/package_run_dependencies/package1
[118.526s] -- Up-to-date symlink: /home/ram-user/Documents/ASDfR/ros2_ws_a1/install/package1/share/ament_index/resource_index/parent_prefix_path/package1
[118.529s] -- Up-to-date symlink: /home/ram-user/Documents/ASDfR/ros2_ws_a1/install/package1/share/package1/environment/ament_prefix_path.sh
[118.534s] -- Up-to-date symlink: /home/ram-user/Documents/ASDfR/ros2_ws_a1/install/package1/share/package1/environment/ament_prefix_path.dsv
[118.534s] -- Up-to-date symlink: /home/ram-user/Documents/ASDfR/ros2_ws_a1/install/package1/share/package1/environment/path.sh
[118.534s] -- Up-to-date symlink: /home/ram-user/Documents/ASDfR/ros2_ws_a1/install/package1/share/package1/environment/path.dsv
[118.534s] -- Up-to-date symlink: /home/ram-user/Documents/ASDfR/ros2_ws_a1/install/package1/share/package1/local_setup.bash
[118.534s] -- Up-to-date symlink: /home/ram-user/Documents/ASDfR/ros2_ws_a1/install/package1/share/package1/local_setup.sh
[118.534s] -- Up-to-date symlink: /home/ram-user/Documents/ASDfR/ros2_ws_a1/install/package1/share/package1/local_setup.zsh
[118.534s] -- Up-to-date symlink: /home/ram-user/Documents/ASDfR/ros2_ws_a1/install/package1/share/package1/local_setup.dsv
[118.534s] -- Symlinking: /home/ram-user/Documents/ASDfR/ros2_ws_a1/install/package1/share/package1/package.dsv
[118.568s] -- Up-to-date symlink: /home/ram-user/Documents/ASDfR/ros2_ws_a1/install/package1/share/ament_index/resource_index/packages/package1
[118.571s] -- Symlinking: /home/ram-user/Documents/ASDfR/ros2_ws_a1/install/package1/share/ament_index/resource_index/rclcpp_components/package1
[118.607s] -- Symlinking: /home/ram-user/Documents/ASDfR/ros2_ws_a1/install/package1/share/package1/cmake/ament_cmake_export_libraries-extras.cmake
[118.638s] -- Symlinking: /home/ram-user/Documents/ASDfR/ros2_ws_a1/install/package1/share/package1/cmake/ament_cmake_export_targets-extras.cmake
[118.674s] -- Symlinking: /home/ram-user/Documents/ASDfR/ros2_ws_a1/install/package1/share/package1/cmake/ament_cmake_export_dependencies-extras.cmake
[118.724s] -- Up-to-date symlink: /home/ram-user/Documents/ASDfR/ros2_ws_a1/install/package1/share/package1/cmake/package1Config.cmake
[118.724s] -- Up-to-date symlink: /home/ram-user/Documents/ASDfR/ros2_ws_a1/install/package1/share/package1/cmake/package1Config-version.cmake
[118.724s] -- Up-to-date symlink: /home/ram-user/Documents/ASDfR/ros2_ws_a1/install/package1/share/package1/package.xml
[118.732s] -- Installing: /home/ram-user/Documents/ASDfR/ros2_ws_a1/install/package1/lib/libpackage1.so
[118.805s] -- Set runtime path of "/home/ram-user/Documents/ASDfR/ros2_ws_a1/install/package1/lib/libpackage1.so" to ""
[118.805s] -- Installing: /home/ram-user/Documents/ASDfR/ros2_ws_a1/install/package1/share/package1/cmake/package1Export.cmake
[118.808s] -- Installing: /home/ram-user/Documents/ASDfR/ros2_ws_a1/install/package1/share/package1/cmake/package1Export-relwithdebinfo.cmake
[118.829s] Invoked command in '/home/ram-user/Documents/ASDfR/ros2_ws_a1/build/package1' returned '0': CMAKE_PREFIX_PATH=${CMAKE_PREFIX_PATH}:/opt/ros/humble /usr/bin/cmake --install /home/ram-user/Documents/ASDfR/ros2_ws_a1/build/package1
