[1.570s] DEBUG:colcon:Command line arguments: ['/usr/bin/colcon', 'build', '--symlink-install', '--event-handlers', 'console_cohesion+', '--base-paths', '/home/ram-user/Documents/ASDfR/ros2_ws_a1', '--cmake-args', '-DCMAKE_BUILD_TYPE=RelWithDebInfo']
[1.570s] DEBUG:colcon:Parsed command line arguments: Namespace(log_base=None, log_level=None, verb_name='build', build_base='build', install_base='install', merge_install=False, symlink_install=True, test_result_base=None, continue_on_error=False, executor='parallel', parallel_workers=2, event_handlers=['console_cohesion+'], ignore_user_meta=False, metas=['./colcon.meta'], base_paths=['/home/ram-user/Documents/ASDfR/ros2_ws_a1'], packages_ignore=None, packages_ignore_regex=None, paths=None, packages_up_to=None, packages_up_to_regex=None, packages_above=None, packages_above_and_dependencies=None, packages_above_depth=None, packages_select_by_dep=None, packages_skip_by_dep=None, packages_skip_up_to=None, packages_select_build_failed=False, packages_skip_build_finished=False, packages_select_test_failures=False, packages_skip_test_passed=False, packages_select=None, packages_skip=None, packages_select_regex=None, packages_skip_regex=None, packages_start=None, packages_end=None, allow_overriding=[], cmake_args=['-DCMAKE_BUILD_TYPE=RelWithDebInfo'], cmake_target=None, cmake_target_skip_unavailable=False, cmake_clean_cache=False, cmake_clean_first=False, cmake_force_configure=False, ament_cmake_args=None, catkin_cmake_args=None, catkin_skip_building_tests=False, verb_parser=<colcon_defaults.argument_parser.defaults.DefaultArgumentsDecorator object at 0x7fb946de86d0>, verb_extension=<colcon_core.verb.build.BuildVerb object at 0x7fb9476c5ff0>, main=<bound method BuildVerb.main of <colcon_core.verb.build.BuildVerb object at 0x7fb9476c5ff0>>)
[1.698s] Level 1:colcon.colcon_core.package_discovery:discover_packages(colcon_meta) check parameters
[1.699s] Level 1:colcon.colcon_core.package_discovery:discover_packages(recursive) check parameters
[1.699s] Level 1:colcon.colcon_core.package_discovery:discover_packages(ignore) check parameters
[1.699s] Level 1:colcon.colcon_core.package_discovery:discover_packages(path) check parameters
[1.699s] Level 1:colcon.colcon_core.package_discovery:discover_packages(recursive) discover
[1.699s] INFO:colcon.colcon_core.package_discovery:Crawling recursively for packages in '/home/ram-user/Documents/ASDfR/ros2_ws_a1'
[1.699s] Level 1:colcon.colcon_core.package_identification:_identify(/home/ram-user/Documents/ASDfR/ros2_ws_a1) by extensions ['ignore', 'ignore_ament_install']
[1.699s] Level 1:colcon.colcon_core.package_identification:_identify(/home/ram-user/Documents/ASDfR/ros2_ws_a1) by extension 'ignore'
[1.700s] Level 1:colcon.colcon_core.package_identification:_identify(/home/ram-user/Documents/ASDfR/ros2_ws_a1) by extension 'ignore_ament_install'
[1.700s] Level 1:colcon.colcon_core.package_identification:_identify(/home/ram-user/Documents/ASDfR/ros2_ws_a1) by extensions ['colcon_pkg']
[1.700s] Level 1:colcon.colcon_core.package_identification:_identify(/home/ram-user/Documents/ASDfR/ros2_ws_a1) by extension 'colcon_pkg'
[1.700s] Level 1:colcon.colcon_core.package_identification:_identify(/home/ram-user/Documents/ASDfR/ros2_ws_a1) by extensions ['colcon_meta']
[1.700s] Level 1:colcon.colcon_core.package_identification:_identify(/home/ram-user/Documents/ASDfR/ros2_ws_a1) by extension 'colcon_meta'
[1.700s] Level 1:colcon.colcon_core.package_identification:_identify(/home/ram-user/Documents/ASDfR/ros2_ws_a1) by extensions ['ros']
[1.700s] Level 1:colcon.colcon_core.package_identification:_identify(/home/ram-user/Documents/ASDfR/ros2_ws_a1) by extension 'ros'
[1.753s] Level 1:colcon.colcon_core.package_identification:_identify(/home/ram-user/Documents/ASDfR/ros2_ws_a1) by extensions ['cmake', 'python']
[1.763s] Level 1:colcon.colcon_core.package_identification:_identify(/home/ram-user/Documents/ASDfR/ros2_ws_a1) by extension 'cmake'
[1.763s] Level 1:colcon.colcon_core.package_identification:_identify(/home/ram-user/Documents/ASDfR/ros2_ws_a1) by extension 'python'
[1.763s] Level 1:colcon.colcon_core.package_identification:_identify(/home/ram-user/Documents/ASDfR/ros2_ws_a1) by extensions ['python_setup_py']
[1.764s] Level 1:colcon.colcon_core.package_identification:_identify(/home/ram-user/Documents/ASDfR/ros2_ws_a1) by extension 'python_setup_py'
[1.764s] Level 1:colcon.colcon_core.package_identification:_identify(/home/ram-user/Documents/ASDfR/ros2_ws_a1/build) by extensions ['ignore', 'ignore_ament_install']
[1.764s] Level 1:colcon.colcon_core.package_identification:_identify(/home/ram-user/Documents/ASDfR/ros2_ws_a1/build) by extension 'ignore'
[1.764s] Level 1:colcon.colcon_core.package_identification:_identify(/home/ram-user/Documents/ASDfR/ros2_ws_a1/build) ignored
[1.764s] Level 1:colcon.colcon_core.package_identification:_identify(/home/ram-user/Documents/ASDfR/ros2_ws_a1/install) by extensions ['ignore', 'ignore_ament_install']
[1.764s] Level 1:colcon.colcon_core.package_identification:_identify(/home/ram-user/Documents/ASDfR/ros2_ws_a1/install) by extension 'ignore'
[1.765s] Level 1:colcon.colcon_core.package_identification:_identify(/home/ram-user/Documents/ASDfR/ros2_ws_a1/install) ignored
[1.765s] Level 1:colcon.colcon_core.package_identification:_identify(/home/ram-user/Documents/ASDfR/ros2_ws_a1/log) by extensions ['ignore', 'ignore_ament_install']
[1.765s] Level 1:colcon.colcon_core.package_identification:_identify(/home/ram-user/Documents/ASDfR/ros2_ws_a1/log) by extension 'ignore'
[1.765s] Level 1:colcon.colcon_core.package_identification:_identify(/home/ram-user/Documents/ASDfR/ros2_ws_a1/log) ignored
[1.765s] Level 1:colcon.colcon_core.package_identification:_identify(/home/ram-user/Documents/ASDfR/ros2_ws_a1/src) by extensions ['ignore', 'ignore_ament_install']
[1.765s] Level 1:colcon.colcon_core.package_identification:_identify(/home/ram-user/Documents/ASDfR/ros2_ws_a1/src) by extension 'ignore'
[1.765s] Level 1:colcon.colcon_core.package_identification:_identify(/home/ram-user/Documents/ASDfR/ros2_ws_a1/src) by extension 'ignore_ament_install'
[1.765s] Level 1:colcon.colcon_core.package_identification:_identify(/home/ram-user/Documents/ASDfR/ros2_ws_a1/src) by extensions ['colcon_pkg']
[1.766s] Level 1:colcon.colcon_core.package_identification:_identify(/home/ram-user/Documents/ASDfR/ros2_ws_a1/src) by extension 'colcon_pkg'
[1.766s] Level 1:colcon.colcon_core.package_identification:_identify(/home/ram-user/Documents/ASDfR/ros2_ws_a1/src) by extensions ['colcon_meta']
[1.766s] Level 1:colcon.colcon_core.package_identification:_identify(/home/ram-user/Documents/ASDfR/ros2_ws_a1/src) by extension 'colcon_meta'
[1.766s] Level 1:colcon.colcon_core.package_identification:_identify(/home/ram-user/Documents/ASDfR/ros2_ws_a1/src) by extensions ['ros']
[1.766s] Level 1:colcon.colcon_core.package_identification:_identify(/home/ram-user/Documents/ASDfR/ros2_ws_a1/src) by extension 'ros'
[1.766s] Level 1:colcon.colcon_core.package_identification:_identify(/home/ram-user/Documents/ASDfR/ros2_ws_a1/src) by extensions ['cmake', 'python']
[1.766s] Level 1:colcon.colcon_core.package_identification:_identify(/home/ram-user/Documents/ASDfR/ros2_ws_a1/src) by extension 'cmake'
[1.766s] Level 1:colcon.colcon_core.package_identification:_identify(/home/ram-user/Documents/ASDfR/ros2_ws_a1/src) by extension 'python'
[1.766s] Level 1:colcon.colcon_core.package_identification:_identify(/home/ram-user/Documents/ASDfR/ros2_ws_a1/src) by extensions ['python_setup_py']
[1.766s] Level 1:colcon.colcon_core.package_identification:_identify(/home/ram-user/Documents/ASDfR/ros2_ws_a1/src) by extension 'python_setup_py'
[1.767s] Level 1:colcon.colcon_core.package_identification:_identify(/home/ram-user/Documents/ASDfR/ros2_ws_a1/src/package1) by extensions ['ignore', 'ignore_ament_install']
[1.767s] Level 1:colcon.colcon_core.package_identification:_identify(/home/ram-user/Documents/ASDfR/ros2_ws_a1/src/package1) by extension 'ignore'
[1.767s] Level 1:colcon.colcon_core.package_identification:_identify(/home/ram-user/Documents/ASDfR/ros2_ws_a1/src/package1) by extension 'ignore_ament_install'
[1.767s] Level 1:colcon.colcon_core.package_identification:_identify(/home/ram-user/Documents/ASDfR/ros2_ws_a1/src/package1) by extensions ['colcon_pkg']
[1.767s] Level 1:colcon.colcon_core.package_identification:_identify(/home/ram-user/Documents/ASDfR/ros2_ws_a1/src/package1) by extension 'colcon_pkg'
[1.767s] Level 1:colcon.colcon_core.package_identification:_identify(/home/ram-user/Documents/ASDfR/ros2_ws_a1/src/package1) by extensions ['colcon_meta']
[1.767s] Level 1:colcon.colcon_core.package_identification:_identify(/home/ram-user/Documents/ASDfR/ros2_ws_a1/src/package1) by extension 'colcon_meta'
[1.767s] Level 1:colcon.colcon_core.package_identification:_identify(/home/ram-user/Documents/ASDfR/ros2_ws_a1/src/package1) by extensions ['ros']
[1.767s] Level 1:colcon.colcon_core.package_identification:_identify(/home/ram-user/Documents/ASDfR/ros2_ws_a1/src/package1) by extension 'ros'
[1.784s] DEBUG:colcon.colcon_core.package_identification:Package '/home/ram-user/Documents/ASDfR/ros2_ws_a1/src/package1' with type 'ros.ament_cmake' and name 'package1'
[1.784s] Level 1:colcon.colcon_core.package_discovery:discover_packages(recursive) using defaults
[1.876s] Level 1:colcon.colcon_core.package_discovery:discover_packages(prefix_path) check parameters
[1.876s] Level 1:colcon.colcon_core.package_discovery:discover_packages(prefix_path) discover
[1.895s] DEBUG:colcon.colcon_installed_package_information.package_discovery:Found 1 installed packages in /home/ram-user/Documents/ASDfR/ros2_ws_a1/install
[1.907s] DEBUG:colcon.colcon_installed_package_information.package_discovery:Found 284 installed packages in /opt/ros/humble
[1.911s] Level 1:colcon.colcon_core.package_discovery:discover_packages(prefix_path) using defaults
[2.265s] Level 5:colcon.colcon_core.verb:set package 'package1' build argument 'cmake_args' from command line to '['-DCMAKE_BUILD_TYPE=RelWithDebInfo']'
[2.267s] Level 5:colcon.colcon_core.verb:set package 'package1' build argument 'cmake_target' from command line to 'None'
[2.267s] Level 5:colcon.colcon_core.verb:set package 'package1' build argument 'cmake_target_skip_unavailable' from command line to 'False'
[2.267s] Level 5:colcon.colcon_core.verb:set package 'package1' build argument 'cmake_clean_cache' from command line to 'False'
[2.267s] Level 5:colcon.colcon_core.verb:set package 'package1' build argument 'cmake_clean_first' from command line to 'False'
[2.267s] Level 5:colcon.colcon_core.verb:set package 'package1' build argument 'cmake_force_configure' from command line to 'False'
[2.267s] Level 5:colcon.colcon_core.verb:set package 'package1' build argument 'ament_cmake_args' from command line to 'None'
[2.267s] Level 5:colcon.colcon_core.verb:set package 'package1' build argument 'catkin_cmake_args' from command line to 'None'
[2.267s] Level 5:colcon.colcon_core.verb:set package 'package1' build argument 'catkin_skip_building_tests' from command line to 'False'
[2.267s] DEBUG:colcon.colcon_core.verb:Building package 'package1' with the following arguments: {'ament_cmake_args': None, 'build_base': '/home/ram-user/Documents/ASDfR/ros2_ws_a1/build/package1', 'catkin_cmake_args': None, 'catkin_skip_building_tests': False, 'cmake_args': ['-DCMAKE_BUILD_TYPE=RelWithDebInfo'], 'cmake_clean_cache': False, 'cmake_clean_first': False, 'cmake_force_configure': False, 'cmake_target': None, 'cmake_target_skip_unavailable': False, 'install_base': '/home/ram-user/Documents/ASDfR/ros2_ws_a1/install/package1', 'merge_install': False, 'path': '/home/ram-user/Documents/ASDfR/ros2_ws_a1/src/package1', 'symlink_install': True, 'test_result_base': None}
[2.268s] INFO:colcon.colcon_core.executor:Executing jobs using 'parallel' executor
[2.280s] DEBUG:colcon.colcon_parallel_executor.executor.parallel:run_until_complete
[2.280s] INFO:colcon.colcon_ros.task.ament_cmake.build:Building ROS package in '/home/ram-user/Documents/ASDfR/ros2_ws_a1/src/package1' with build type 'ament_cmake'
[2.281s] INFO:colcon.colcon_cmake.task.cmake.build:Building CMake package in '/home/ram-user/Documents/ASDfR/ros2_ws_a1/src/package1'
[2.311s] INFO:colcon.colcon_core.plugin_system:Skipping extension 'colcon_core.shell.bat': Not used on non-Windows systems
[2.311s] INFO:colcon.colcon_core.shell:Skip shell extension 'powershell' for command environment: Not usable outside of PowerShell
[2.311s] DEBUG:colcon.colcon_core.shell:Skip shell extension 'dsv' for command environment
[2.350s] DEBUG:colcon.colcon_core.event_handler.log_command:Invoking command in '/home/ram-user/Documents/ASDfR/ros2_ws_a1/build/package1': CMAKE_PREFIX_PATH=${CMAKE_PREFIX_PATH}:/opt/ros/humble /usr/bin/cmake --build /home/ram-user/Documents/ASDfR/ros2_ws_a1/build/package1 -- -j2 -l2
[2.596s] DEBUG:colcon.colcon_core.event_handler.log_command:Invoked command in '/home/ram-user/Documents/ASDfR/ros2_ws_a1/build/package1' returned '2': CMAKE_PREFIX_PATH=${CMAKE_PREFIX_PATH}:/opt/ros/humble /usr/bin/cmake --build /home/ram-user/Documents/ASDfR/ros2_ws_a1/build/package1 -- -j2 -l2
[2.713s] Level 1:colcon.colcon_core.environment:create_environment_scripts_only(package1)
[2.757s] Level 1:colcon.colcon_core.environment:checking '/home/ram-user/Documents/ASDfR/ros2_ws_a1/install/package1' for CMake module files
[2.761s] Level 1:colcon.colcon_core.environment:checking '/home/ram-user/Documents/ASDfR/ros2_ws_a1/install/package1' for CMake config files
[2.766s] Level 1:colcon.colcon_core.shell:create_environment_hook('package1', 'cmake_prefix_path')
[2.780s] INFO:colcon.colcon_core.shell:Creating environment hook '/home/ram-user/Documents/ASDfR/ros2_ws_a1/install/package1/share/package1/hook/cmake_prefix_path.ps1'
[2.786s] INFO:colcon.colcon_core.shell:Creating environment descriptor '/home/ram-user/Documents/ASDfR/ros2_ws_a1/install/package1/share/package1/hook/cmake_prefix_path.dsv'
[2.788s] INFO:colcon.colcon_core.shell:Creating environment hook '/home/ram-user/Documents/ASDfR/ros2_ws_a1/install/package1/share/package1/hook/cmake_prefix_path.sh'
[2.819s] Level 1:colcon.colcon_core.environment:checking '/home/ram-user/Documents/ASDfR/ros2_ws_a1/install/package1/lib'
[2.820s] Level 1:colcon.colcon_core.environment:checking '/home/ram-user/Documents/ASDfR/ros2_ws_a1/install/package1/bin'
[2.820s] Level 1:colcon.colcon_core.environment:checking '/home/ram-user/Documents/ASDfR/ros2_ws_a1/install/package1/lib/pkgconfig/package1.pc'
[2.833s] Level 1:colcon.colcon_core.environment:checking '/home/ram-user/Documents/ASDfR/ros2_ws_a1/install/package1/lib/python3.10/site-packages'
[2.837s] Level 1:colcon.colcon_core.environment:checking '/home/ram-user/Documents/ASDfR/ros2_ws_a1/install/package1/bin'
[2.850s] INFO:colcon.colcon_core.shell:Creating package script '/home/ram-user/Documents/ASDfR/ros2_ws_a1/install/package1/share/package1/package.ps1'
[2.855s] INFO:colcon.colcon_core.shell:Creating package descriptor '/home/ram-user/Documents/ASDfR/ros2_ws_a1/install/package1/share/package1/package.dsv'
[2.861s] INFO:colcon.colcon_core.shell:Creating package script '/home/ram-user/Documents/ASDfR/ros2_ws_a1/install/package1/share/package1/package.sh'
[2.864s] INFO:colcon.colcon_core.shell:Creating package script '/home/ram-user/Documents/ASDfR/ros2_ws_a1/install/package1/share/package1/package.bash'
[2.879s] INFO:colcon.colcon_core.shell:Creating package script '/home/ram-user/Documents/ASDfR/ros2_ws_a1/install/package1/share/package1/package.zsh'
[2.883s] Level 1:colcon.colcon_core.environment:create_file_with_runtime_dependencies(/home/ram-user/Documents/ASDfR/ros2_ws_a1/install/package1/share/colcon-core/packages/package1)
[2.887s] DEBUG:colcon.colcon_parallel_executor.executor.parallel:closing loop
[2.887s] DEBUG:colcon.colcon_parallel_executor.executor.parallel:loop closed
[2.888s] DEBUG:colcon.colcon_parallel_executor.executor.parallel:run_until_complete finished with '2'
[2.888s] DEBUG:colcon.colcon_core.event_reactor:joining thread
[2.942s] INFO:colcon.colcon_core.plugin_system:Skipping extension 'colcon_notification.desktop_notification.terminal_notifier': Not used on non-Darwin systems
[2.944s] INFO:colcon.colcon_core.plugin_system:Skipping extension 'colcon_notification.desktop_notification.win32': Not used on non-Windows systems
[2.945s] INFO:colcon.colcon_notification.desktop_notification:Sending desktop notification using 'notify2'
[2.989s] DEBUG:colcon.colcon_core.event_reactor:joined thread
[2.991s] INFO:colcon.colcon_core.shell:Creating prefix script '/home/ram-user/Documents/ASDfR/ros2_ws_a1/install/local_setup.ps1'
[2.995s] INFO:colcon.colcon_core.shell:Creating prefix util module '/home/ram-user/Documents/ASDfR/ros2_ws_a1/install/_local_setup_util_ps1.py'
[2.999s] INFO:colcon.colcon_core.shell:Creating prefix chain script '/home/ram-user/Documents/ASDfR/ros2_ws_a1/install/setup.ps1'
[3.004s] INFO:colcon.colcon_core.shell:Creating prefix script '/home/ram-user/Documents/ASDfR/ros2_ws_a1/install/local_setup.sh'
[3.009s] INFO:colcon.colcon_core.shell:Creating prefix util module '/home/ram-user/Documents/ASDfR/ros2_ws_a1/install/_local_setup_util_sh.py'
[3.011s] INFO:colcon.colcon_core.shell:Creating prefix chain script '/home/ram-user/Documents/ASDfR/ros2_ws_a1/install/setup.sh'
[3.018s] INFO:colcon.colcon_core.shell:Creating prefix script '/home/ram-user/Documents/ASDfR/ros2_ws_a1/install/local_setup.bash'
[3.022s] INFO:colcon.colcon_core.shell:Creating prefix chain script '/home/ram-user/Documents/ASDfR/ros2_ws_a1/install/setup.bash'
[3.028s] INFO:colcon.colcon_core.shell:Creating prefix script '/home/ram-user/Documents/ASDfR/ros2_ws_a1/install/local_setup.zsh'
[3.031s] INFO:colcon.colcon_core.shell:Creating prefix chain script '/home/ram-user/Documents/ASDfR/ros2_ws_a1/install/setup.zsh'
