[0.059s] Invoking command in '/home/ram-user/Documents/ASDfR/ros2_ws_a1/build/package1': CMAKE_PREFIX_PATH=${CMAKE_PREFIX_PATH}:/opt/ros/humble /usr/bin/cmake --build /home/ram-user/Documents/ASDfR/ros2_ws_a1/build/package1 -- -j2 -l2
[0.133s] -- Found ament_cmake: 1.3.3 (/opt/ros/humble/share/ament_cmake/cmake)
[0.546s] -- Override CMake install command with custom implementation using symlinks instead of copying resources
[0.562s] -- Found rclcpp: 16.0.3 (/opt/ros/humble/share/rclcpp/cmake)
[0.663s] -- Found rosidl_generator_c: 3.1.4 (/opt/ros/humble/share/rosidl_generator_c/cmake)
[0.679s] -- Found rosidl_adapter: 3.1.4 (/opt/ros/humble/share/rosidl_adapter/cmake)
[0.688s] -- Found rosidl_generator_cpp: 3.1.4 (/opt/ros/humble/share/rosidl_generator_cpp/cmake)
[0.719s] -- Using all available rosidl_typesupport_c: rosidl_typesupport_fastrtps_c;rosidl_typesupport_introspection_c
[0.755s] -- Using all available rosidl_typesupport_cpp: rosidl_typesupport_fastrtps_cpp;rosidl_typesupport_introspection_cpp
[0.923s] -- Found rmw_implementation_cmake: 6.1.1 (/opt/ros/humble/share/rmw_implementation_cmake/cmake)
[0.929s] -- Found rmw_fastrtps_cpp: 6.2.2 (/opt/ros/humble/share/rmw_fastrtps_cpp/cmake)
[1.203s] -- Using RMW implementation 'rmw_fastrtps_cpp' as default
[1.543s] -- Found rclcpp_components: 16.0.3 (/opt/ros/humble/share/rclcpp_components/cmake)
[1.678s] -- Found sensor_msgs: 4.2.3 (/opt/ros/humble/share/sensor_msgs/cmake)
[2.009s] -- Found ament_lint_auto: 0.12.5 (/opt/ros/humble/share/ament_lint_auto/cmake)
[2.316s] -- Found python_cmake_module: 0.10.0 (/opt/ros/humble/share/python_cmake_module/cmake)
[2.371s] -- Found PythonInterp: /usr/bin/python3 (found suitable version "3.10.6", minimum required is "3.6") 
[2.384s] -- Found PythonLibs: /usr/lib/x86_64-linux-gnu/libpython3.10.so (found suitable version "3.10.6", minimum required is "3.5") 
[2.384s] -- Using PYTHON_EXECUTABLE: /usr/bin/python3
[2.385s] -- Using PYTHON_INCLUDE_DIRS: /usr/include/python3.10
[2.385s] -- Using PYTHON_LIBRARIES: /usr/lib/x86_64-linux-gnu/libpython3.10.so
[2.456s] -- Found PythonExtra: .so  
[2.498s] [0mCMake Error: File /home/ram-user/Documents/ASDfR/ros2_ws_a1/src/package1/test/test_executables_demo.py.in does not exist.[0m
[2.498s] [31mCMake Error at CMakeLists.txt:71 (configure_file):
[2.498s]   configure_file Problem configuring file
[2.498s] Call Stack (most recent call first):
[2.498s]   /home/ram-user/Documents/ASDfR/ros2_ws_a1/build/package1/call_for_each_rmw_implementation.cmake:1 (testing_targets)
[2.498s]   /opt/ros/humble/share/rmw_implementation_cmake/cmake/call_for_each_rmw_implementation.cmake:64 (include)
[2.498s]   CMakeLists.txt:92 (call_for_each_rmw_implementation)
[2.499s] 
[2.499s] [0m
[2.519s] -- Added test 'copyright' to check source files copyright and LICENSE
[2.522s] -- Added test 'cppcheck' to perform static code analysis on C / C++ code
[2.526s] -- Configured cppcheck include dirs: $<BUILD_INTERFACE:/home/ram-user/Documents/ASDfR/ros2_ws_a1/src/package1/include>
[2.527s] -- Configured cppcheck exclude dirs and/or files: 
[2.527s] -- Added test 'cpplint' to check C / C++ code against the Google style
[2.527s] -- Configured cpplint exclude dirs and/or files: 
[2.529s] -- Added test 'flake8' to check Python code syntax and style conventions
[2.531s] -- Added test 'lint_cmake' to check CMake code style
[2.533s] -- Added test 'pep257' to check Python code against some of the docstring style conventions in PEP 257
[2.535s] -- Added test 'uncrustify' to check C / C++ code style
[2.536s] -- Configured uncrustify additional arguments: 
[2.538s] -- Added test 'xmllint' to check XML markup files
[2.559s] -- Configuring incomplete, errors occurred!
[2.561s] See also "/home/ram-user/Documents/ASDfR/ros2_ws_a1/build/package1/CMakeFiles/CMakeOutput.log".
[2.586s] gmake: *** [Makefile:267: cmake_check_build_system] Error 1
[2.588s] Invoked command in '/home/ram-user/Documents/ASDfR/ros2_ws_a1/build/package1' returned '2': CMAKE_PREFIX_PATH=${CMAKE_PREFIX_PATH}:/opt/ros/humble /usr/bin/cmake --build /home/ram-user/Documents/ASDfR/ros2_ws_a1/build/package1 -- -j2 -l2
