[0.021s] Invoking command in '/home/ram-user/Documents/ASDfR/ros2_ws_a1/build/package1': CMAKE_PREFIX_PATH=${CMAKE_PREFIX_PATH}:/opt/ros/humble /usr/bin/cmake /home/ram-user/Documents/ASDfR/ros2_ws_a1/src/package1 -DCMAKE_INSTALL_PREFIX=/home/ram-user/Documents/ASDfR/ros2_ws_a1/install/package1
[0.142s] -- The C compiler identification is GNU 11.3.0
[0.231s] -- The CXX compiler identification is GNU 11.3.0
[0.241s] -- Detecting C compiler ABI info
[0.332s] -- Detecting C compiler ABI info - done
[0.346s] -- Check for working C compiler: /usr/bin/cc - skipped
[0.347s] -- Detecting C compile features
[0.348s] -- Detecting C compile features - done
[0.353s] -- Detecting CXX compiler ABI info
[0.468s] -- Detecting CXX compiler ABI info - done
[0.481s] -- Check for working CXX compiler: /usr/bin/c++ - skipped
[0.481s] -- Detecting CXX compile features
[0.482s] -- Detecting CXX compile features - done
[0.485s] -- Found ament_cmake: 1.3.3 (/opt/ros/humble/share/ament_cmake/cmake)
[0.723s] -- Found Python3: /usr/bin/python3.10 (found version "3.10.6") found components: Interpreter 
[0.844s] -- Found ament_lint_auto: 0.12.5 (/opt/ros/humble/share/ament_lint_auto/cmake)
[0.968s] -- Added test 'cppcheck' to perform static code analysis on C / C++ code
[0.968s] -- Configured cppcheck include dirs: $<BUILD_INTERFACE:/home/ram-user/Documents/ASDfR/ros2_ws_a1/src/package1/include>
[0.968s] -- Configured cppcheck exclude dirs and/or files: 
[0.969s] -- Added test 'lint_cmake' to check CMake code style
[0.971s] -- Added test 'uncrustify' to check C / C++ code style
[0.971s] -- Configured uncrustify additional arguments: 
[0.972s] -- Added test 'xmllint' to check XML markup files
[0.974s] -- Configuring done
[0.979s] -- Generating done
[0.981s] -- Build files have been written to: /home/ram-user/Documents/ASDfR/ros2_ws_a1/build/package1
[0.988s] Invoked command in '/home/ram-user/Documents/ASDfR/ros2_ws_a1/build/package1' returned '0': CMAKE_PREFIX_PATH=${CMAKE_PREFIX_PATH}:/opt/ros/humble /usr/bin/cmake /home/ram-user/Documents/ASDfR/ros2_ws_a1/src/package1 -DCMAKE_INSTALL_PREFIX=/home/ram-user/Documents/ASDfR/ros2_ws_a1/install/package1
[0.988s] Invoking command in '/home/ram-user/Documents/ASDfR/ros2_ws_a1/build/package1': CMAKE_PREFIX_PATH=${CMAKE_PREFIX_PATH}:/opt/ros/humble /usr/bin/cmake --build /home/ram-user/Documents/ASDfR/ros2_ws_a1/build/package1 -- -j2 -l2
[1.050s] [ 50%] [32mBuilding CXX object CMakeFiles/start_node.dir/src/start_node.cpp.o[0m
[1.089s] [100%] [32m[1mLinking CXX executable start_node[0m
[1.182s] [100%] Built target start_node
[1.199s] Invoked command in '/home/ram-user/Documents/ASDfR/ros2_ws_a1/build/package1' returned '0': CMAKE_PREFIX_PATH=${CMAKE_PREFIX_PATH}:/opt/ros/humble /usr/bin/cmake --build /home/ram-user/Documents/ASDfR/ros2_ws_a1/build/package1 -- -j2 -l2
[1.266s] Invoking command in '/home/ram-user/Documents/ASDfR/ros2_ws_a1/build/package1': CMAKE_PREFIX_PATH=${CMAKE_PREFIX_PATH}:/opt/ros/humble /usr/bin/cmake --install /home/ram-user/Documents/ASDfR/ros2_ws_a1/build/package1
[1.279s] -- Install configuration: ""
[1.279s] -- Installing: /home/ram-user/Documents/ASDfR/ros2_ws_a1/install/package1/lib/package1/start_node
[1.279s] -- Installing: /home/ram-user/Documents/ASDfR/ros2_ws_a1/install/package1/share/ament_index/resource_index/package_run_dependencies/package1
[1.280s] -- Installing: /home/ram-user/Documents/ASDfR/ros2_ws_a1/install/package1/share/ament_index/resource_index/parent_prefix_path/package1
[1.280s] -- Installing: /home/ram-user/Documents/ASDfR/ros2_ws_a1/install/package1/share/package1/environment/ament_prefix_path.sh
[1.280s] -- Installing: /home/ram-user/Documents/ASDfR/ros2_ws_a1/install/package1/share/package1/environment/ament_prefix_path.dsv
[1.280s] -- Installing: /home/ram-user/Documents/ASDfR/ros2_ws_a1/install/package1/share/package1/environment/path.sh
[1.281s] -- Installing: /home/ram-user/Documents/ASDfR/ros2_ws_a1/install/package1/share/package1/environment/path.dsv
[1.281s] -- Installing: /home/ram-user/Documents/ASDfR/ros2_ws_a1/install/package1/share/package1/local_setup.bash
[1.283s] -- Installing: /home/ram-user/Documents/ASDfR/ros2_ws_a1/install/package1/share/package1/local_setup.sh
[1.283s] -- Installing: /home/ram-user/Documents/ASDfR/ros2_ws_a1/install/package1/share/package1/local_setup.zsh
[1.283s] -- Installing: /home/ram-user/Documents/ASDfR/ros2_ws_a1/install/package1/share/package1/local_setup.dsv
[1.284s] -- Installing: /home/ram-user/Documents/ASDfR/ros2_ws_a1/install/package1/share/package1/package.dsv
[1.284s] -- Installing: /home/ram-user/Documents/ASDfR/ros2_ws_a1/install/package1/share/ament_index/resource_index/packages/package1
[1.284s] -- Installing: /home/ram-user/Documents/ASDfR/ros2_ws_a1/install/package1/share/package1/cmake/package1Config.cmake
[1.285s] -- Installing: /home/ram-user/Documents/ASDfR/ros2_ws_a1/install/package1/share/package1/cmake/package1Config-version.cmake
[1.285s] -- Installing: /home/ram-user/Documents/ASDfR/ros2_ws_a1/install/package1/share/package1/package.xml
[1.286s] Invoked command in '/home/ram-user/Documents/ASDfR/ros2_ws_a1/build/package1' returned '0': CMAKE_PREFIX_PATH=${CMAKE_PREFIX_PATH}:/opt/ros/humble /usr/bin/cmake --install /home/ram-user/Documents/ASDfR/ros2_ws_a1/build/package1
